ERROR - 2024-05-02 08:41:23 --> IMAP connection failed: InvalidArgumentException: Argument 1 passed to PhpImap\Imap::search must be a valid resource! in C:\xampp\htdocs\helpdeskz-ipa\helpdeskz-ipa\hdz\vendor\php-imap\php-imap\src\PhpImap\Imap.php:1077
Stack trace:
#0 C:\xampp\htdocs\helpdeskz-ipa\helpdeskz-ipa\hdz\vendor\php-imap\php-imap\src\PhpImap\Imap.php(1094): PhpImap\Imap::EnsureResource(Object(IMAP\Connection), 'PhpImap\\Imap::s...', 1)
#1 C:\xampp\htdocs\helpdeskz-ipa\helpdeskz-ipa\hdz\vendor\php-imap\php-imap\src\PhpImap\Imap.php(821): PhpImap\Imap::EnsureConnection(Object(IMAP\Connection), 'PhpImap\\Imap::s...', 1)
#2 C:\xampp\htdocs\helpdeskz-ipa\helpdeskz-ipa\hdz\vendor\php-imap\php-imap\src\PhpImap\Mailbox.php(621): PhpImap\Imap::search(Object(IMAP\Connection), 'ALL', 1, 'UTF-8')
#3 C:\xampp\htdocs\helpdeskz-ipa\helpdeskz-ipa\hdz\app\Libraries\MailFetcher.php(38): PhpImap\Mailbox->searchMailbox('ALL')
#4 C:\xampp\htdocs\helpdeskz-ipa\helpdeskz-ipa\hdz\app\Controllers\MailFetcher.php(16): App\Libraries\MailFetcher->parse_imap()
#5 C:\xampp\htdocs\helpdeskz-ipa\helpdeskz-ipa\hdz\framework\CodeIgniter.php(936): App\Controllers\MailFetcher->imap()
#6 C:\xampp\htdocs\helpdeskz-ipa\helpdeskz-ipa\hdz\framework\CodeIgniter.php(432): CodeIgniter\CodeIgniter->runController(Object(App\Controllers\MailFetcher))
#7 C:\xampp\htdocs\helpdeskz-ipa\helpdeskz-ipa\hdz\framework\CodeIgniter.php(333): CodeIgniter\CodeIgniter->handleRequest(NULL, Object(Config\Cache), false)
#8 C:\xampp\htdocs\helpdeskz-ipa\helpdeskz-ipa\index.php(44): CodeIgniter\CodeIgniter->run()
#9 {main}

Next PhpImap\Exceptions\ConnectionException: Argument 1 passed to PhpImap\Imap::search must be valid resource! in C:\xampp\htdocs\helpdeskz-ipa\helpdeskz-ipa\hdz\vendor\php-imap\php-imap\src\PhpImap\Imap.php:1096
Stack trace:
#0 C:\xampp\htdocs\helpdeskz-ipa\helpdeskz-ipa\hdz\vendor\php-imap\php-imap\src\PhpImap\Imap.php(821): PhpImap\Imap::EnsureConnection(Object(IMAP\Connection), 'PhpImap\\Imap::s...', 1)
#1 C:\xampp\htdocs\helpdeskz-ipa\helpdeskz-ipa\hdz\vendor\php-imap\php-imap\src\PhpImap\Mailbox.php(621): PhpImap\Imap::search(Object(IMAP\Connection), 'ALL', 1, 'UTF-8')
#2 C:\xampp\htdocs\helpdeskz-ipa\helpdeskz-ipa\hdz\app\Libraries\MailFetcher.php(38): PhpImap\Mailbox->searchMailbox('ALL')
#3 C:\xampp\htdocs\helpdeskz-ipa\helpdeskz-ipa\hdz\app\Controllers\MailFetcher.php(16): App\Libraries\MailFetcher->parse_imap()
#4 C:\xampp\htdocs\helpdeskz-ipa\helpdeskz-ipa\hdz\framework\CodeIgniter.php(936): App\Controllers\MailFetcher->imap()
#5 C:\xampp\htdocs\helpdeskz-ipa\helpdeskz-ipa\hdz\framework\CodeIgniter.php(432): CodeIgniter\CodeIgniter->runController(Object(App\Controllers\MailFetcher))
#6 C:\xampp\htdocs\helpdeskz-ipa\helpdeskz-ipa\hdz\framework\CodeIgniter.php(333): CodeIgniter\CodeIgniter->handleRequest(NULL, Object(Config\Cache), false)
#7 C:\xampp\htdocs\helpdeskz-ipa\helpdeskz-ipa\index.php(44): CodeIgniter\CodeIgniter->run()
#8 {main}
ERROR - 2024-05-02 08:41:49 --> IMAP connection failed: InvalidArgumentException: Argument 1 passed to PhpImap\Imap::search must be a valid resource! in C:\xampp\htdocs\helpdeskz-ipa\helpdeskz-ipa\hdz\vendor\php-imap\php-imap\src\PhpImap\Imap.php:1077
Stack trace:
#0 C:\xampp\htdocs\helpdeskz-ipa\helpdeskz-ipa\hdz\vendor\php-imap\php-imap\src\PhpImap\Imap.php(1094): PhpImap\Imap::EnsureResource(Object(IMAP\Connection), 'PhpImap\\Imap::s...', 1)
#1 C:\xampp\htdocs\helpdeskz-ipa\helpdeskz-ipa\hdz\vendor\php-imap\php-imap\src\PhpImap\Imap.php(821): PhpImap\Imap::EnsureConnection(Object(IMAP\Connection), 'PhpImap\\Imap::s...', 1)
#2 C:\xampp\htdocs\helpdeskz-ipa\helpdeskz-ipa\hdz\vendor\php-imap\php-imap\src\PhpImap\Mailbox.php(621): PhpImap\Imap::search(Object(IMAP\Connection), 'ALL', 1, 'UTF-8')
#3 C:\xampp\htdocs\helpdeskz-ipa\helpdeskz-ipa\hdz\app\Libraries\MailFetcher.php(38): PhpImap\Mailbox->searchMailbox('ALL')
#4 C:\xampp\htdocs\helpdeskz-ipa\helpdeskz-ipa\hdz\app\Controllers\MailFetcher.php(16): App\Libraries\MailFetcher->parse_imap()
#5 C:\xampp\htdocs\helpdeskz-ipa\helpdeskz-ipa\hdz\framework\CodeIgniter.php(936): App\Controllers\MailFetcher->imap()
#6 C:\xampp\htdocs\helpdeskz-ipa\helpdeskz-ipa\hdz\framework\CodeIgniter.php(432): CodeIgniter\CodeIgniter->runController(Object(App\Controllers\MailFetcher))
#7 C:\xampp\htdocs\helpdeskz-ipa\helpdeskz-ipa\hdz\framework\CodeIgniter.php(333): CodeIgniter\CodeIgniter->handleRequest(NULL, Object(Config\Cache), false)
#8 C:\xampp\htdocs\helpdeskz-ipa\helpdeskz-ipa\index.php(44): CodeIgniter\CodeIgniter->run()
#9 {main}

Next PhpImap\Exceptions\ConnectionException: Argument 1 passed to PhpImap\Imap::search must be valid resource! in C:\xampp\htdocs\helpdeskz-ipa\helpdeskz-ipa\hdz\vendor\php-imap\php-imap\src\PhpImap\Imap.php:1096
Stack trace:
#0 C:\xampp\htdocs\helpdeskz-ipa\helpdeskz-ipa\hdz\vendor\php-imap\php-imap\src\PhpImap\Imap.php(821): PhpImap\Imap::EnsureConnection(Object(IMAP\Connection), 'PhpImap\\Imap::s...', 1)
#1 C:\xampp\htdocs\helpdeskz-ipa\helpdeskz-ipa\hdz\vendor\php-imap\php-imap\src\PhpImap\Mailbox.php(621): PhpImap\Imap::search(Object(IMAP\Connection), 'ALL', 1, 'UTF-8')
#2 C:\xampp\htdocs\helpdeskz-ipa\helpdeskz-ipa\hdz\app\Libraries\MailFetcher.php(38): PhpImap\Mailbox->searchMailbox('ALL')
#3 C:\xampp\htdocs\helpdeskz-ipa\helpdeskz-ipa\hdz\app\Controllers\MailFetcher.php(16): App\Libraries\MailFetcher->parse_imap()
#4 C:\xampp\htdocs\helpdeskz-ipa\helpdeskz-ipa\hdz\framework\CodeIgniter.php(936): App\Controllers\MailFetcher->imap()
#5 C:\xampp\htdocs\helpdeskz-ipa\helpdeskz-ipa\hdz\framework\CodeIgniter.php(432): CodeIgniter\CodeIgniter->runController(Object(App\Controllers\MailFetcher))
#6 C:\xampp\htdocs\helpdeskz-ipa\helpdeskz-ipa\hdz\framework\CodeIgniter.php(333): CodeIgniter\CodeIgniter->handleRequest(NULL, Object(Config\Cache), false)
#7 C:\xampp\htdocs\helpdeskz-ipa\helpdeskz-ipa\index.php(44): CodeIgniter\CodeIgniter->run()
#8 {main}
ERROR - 2024-05-02 08:42:49 --> IMAP connection failed: InvalidArgumentException: Argument 1 passed to PhpImap\Imap::search must be a valid resource! in C:\xampp\htdocs\helpdeskz-ipa\helpdeskz-ipa\hdz\vendor\php-imap\php-imap\src\PhpImap\Imap.php:1077
Stack trace:
#0 C:\xampp\htdocs\helpdeskz-ipa\helpdeskz-ipa\hdz\vendor\php-imap\php-imap\src\PhpImap\Imap.php(1094): PhpImap\Imap::EnsureResource(Object(IMAP\Connection), 'PhpImap\\Imap::s...', 1)
#1 C:\xampp\htdocs\helpdeskz-ipa\helpdeskz-ipa\hdz\vendor\php-imap\php-imap\src\PhpImap\Imap.php(821): PhpImap\Imap::EnsureConnection(Object(IMAP\Connection), 'PhpImap\\Imap::s...', 1)
#2 C:\xampp\htdocs\helpdeskz-ipa\helpdeskz-ipa\hdz\vendor\php-imap\php-imap\src\PhpImap\Mailbox.php(621): PhpImap\Imap::search(Object(IMAP\Connection), 'ALL', 1, 'UTF-8')
#3 C:\xampp\htdocs\helpdeskz-ipa\helpdeskz-ipa\hdz\app\Libraries\MailFetcher.php(38): PhpImap\Mailbox->searchMailbox('ALL')
#4 C:\xampp\htdocs\helpdeskz-ipa\helpdeskz-ipa\hdz\app\Controllers\MailFetcher.php(16): App\Libraries\MailFetcher->parse_imap()
#5 C:\xampp\htdocs\helpdeskz-ipa\helpdeskz-ipa\hdz\framework\CodeIgniter.php(936): App\Controllers\MailFetcher->imap()
#6 C:\xampp\htdocs\helpdeskz-ipa\helpdeskz-ipa\hdz\framework\CodeIgniter.php(432): CodeIgniter\CodeIgniter->runController(Object(App\Controllers\MailFetcher))
#7 C:\xampp\htdocs\helpdeskz-ipa\helpdeskz-ipa\hdz\framework\CodeIgniter.php(333): CodeIgniter\CodeIgniter->handleRequest(NULL, Object(Config\Cache), false)
#8 C:\xampp\htdocs\helpdeskz-ipa\helpdeskz-ipa\index.php(44): CodeIgniter\CodeIgniter->run()
#9 {main}

Next PhpImap\Exceptions\ConnectionException: Argument 1 passed to PhpImap\Imap::search must be valid resource! in C:\xampp\htdocs\helpdeskz-ipa\helpdeskz-ipa\hdz\vendor\php-imap\php-imap\src\PhpImap\Imap.php:1096
Stack trace:
#0 C:\xampp\htdocs\helpdeskz-ipa\helpdeskz-ipa\hdz\vendor\php-imap\php-imap\src\PhpImap\Imap.php(821): PhpImap\Imap::EnsureConnection(Object(IMAP\Connection), 'PhpImap\\Imap::s...', 1)
#1 C:\xampp\htdocs\helpdeskz-ipa\helpdeskz-ipa\hdz\vendor\php-imap\php-imap\src\PhpImap\Mailbox.php(621): PhpImap\Imap::search(Object(IMAP\Connection), 'ALL', 1, 'UTF-8')
#2 C:\xampp\htdocs\helpdeskz-ipa\helpdeskz-ipa\hdz\app\Libraries\MailFetcher.php(38): PhpImap\Mailbox->searchMailbox('ALL')
#3 C:\xampp\htdocs\helpdeskz-ipa\helpdeskz-ipa\hdz\app\Controllers\MailFetcher.php(16): App\Libraries\MailFetcher->parse_imap()
#4 C:\xampp\htdocs\helpdeskz-ipa\helpdeskz-ipa\hdz\framework\CodeIgniter.php(936): App\Controllers\MailFetcher->imap()
#5 C:\xampp\htdocs\helpdeskz-ipa\helpdeskz-ipa\hdz\framework\CodeIgniter.php(432): CodeIgniter\CodeIgniter->runController(Object(App\Controllers\MailFetcher))
#6 C:\xampp\htdocs\helpdeskz-ipa\helpdeskz-ipa\hdz\framework\CodeIgniter.php(333): CodeIgniter\CodeIgniter->handleRequest(NULL, Object(Config\Cache), false)
#7 C:\xampp\htdocs\helpdeskz-ipa\helpdeskz-ipa\index.php(44): CodeIgniter\CodeIgniter->run()
#8 {main}
ERROR - 2024-05-02 08:43:49 --> IMAP connection failed: InvalidArgumentException: Argument 1 passed to PhpImap\Imap::search must be a valid resource! in C:\xampp\htdocs\helpdeskz-ipa\helpdeskz-ipa\hdz\vendor\php-imap\php-imap\src\PhpImap\Imap.php:1077
Stack trace:
#0 C:\xampp\htdocs\helpdeskz-ipa\helpdeskz-ipa\hdz\vendor\php-imap\php-imap\src\PhpImap\Imap.php(1094): PhpImap\Imap::EnsureResource(Object(IMAP\Connection), 'PhpImap\\Imap::s...', 1)
#1 C:\xampp\htdocs\helpdeskz-ipa\helpdeskz-ipa\hdz\vendor\php-imap\php-imap\src\PhpImap\Imap.php(821): PhpImap\Imap::EnsureConnection(Object(IMAP\Connection), 'PhpImap\\Imap::s...', 1)
#2 C:\xampp\htdocs\helpdeskz-ipa\helpdeskz-ipa\hdz\vendor\php-imap\php-imap\src\PhpImap\Mailbox.php(621): PhpImap\Imap::search(Object(IMAP\Connection), 'ALL', 1, 'UTF-8')
#3 C:\xampp\htdocs\helpdeskz-ipa\helpdeskz-ipa\hdz\app\Libraries\MailFetcher.php(38): PhpImap\Mailbox->searchMailbox('ALL')
#4 C:\xampp\htdocs\helpdeskz-ipa\helpdeskz-ipa\hdz\app\Controllers\MailFetcher.php(16): App\Libraries\MailFetcher->parse_imap()
#5 C:\xampp\htdocs\helpdeskz-ipa\helpdeskz-ipa\hdz\framework\CodeIgniter.php(936): App\Controllers\MailFetcher->imap()
#6 C:\xampp\htdocs\helpdeskz-ipa\helpdeskz-ipa\hdz\framework\CodeIgniter.php(432): CodeIgniter\CodeIgniter->runController(Object(App\Controllers\MailFetcher))
#7 C:\xampp\htdocs\helpdeskz-ipa\helpdeskz-ipa\hdz\framework\CodeIgniter.php(333): CodeIgniter\CodeIgniter->handleRequest(NULL, Object(Config\Cache), false)
#8 C:\xampp\htdocs\helpdeskz-ipa\helpdeskz-ipa\index.php(44): CodeIgniter\CodeIgniter->run()
#9 {main}

Next PhpImap\Exceptions\ConnectionException: Argument 1 passed to PhpImap\Imap::search must be valid resource! in C:\xampp\htdocs\helpdeskz-ipa\helpdeskz-ipa\hdz\vendor\php-imap\php-imap\src\PhpImap\Imap.php:1096
Stack trace:
#0 C:\xampp\htdocs\helpdeskz-ipa\helpdeskz-ipa\hdz\vendor\php-imap\php-imap\src\PhpImap\Imap.php(821): PhpImap\Imap::EnsureConnection(Object(IMAP\Connection), 'PhpImap\\Imap::s...', 1)
#1 C:\xampp\htdocs\helpdeskz-ipa\helpdeskz-ipa\hdz\vendor\php-imap\php-imap\src\PhpImap\Mailbox.php(621): PhpImap\Imap::search(Object(IMAP\Connection), 'ALL', 1, 'UTF-8')
#2 C:\xampp\htdocs\helpdeskz-ipa\helpdeskz-ipa\hdz\app\Libraries\MailFetcher.php(38): PhpImap\Mailbox->searchMailbox('ALL')
#3 C:\xampp\htdocs\helpdeskz-ipa\helpdeskz-ipa\hdz\app\Controllers\MailFetcher.php(16): App\Libraries\MailFetcher->parse_imap()
#4 C:\xampp\htdocs\helpdeskz-ipa\helpdeskz-ipa\hdz\framework\CodeIgniter.php(936): App\Controllers\MailFetcher->imap()
#5 C:\xampp\htdocs\helpdeskz-ipa\helpdeskz-ipa\hdz\framework\CodeIgniter.php(432): CodeIgniter\CodeIgniter->runController(Object(App\Controllers\MailFetcher))
#6 C:\xampp\htdocs\helpdeskz-ipa\helpdeskz-ipa\hdz\framework\CodeIgniter.php(333): CodeIgniter\CodeIgniter->handleRequest(NULL, Object(Config\Cache), false)
#7 C:\xampp\htdocs\helpdeskz-ipa\helpdeskz-ipa\index.php(44): CodeIgniter\CodeIgniter->run()
#8 {main}
ERROR - 2024-05-02 08:44:49 --> IMAP connection failed: InvalidArgumentException: Argument 1 passed to PhpImap\Imap::search must be a valid resource! in C:\xampp\htdocs\helpdeskz-ipa\helpdeskz-ipa\hdz\vendor\php-imap\php-imap\src\PhpImap\Imap.php:1077
Stack trace:
#0 C:\xampp\htdocs\helpdeskz-ipa\helpdeskz-ipa\hdz\vendor\php-imap\php-imap\src\PhpImap\Imap.php(1094): PhpImap\Imap::EnsureResource(Object(IMAP\Connection), 'PhpImap\\Imap::s...', 1)
#1 C:\xampp\htdocs\helpdeskz-ipa\helpdeskz-ipa\hdz\vendor\php-imap\php-imap\src\PhpImap\Imap.php(821): PhpImap\Imap::EnsureConnection(Object(IMAP\Connection), 'PhpImap\\Imap::s...', 1)
#2 C:\xampp\htdocs\helpdeskz-ipa\helpdeskz-ipa\hdz\vendor\php-imap\php-imap\src\PhpImap\Mailbox.php(621): PhpImap\Imap::search(Object(IMAP\Connection), 'ALL', 1, 'UTF-8')
#3 C:\xampp\htdocs\helpdeskz-ipa\helpdeskz-ipa\hdz\app\Libraries\MailFetcher.php(38): PhpImap\Mailbox->searchMailbox('ALL')
#4 C:\xampp\htdocs\helpdeskz-ipa\helpdeskz-ipa\hdz\app\Controllers\MailFetcher.php(16): App\Libraries\MailFetcher->parse_imap()
#5 C:\xampp\htdocs\helpdeskz-ipa\helpdeskz-ipa\hdz\framework\CodeIgniter.php(936): App\Controllers\MailFetcher->imap()
#6 C:\xampp\htdocs\helpdeskz-ipa\helpdeskz-ipa\hdz\framework\CodeIgniter.php(432): CodeIgniter\CodeIgniter->runController(Object(App\Controllers\MailFetcher))
#7 C:\xampp\htdocs\helpdeskz-ipa\helpdeskz-ipa\hdz\framework\CodeIgniter.php(333): CodeIgniter\CodeIgniter->handleRequest(NULL, Object(Config\Cache), false)
#8 C:\xampp\htdocs\helpdeskz-ipa\helpdeskz-ipa\index.php(44): CodeIgniter\CodeIgniter->run()
#9 {main}

Next PhpImap\Exceptions\ConnectionException: Argument 1 passed to PhpImap\Imap::search must be valid resource! in C:\xampp\htdocs\helpdeskz-ipa\helpdeskz-ipa\hdz\vendor\php-imap\php-imap\src\PhpImap\Imap.php:1096
Stack trace:
#0 C:\xampp\htdocs\helpdeskz-ipa\helpdeskz-ipa\hdz\vendor\php-imap\php-imap\src\PhpImap\Imap.php(821): PhpImap\Imap::EnsureConnection(Object(IMAP\Connection), 'PhpImap\\Imap::s...', 1)
#1 C:\xampp\htdocs\helpdeskz-ipa\helpdeskz-ipa\hdz\vendor\php-imap\php-imap\src\PhpImap\Mailbox.php(621): PhpImap\Imap::search(Object(IMAP\Connection), 'ALL', 1, 'UTF-8')
#2 C:\xampp\htdocs\helpdeskz-ipa\helpdeskz-ipa\hdz\app\Libraries\MailFetcher.php(38): PhpImap\Mailbox->searchMailbox('ALL')
#3 C:\xampp\htdocs\helpdeskz-ipa\helpdeskz-ipa\hdz\app\Controllers\MailFetcher.php(16): App\Libraries\MailFetcher->parse_imap()
#4 C:\xampp\htdocs\helpdeskz-ipa\helpdeskz-ipa\hdz\framework\CodeIgniter.php(936): App\Controllers\MailFetcher->imap()
#5 C:\xampp\htdocs\helpdeskz-ipa\helpdeskz-ipa\hdz\framework\CodeIgniter.php(432): CodeIgniter\CodeIgniter->runController(Object(App\Controllers\MailFetcher))
#6 C:\xampp\htdocs\helpdeskz-ipa\helpdeskz-ipa\hdz\framework\CodeIgniter.php(333): CodeIgniter\CodeIgniter->handleRequest(NULL, Object(Config\Cache), false)
#7 C:\xampp\htdocs\helpdeskz-ipa\helpdeskz-ipa\index.php(44): CodeIgniter\CodeIgniter->run()
#8 {main}
ERROR - 2024-05-02 08:45:49 --> IMAP connection failed: InvalidArgumentException: Argument 1 passed to PhpImap\Imap::search must be a valid resource! in C:\xampp\htdocs\helpdeskz-ipa\helpdeskz-ipa\hdz\vendor\php-imap\php-imap\src\PhpImap\Imap.php:1077
Stack trace:
#0 C:\xampp\htdocs\helpdeskz-ipa\helpdeskz-ipa\hdz\vendor\php-imap\php-imap\src\PhpImap\Imap.php(1094): PhpImap\Imap::EnsureResource(Object(IMAP\Connection), 'PhpImap\\Imap::s...', 1)
#1 C:\xampp\htdocs\helpdeskz-ipa\helpdeskz-ipa\hdz\vendor\php-imap\php-imap\src\PhpImap\Imap.php(821): PhpImap\Imap::EnsureConnection(Object(IMAP\Connection), 'PhpImap\\Imap::s...', 1)
#2 C:\xampp\htdocs\helpdeskz-ipa\helpdeskz-ipa\hdz\vendor\php-imap\php-imap\src\PhpImap\Mailbox.php(621): PhpImap\Imap::search(Object(IMAP\Connection), 'ALL', 1, 'UTF-8')
#3 C:\xampp\htdocs\helpdeskz-ipa\helpdeskz-ipa\hdz\app\Libraries\MailFetcher.php(38): PhpImap\Mailbox->searchMailbox('ALL')
#4 C:\xampp\htdocs\helpdeskz-ipa\helpdeskz-ipa\hdz\app\Controllers\MailFetcher.php(16): App\Libraries\MailFetcher->parse_imap()
#5 C:\xampp\htdocs\helpdeskz-ipa\helpdeskz-ipa\hdz\framework\CodeIgniter.php(936): App\Controllers\MailFetcher->imap()
#6 C:\xampp\htdocs\helpdeskz-ipa\helpdeskz-ipa\hdz\framework\CodeIgniter.php(432): CodeIgniter\CodeIgniter->runController(Object(App\Controllers\MailFetcher))
#7 C:\xampp\htdocs\helpdeskz-ipa\helpdeskz-ipa\hdz\framework\CodeIgniter.php(333): CodeIgniter\CodeIgniter->handleRequest(NULL, Object(Config\Cache), false)
#8 C:\xampp\htdocs\helpdeskz-ipa\helpdeskz-ipa\index.php(44): CodeIgniter\CodeIgniter->run()
#9 {main}

Next PhpImap\Exceptions\ConnectionException: Argument 1 passed to PhpImap\Imap::search must be valid resource! in C:\xampp\htdocs\helpdeskz-ipa\helpdeskz-ipa\hdz\vendor\php-imap\php-imap\src\PhpImap\Imap.php:1096
Stack trace:
#0 C:\xampp\htdocs\helpdeskz-ipa\helpdeskz-ipa\hdz\vendor\php-imap\php-imap\src\PhpImap\Imap.php(821): PhpImap\Imap::EnsureConnection(Object(IMAP\Connection), 'PhpImap\\Imap::s...', 1)
#1 C:\xampp\htdocs\helpdeskz-ipa\helpdeskz-ipa\hdz\vendor\php-imap\php-imap\src\PhpImap\Mailbox.php(621): PhpImap\Imap::search(Object(IMAP\Connection), 'ALL', 1, 'UTF-8')
#2 C:\xampp\htdocs\helpdeskz-ipa\helpdeskz-ipa\hdz\app\Libraries\MailFetcher.php(38): PhpImap\Mailbox->searchMailbox('ALL')
#3 C:\xampp\htdocs\helpdeskz-ipa\helpdeskz-ipa\hdz\app\Controllers\MailFetcher.php(16): App\Libraries\MailFetcher->parse_imap()
#4 C:\xampp\htdocs\helpdeskz-ipa\helpdeskz-ipa\hdz\framework\CodeIgniter.php(936): App\Controllers\MailFetcher->imap()
#5 C:\xampp\htdocs\helpdeskz-ipa\helpdeskz-ipa\hdz\framework\CodeIgniter.php(432): CodeIgniter\CodeIgniter->runController(Object(App\Controllers\MailFetcher))
#6 C:\xampp\htdocs\helpdeskz-ipa\helpdeskz-ipa\hdz\framework\CodeIgniter.php(333): CodeIgniter\CodeIgniter->handleRequest(NULL, Object(Config\Cache), false)
#7 C:\xampp\htdocs\helpdeskz-ipa\helpdeskz-ipa\index.php(44): CodeIgniter\CodeIgniter->run()
#8 {main}
ERROR - 2024-05-02 08:46:49 --> IMAP connection failed: InvalidArgumentException: Argument 1 passed to PhpImap\Imap::search must be a valid resource! in C:\xampp\htdocs\helpdeskz-ipa\helpdeskz-ipa\hdz\vendor\php-imap\php-imap\src\PhpImap\Imap.php:1077
Stack trace:
#0 C:\xampp\htdocs\helpdeskz-ipa\helpdeskz-ipa\hdz\vendor\php-imap\php-imap\src\PhpImap\Imap.php(1094): PhpImap\Imap::EnsureResource(Object(IMAP\Connection), 'PhpImap\\Imap::s...', 1)
#1 C:\xampp\htdocs\helpdeskz-ipa\helpdeskz-ipa\hdz\vendor\php-imap\php-imap\src\PhpImap\Imap.php(821): PhpImap\Imap::EnsureConnection(Object(IMAP\Connection), 'PhpImap\\Imap::s...', 1)
#2 C:\xampp\htdocs\helpdeskz-ipa\helpdeskz-ipa\hdz\vendor\php-imap\php-imap\src\PhpImap\Mailbox.php(621): PhpImap\Imap::search(Object(IMAP\Connection), 'ALL', 1, 'UTF-8')
#3 C:\xampp\htdocs\helpdeskz-ipa\helpdeskz-ipa\hdz\app\Libraries\MailFetcher.php(38): PhpImap\Mailbox->searchMailbox('ALL')
#4 C:\xampp\htdocs\helpdeskz-ipa\helpdeskz-ipa\hdz\app\Controllers\MailFetcher.php(16): App\Libraries\MailFetcher->parse_imap()
#5 C:\xampp\htdocs\helpdeskz-ipa\helpdeskz-ipa\hdz\framework\CodeIgniter.php(936): App\Controllers\MailFetcher->imap()
#6 C:\xampp\htdocs\helpdeskz-ipa\helpdeskz-ipa\hdz\framework\CodeIgniter.php(432): CodeIgniter\CodeIgniter->runController(Object(App\Controllers\MailFetcher))
#7 C:\xampp\htdocs\helpdeskz-ipa\helpdeskz-ipa\hdz\framework\CodeIgniter.php(333): CodeIgniter\CodeIgniter->handleRequest(NULL, Object(Config\Cache), false)
#8 C:\xampp\htdocs\helpdeskz-ipa\helpdeskz-ipa\index.php(44): CodeIgniter\CodeIgniter->run()
#9 {main}

Next PhpImap\Exceptions\ConnectionException: Argument 1 passed to PhpImap\Imap::search must be valid resource! in C:\xampp\htdocs\helpdeskz-ipa\helpdeskz-ipa\hdz\vendor\php-imap\php-imap\src\PhpImap\Imap.php:1096
Stack trace:
#0 C:\xampp\htdocs\helpdeskz-ipa\helpdeskz-ipa\hdz\vendor\php-imap\php-imap\src\PhpImap\Imap.php(821): PhpImap\Imap::EnsureConnection(Object(IMAP\Connection), 'PhpImap\\Imap::s...', 1)
#1 C:\xampp\htdocs\helpdeskz-ipa\helpdeskz-ipa\hdz\vendor\php-imap\php-imap\src\PhpImap\Mailbox.php(621): PhpImap\Imap::search(Object(IMAP\Connection), 'ALL', 1, 'UTF-8')
#2 C:\xampp\htdocs\helpdeskz-ipa\helpdeskz-ipa\hdz\app\Libraries\MailFetcher.php(38): PhpImap\Mailbox->searchMailbox('ALL')
#3 C:\xampp\htdocs\helpdeskz-ipa\helpdeskz-ipa\hdz\app\Controllers\MailFetcher.php(16): App\Libraries\MailFetcher->parse_imap()
#4 C:\xampp\htdocs\helpdeskz-ipa\helpdeskz-ipa\hdz\framework\CodeIgniter.php(936): App\Controllers\MailFetcher->imap()
#5 C:\xampp\htdocs\helpdeskz-ipa\helpdeskz-ipa\hdz\framework\CodeIgniter.php(432): CodeIgniter\CodeIgniter->runController(Object(App\Controllers\MailFetcher))
#6 C:\xampp\htdocs\helpdeskz-ipa\helpdeskz-ipa\hdz\framework\CodeIgniter.php(333): CodeIgniter\CodeIgniter->handleRequest(NULL, Object(Config\Cache), false)
#7 C:\xampp\htdocs\helpdeskz-ipa\helpdeskz-ipa\index.php(44): CodeIgniter\CodeIgniter->run()
#8 {main}
ERROR - 2024-05-02 08:47:49 --> IMAP connection failed: InvalidArgumentException: Argument 1 passed to PhpImap\Imap::search must be a valid resource! in C:\xampp\htdocs\helpdeskz-ipa\helpdeskz-ipa\hdz\vendor\php-imap\php-imap\src\PhpImap\Imap.php:1077
Stack trace:
#0 C:\xampp\htdocs\helpdeskz-ipa\helpdeskz-ipa\hdz\vendor\php-imap\php-imap\src\PhpImap\Imap.php(1094): PhpImap\Imap::EnsureResource(Object(IMAP\Connection), 'PhpImap\\Imap::s...', 1)
#1 C:\xampp\htdocs\helpdeskz-ipa\helpdeskz-ipa\hdz\vendor\php-imap\php-imap\src\PhpImap\Imap.php(821): PhpImap\Imap::EnsureConnection(Object(IMAP\Connection), 'PhpImap\\Imap::s...', 1)
#2 C:\xampp\htdocs\helpdeskz-ipa\helpdeskz-ipa\hdz\vendor\php-imap\php-imap\src\PhpImap\Mailbox.php(621): PhpImap\Imap::search(Object(IMAP\Connection), 'ALL', 1, 'UTF-8')
#3 C:\xampp\htdocs\helpdeskz-ipa\helpdeskz-ipa\hdz\app\Libraries\MailFetcher.php(38): PhpImap\Mailbox->searchMailbox('ALL')
#4 C:\xampp\htdocs\helpdeskz-ipa\helpdeskz-ipa\hdz\app\Controllers\MailFetcher.php(16): App\Libraries\MailFetcher->parse_imap()
#5 C:\xampp\htdocs\helpdeskz-ipa\helpdeskz-ipa\hdz\framework\CodeIgniter.php(936): App\Controllers\MailFetcher->imap()
#6 C:\xampp\htdocs\helpdeskz-ipa\helpdeskz-ipa\hdz\framework\CodeIgniter.php(432): CodeIgniter\CodeIgniter->runController(Object(App\Controllers\MailFetcher))
#7 C:\xampp\htdocs\helpdeskz-ipa\helpdeskz-ipa\hdz\framework\CodeIgniter.php(333): CodeIgniter\CodeIgniter->handleRequest(NULL, Object(Config\Cache), false)
#8 C:\xampp\htdocs\helpdeskz-ipa\helpdeskz-ipa\index.php(44): CodeIgniter\CodeIgniter->run()
#9 {main}

Next PhpImap\Exceptions\ConnectionException: Argument 1 passed to PhpImap\Imap::search must be valid resource! in C:\xampp\htdocs\helpdeskz-ipa\helpdeskz-ipa\hdz\vendor\php-imap\php-imap\src\PhpImap\Imap.php:1096
Stack trace:
#0 C:\xampp\htdocs\helpdeskz-ipa\helpdeskz-ipa\hdz\vendor\php-imap\php-imap\src\PhpImap\Imap.php(821): PhpImap\Imap::EnsureConnection(Object(IMAP\Connection), 'PhpImap\\Imap::s...', 1)
#1 C:\xampp\htdocs\helpdeskz-ipa\helpdeskz-ipa\hdz\vendor\php-imap\php-imap\src\PhpImap\Mailbox.php(621): PhpImap\Imap::search(Object(IMAP\Connection), 'ALL', 1, 'UTF-8')
#2 C:\xampp\htdocs\helpdeskz-ipa\helpdeskz-ipa\hdz\app\Libraries\MailFetcher.php(38): PhpImap\Mailbox->searchMailbox('ALL')
#3 C:\xampp\htdocs\helpdeskz-ipa\helpdeskz-ipa\hdz\app\Controllers\MailFetcher.php(16): App\Libraries\MailFetcher->parse_imap()
#4 C:\xampp\htdocs\helpdeskz-ipa\helpdeskz-ipa\hdz\framework\CodeIgniter.php(936): App\Controllers\MailFetcher->imap()
#5 C:\xampp\htdocs\helpdeskz-ipa\helpdeskz-ipa\hdz\framework\CodeIgniter.php(432): CodeIgniter\CodeIgniter->runController(Object(App\Controllers\MailFetcher))
#6 C:\xampp\htdocs\helpdeskz-ipa\helpdeskz-ipa\hdz\framework\CodeIgniter.php(333): CodeIgniter\CodeIgniter->handleRequest(NULL, Object(Config\Cache), false)
#7 C:\xampp\htdocs\helpdeskz-ipa\helpdeskz-ipa\index.php(44): CodeIgniter\CodeIgniter->run()
#8 {main}
ERROR - 2024-05-02 08:48:49 --> IMAP connection failed: InvalidArgumentException: Argument 1 passed to PhpImap\Imap::search must be a valid resource! in C:\xampp\htdocs\helpdeskz-ipa\helpdeskz-ipa\hdz\vendor\php-imap\php-imap\src\PhpImap\Imap.php:1077
Stack trace:
#0 C:\xampp\htdocs\helpdeskz-ipa\helpdeskz-ipa\hdz\vendor\php-imap\php-imap\src\PhpImap\Imap.php(1094): PhpImap\Imap::EnsureResource(Object(IMAP\Connection), 'PhpImap\\Imap::s...', 1)
#1 C:\xampp\htdocs\helpdeskz-ipa\helpdeskz-ipa\hdz\vendor\php-imap\php-imap\src\PhpImap\Imap.php(821): PhpImap\Imap::EnsureConnection(Object(IMAP\Connection), 'PhpImap\\Imap::s...', 1)
#2 C:\xampp\htdocs\helpdeskz-ipa\helpdeskz-ipa\hdz\vendor\php-imap\php-imap\src\PhpImap\Mailbox.php(621): PhpImap\Imap::search(Object(IMAP\Connection), 'ALL', 1, 'UTF-8')
#3 C:\xampp\htdocs\helpdeskz-ipa\helpdeskz-ipa\hdz\app\Libraries\MailFetcher.php(38): PhpImap\Mailbox->searchMailbox('ALL')
#4 C:\xampp\htdocs\helpdeskz-ipa\helpdeskz-ipa\hdz\app\Controllers\MailFetcher.php(16): App\Libraries\MailFetcher->parse_imap()
#5 C:\xampp\htdocs\helpdeskz-ipa\helpdeskz-ipa\hdz\framework\CodeIgniter.php(936): App\Controllers\MailFetcher->imap()
#6 C:\xampp\htdocs\helpdeskz-ipa\helpdeskz-ipa\hdz\framework\CodeIgniter.php(432): CodeIgniter\CodeIgniter->runController(Object(App\Controllers\MailFetcher))
#7 C:\xampp\htdocs\helpdeskz-ipa\helpdeskz-ipa\hdz\framework\CodeIgniter.php(333): CodeIgniter\CodeIgniter->handleRequest(NULL, Object(Config\Cache), false)
#8 C:\xampp\htdocs\helpdeskz-ipa\helpdeskz-ipa\index.php(44): CodeIgniter\CodeIgniter->run()
#9 {main}

Next PhpImap\Exceptions\ConnectionException: Argument 1 passed to PhpImap\Imap::search must be valid resource! in C:\xampp\htdocs\helpdeskz-ipa\helpdeskz-ipa\hdz\vendor\php-imap\php-imap\src\PhpImap\Imap.php:1096
Stack trace:
#0 C:\xampp\htdocs\helpdeskz-ipa\helpdeskz-ipa\hdz\vendor\php-imap\php-imap\src\PhpImap\Imap.php(821): PhpImap\Imap::EnsureConnection(Object(IMAP\Connection), 'PhpImap\\Imap::s...', 1)
#1 C:\xampp\htdocs\helpdeskz-ipa\helpdeskz-ipa\hdz\vendor\php-imap\php-imap\src\PhpImap\Mailbox.php(621): PhpImap\Imap::search(Object(IMAP\Connection), 'ALL', 1, 'UTF-8')
#2 C:\xampp\htdocs\helpdeskz-ipa\helpdeskz-ipa\hdz\app\Libraries\MailFetcher.php(38): PhpImap\Mailbox->searchMailbox('ALL')
#3 C:\xampp\htdocs\helpdeskz-ipa\helpdeskz-ipa\hdz\app\Controllers\MailFetcher.php(16): App\Libraries\MailFetcher->parse_imap()
#4 C:\xampp\htdocs\helpdeskz-ipa\helpdeskz-ipa\hdz\framework\CodeIgniter.php(936): App\Controllers\MailFetcher->imap()
#5 C:\xampp\htdocs\helpdeskz-ipa\helpdeskz-ipa\hdz\framework\CodeIgniter.php(432): CodeIgniter\CodeIgniter->runController(Object(App\Controllers\MailFetcher))
#6 C:\xampp\htdocs\helpdeskz-ipa\helpdeskz-ipa\hdz\framework\CodeIgniter.php(333): CodeIgniter\CodeIgniter->handleRequest(NULL, Object(Config\Cache), false)
#7 C:\xampp\htdocs\helpdeskz-ipa\helpdeskz-ipa\index.php(44): CodeIgniter\CodeIgniter->run()
#8 {main}
ERROR - 2024-05-02 08:49:49 --> IMAP connection failed: InvalidArgumentException: Argument 1 passed to PhpImap\Imap::search must be a valid resource! in C:\xampp\htdocs\helpdeskz-ipa\helpdeskz-ipa\hdz\vendor\php-imap\php-imap\src\PhpImap\Imap.php:1077
Stack trace:
#0 C:\xampp\htdocs\helpdeskz-ipa\helpdeskz-ipa\hdz\vendor\php-imap\php-imap\src\PhpImap\Imap.php(1094): PhpImap\Imap::EnsureResource(Object(IMAP\Connection), 'PhpImap\\Imap::s...', 1)
#1 C:\xampp\htdocs\helpdeskz-ipa\helpdeskz-ipa\hdz\vendor\php-imap\php-imap\src\PhpImap\Imap.php(821): PhpImap\Imap::EnsureConnection(Object(IMAP\Connection), 'PhpImap\\Imap::s...', 1)
#2 C:\xampp\htdocs\helpdeskz-ipa\helpdeskz-ipa\hdz\vendor\php-imap\php-imap\src\PhpImap\Mailbox.php(621): PhpImap\Imap::search(Object(IMAP\Connection), 'ALL', 1, 'UTF-8')
#3 C:\xampp\htdocs\helpdeskz-ipa\helpdeskz-ipa\hdz\app\Libraries\MailFetcher.php(38): PhpImap\Mailbox->searchMailbox('ALL')
#4 C:\xampp\htdocs\helpdeskz-ipa\helpdeskz-ipa\hdz\app\Controllers\MailFetcher.php(16): App\Libraries\MailFetcher->parse_imap()
#5 C:\xampp\htdocs\helpdeskz-ipa\helpdeskz-ipa\hdz\framework\CodeIgniter.php(936): App\Controllers\MailFetcher->imap()
#6 C:\xampp\htdocs\helpdeskz-ipa\helpdeskz-ipa\hdz\framework\CodeIgniter.php(432): CodeIgniter\CodeIgniter->runController(Object(App\Controllers\MailFetcher))
#7 C:\xampp\htdocs\helpdeskz-ipa\helpdeskz-ipa\hdz\framework\CodeIgniter.php(333): CodeIgniter\CodeIgniter->handleRequest(NULL, Object(Config\Cache), false)
#8 C:\xampp\htdocs\helpdeskz-ipa\helpdeskz-ipa\index.php(44): CodeIgniter\CodeIgniter->run()
#9 {main}

Next PhpImap\Exceptions\ConnectionException: Argument 1 passed to PhpImap\Imap::search must be valid resource! in C:\xampp\htdocs\helpdeskz-ipa\helpdeskz-ipa\hdz\vendor\php-imap\php-imap\src\PhpImap\Imap.php:1096
Stack trace:
#0 C:\xampp\htdocs\helpdeskz-ipa\helpdeskz-ipa\hdz\vendor\php-imap\php-imap\src\PhpImap\Imap.php(821): PhpImap\Imap::EnsureConnection(Object(IMAP\Connection), 'PhpImap\\Imap::s...', 1)
#1 C:\xampp\htdocs\helpdeskz-ipa\helpdeskz-ipa\hdz\vendor\php-imap\php-imap\src\PhpImap\Mailbox.php(621): PhpImap\Imap::search(Object(IMAP\Connection), 'ALL', 1, 'UTF-8')
#2 C:\xampp\htdocs\helpdeskz-ipa\helpdeskz-ipa\hdz\app\Libraries\MailFetcher.php(38): PhpImap\Mailbox->searchMailbox('ALL')
#3 C:\xampp\htdocs\helpdeskz-ipa\helpdeskz-ipa\hdz\app\Controllers\MailFetcher.php(16): App\Libraries\MailFetcher->parse_imap()
#4 C:\xampp\htdocs\helpdeskz-ipa\helpdeskz-ipa\hdz\framework\CodeIgniter.php(936): App\Controllers\MailFetcher->imap()
#5 C:\xampp\htdocs\helpdeskz-ipa\helpdeskz-ipa\hdz\framework\CodeIgniter.php(432): CodeIgniter\CodeIgniter->runController(Object(App\Controllers\MailFetcher))
#6 C:\xampp\htdocs\helpdeskz-ipa\helpdeskz-ipa\hdz\framework\CodeIgniter.php(333): CodeIgniter\CodeIgniter->handleRequest(NULL, Object(Config\Cache), false)
#7 C:\xampp\htdocs\helpdeskz-ipa\helpdeskz-ipa\index.php(44): CodeIgniter\CodeIgniter->run()
#8 {main}
ERROR - 2024-05-02 08:50:49 --> IMAP connection failed: InvalidArgumentException: Argument 1 passed to PhpImap\Imap::search must be a valid resource! in C:\xampp\htdocs\helpdeskz-ipa\helpdeskz-ipa\hdz\vendor\php-imap\php-imap\src\PhpImap\Imap.php:1077
Stack trace:
#0 C:\xampp\htdocs\helpdeskz-ipa\helpdeskz-ipa\hdz\vendor\php-imap\php-imap\src\PhpImap\Imap.php(1094): PhpImap\Imap::EnsureResource(Object(IMAP\Connection), 'PhpImap\\Imap::s...', 1)
#1 C:\xampp\htdocs\helpdeskz-ipa\helpdeskz-ipa\hdz\vendor\php-imap\php-imap\src\PhpImap\Imap.php(821): PhpImap\Imap::EnsureConnection(Object(IMAP\Connection), 'PhpImap\\Imap::s...', 1)
#2 C:\xampp\htdocs\helpdeskz-ipa\helpdeskz-ipa\hdz\vendor\php-imap\php-imap\src\PhpImap\Mailbox.php(621): PhpImap\Imap::search(Object(IMAP\Connection), 'ALL', 1, 'UTF-8')
#3 C:\xampp\htdocs\helpdeskz-ipa\helpdeskz-ipa\hdz\app\Libraries\MailFetcher.php(38): PhpImap\Mailbox->searchMailbox('ALL')
#4 C:\xampp\htdocs\helpdeskz-ipa\helpdeskz-ipa\hdz\app\Controllers\MailFetcher.php(16): App\Libraries\MailFetcher->parse_imap()
#5 C:\xampp\htdocs\helpdeskz-ipa\helpdeskz-ipa\hdz\framework\CodeIgniter.php(936): App\Controllers\MailFetcher->imap()
#6 C:\xampp\htdocs\helpdeskz-ipa\helpdeskz-ipa\hdz\framework\CodeIgniter.php(432): CodeIgniter\CodeIgniter->runController(Object(App\Controllers\MailFetcher))
#7 C:\xampp\htdocs\helpdeskz-ipa\helpdeskz-ipa\hdz\framework\CodeIgniter.php(333): CodeIgniter\CodeIgniter->handleRequest(NULL, Object(Config\Cache), false)
#8 C:\xampp\htdocs\helpdeskz-ipa\helpdeskz-ipa\index.php(44): CodeIgniter\CodeIgniter->run()
#9 {main}

Next PhpImap\Exceptions\ConnectionException: Argument 1 passed to PhpImap\Imap::search must be valid resource! in C:\xampp\htdocs\helpdeskz-ipa\helpdeskz-ipa\hdz\vendor\php-imap\php-imap\src\PhpImap\Imap.php:1096
Stack trace:
#0 C:\xampp\htdocs\helpdeskz-ipa\helpdeskz-ipa\hdz\vendor\php-imap\php-imap\src\PhpImap\Imap.php(821): PhpImap\Imap::EnsureConnection(Object(IMAP\Connection), 'PhpImap\\Imap::s...', 1)
#1 C:\xampp\htdocs\helpdeskz-ipa\helpdeskz-ipa\hdz\vendor\php-imap\php-imap\src\PhpImap\Mailbox.php(621): PhpImap\Imap::search(Object(IMAP\Connection), 'ALL', 1, 'UTF-8')
#2 C:\xampp\htdocs\helpdeskz-ipa\helpdeskz-ipa\hdz\app\Libraries\MailFetcher.php(38): PhpImap\Mailbox->searchMailbox('ALL')
#3 C:\xampp\htdocs\helpdeskz-ipa\helpdeskz-ipa\hdz\app\Controllers\MailFetcher.php(16): App\Libraries\MailFetcher->parse_imap()
#4 C:\xampp\htdocs\helpdeskz-ipa\helpdeskz-ipa\hdz\framework\CodeIgniter.php(936): App\Controllers\MailFetcher->imap()
#5 C:\xampp\htdocs\helpdeskz-ipa\helpdeskz-ipa\hdz\framework\CodeIgniter.php(432): CodeIgniter\CodeIgniter->runController(Object(App\Controllers\MailFetcher))
#6 C:\xampp\htdocs\helpdeskz-ipa\helpdeskz-ipa\hdz\framework\CodeIgniter.php(333): CodeIgniter\CodeIgniter->handleRequest(NULL, Object(Config\Cache), false)
#7 C:\xampp\htdocs\helpdeskz-ipa\helpdeskz-ipa\index.php(44): CodeIgniter\CodeIgniter->run()
#8 {main}
ERROR - 2024-05-02 08:51:49 --> IMAP connection failed: InvalidArgumentException: Argument 1 passed to PhpImap\Imap::search must be a valid resource! in C:\xampp\htdocs\helpdeskz-ipa\helpdeskz-ipa\hdz\vendor\php-imap\php-imap\src\PhpImap\Imap.php:1077
Stack trace:
#0 C:\xampp\htdocs\helpdeskz-ipa\helpdeskz-ipa\hdz\vendor\php-imap\php-imap\src\PhpImap\Imap.php(1094): PhpImap\Imap::EnsureResource(Object(IMAP\Connection), 'PhpImap\\Imap::s...', 1)
#1 C:\xampp\htdocs\helpdeskz-ipa\helpdeskz-ipa\hdz\vendor\php-imap\php-imap\src\PhpImap\Imap.php(821): PhpImap\Imap::EnsureConnection(Object(IMAP\Connection), 'PhpImap\\Imap::s...', 1)
#2 C:\xampp\htdocs\helpdeskz-ipa\helpdeskz-ipa\hdz\vendor\php-imap\php-imap\src\PhpImap\Mailbox.php(621): PhpImap\Imap::search(Object(IMAP\Connection), 'ALL', 1, 'UTF-8')
#3 C:\xampp\htdocs\helpdeskz-ipa\helpdeskz-ipa\hdz\app\Libraries\MailFetcher.php(38): PhpImap\Mailbox->searchMailbox('ALL')
#4 C:\xampp\htdocs\helpdeskz-ipa\helpdeskz-ipa\hdz\app\Controllers\MailFetcher.php(16): App\Libraries\MailFetcher->parse_imap()
#5 C:\xampp\htdocs\helpdeskz-ipa\helpdeskz-ipa\hdz\framework\CodeIgniter.php(936): App\Controllers\MailFetcher->imap()
#6 C:\xampp\htdocs\helpdeskz-ipa\helpdeskz-ipa\hdz\framework\CodeIgniter.php(432): CodeIgniter\CodeIgniter->runController(Object(App\Controllers\MailFetcher))
#7 C:\xampp\htdocs\helpdeskz-ipa\helpdeskz-ipa\hdz\framework\CodeIgniter.php(333): CodeIgniter\CodeIgniter->handleRequest(NULL, Object(Config\Cache), false)
#8 C:\xampp\htdocs\helpdeskz-ipa\helpdeskz-ipa\index.php(44): CodeIgniter\CodeIgniter->run()
#9 {main}

Next PhpImap\Exceptions\ConnectionException: Argument 1 passed to PhpImap\Imap::search must be valid resource! in C:\xampp\htdocs\helpdeskz-ipa\helpdeskz-ipa\hdz\vendor\php-imap\php-imap\src\PhpImap\Imap.php:1096
Stack trace:
#0 C:\xampp\htdocs\helpdeskz-ipa\helpdeskz-ipa\hdz\vendor\php-imap\php-imap\src\PhpImap\Imap.php(821): PhpImap\Imap::EnsureConnection(Object(IMAP\Connection), 'PhpImap\\Imap::s...', 1)
#1 C:\xampp\htdocs\helpdeskz-ipa\helpdeskz-ipa\hdz\vendor\php-imap\php-imap\src\PhpImap\Mailbox.php(621): PhpImap\Imap::search(Object(IMAP\Connection), 'ALL', 1, 'UTF-8')
#2 C:\xampp\htdocs\helpdeskz-ipa\helpdeskz-ipa\hdz\app\Libraries\MailFetcher.php(38): PhpImap\Mailbox->searchMailbox('ALL')
#3 C:\xampp\htdocs\helpdeskz-ipa\helpdeskz-ipa\hdz\app\Controllers\MailFetcher.php(16): App\Libraries\MailFetcher->parse_imap()
#4 C:\xampp\htdocs\helpdeskz-ipa\helpdeskz-ipa\hdz\framework\CodeIgniter.php(936): App\Controllers\MailFetcher->imap()
#5 C:\xampp\htdocs\helpdeskz-ipa\helpdeskz-ipa\hdz\framework\CodeIgniter.php(432): CodeIgniter\CodeIgniter->runController(Object(App\Controllers\MailFetcher))
#6 C:\xampp\htdocs\helpdeskz-ipa\helpdeskz-ipa\hdz\framework\CodeIgniter.php(333): CodeIgniter\CodeIgniter->handleRequest(NULL, Object(Config\Cache), false)
#7 C:\xampp\htdocs\helpdeskz-ipa\helpdeskz-ipa\index.php(44): CodeIgniter\CodeIgniter->run()
#8 {main}
ERROR - 2024-05-02 08:52:49 --> IMAP connection failed: InvalidArgumentException: Argument 1 passed to PhpImap\Imap::search must be a valid resource! in C:\xampp\htdocs\helpdeskz-ipa\helpdeskz-ipa\hdz\vendor\php-imap\php-imap\src\PhpImap\Imap.php:1077
Stack trace:
#0 C:\xampp\htdocs\helpdeskz-ipa\helpdeskz-ipa\hdz\vendor\php-imap\php-imap\src\PhpImap\Imap.php(1094): PhpImap\Imap::EnsureResource(Object(IMAP\Connection), 'PhpImap\\Imap::s...', 1)
#1 C:\xampp\htdocs\helpdeskz-ipa\helpdeskz-ipa\hdz\vendor\php-imap\php-imap\src\PhpImap\Imap.php(821): PhpImap\Imap::EnsureConnection(Object(IMAP\Connection), 'PhpImap\\Imap::s...', 1)
#2 C:\xampp\htdocs\helpdeskz-ipa\helpdeskz-ipa\hdz\vendor\php-imap\php-imap\src\PhpImap\Mailbox.php(621): PhpImap\Imap::search(Object(IMAP\Connection), 'ALL', 1, 'UTF-8')
#3 C:\xampp\htdocs\helpdeskz-ipa\helpdeskz-ipa\hdz\app\Libraries\MailFetcher.php(38): PhpImap\Mailbox->searchMailbox('ALL')
#4 C:\xampp\htdocs\helpdeskz-ipa\helpdeskz-ipa\hdz\app\Controllers\MailFetcher.php(16): App\Libraries\MailFetcher->parse_imap()
#5 C:\xampp\htdocs\helpdeskz-ipa\helpdeskz-ipa\hdz\framework\CodeIgniter.php(936): App\Controllers\MailFetcher->imap()
#6 C:\xampp\htdocs\helpdeskz-ipa\helpdeskz-ipa\hdz\framework\CodeIgniter.php(432): CodeIgniter\CodeIgniter->runController(Object(App\Controllers\MailFetcher))
#7 C:\xampp\htdocs\helpdeskz-ipa\helpdeskz-ipa\hdz\framework\CodeIgniter.php(333): CodeIgniter\CodeIgniter->handleRequest(NULL, Object(Config\Cache), false)
#8 C:\xampp\htdocs\helpdeskz-ipa\helpdeskz-ipa\index.php(44): CodeIgniter\CodeIgniter->run()
#9 {main}

Next PhpImap\Exceptions\ConnectionException: Argument 1 passed to PhpImap\Imap::search must be valid resource! in C:\xampp\htdocs\helpdeskz-ipa\helpdeskz-ipa\hdz\vendor\php-imap\php-imap\src\PhpImap\Imap.php:1096
Stack trace:
#0 C:\xampp\htdocs\helpdeskz-ipa\helpdeskz-ipa\hdz\vendor\php-imap\php-imap\src\PhpImap\Imap.php(821): PhpImap\Imap::EnsureConnection(Object(IMAP\Connection), 'PhpImap\\Imap::s...', 1)
#1 C:\xampp\htdocs\helpdeskz-ipa\helpdeskz-ipa\hdz\vendor\php-imap\php-imap\src\PhpImap\Mailbox.php(621): PhpImap\Imap::search(Object(IMAP\Connection), 'ALL', 1, 'UTF-8')
#2 C:\xampp\htdocs\helpdeskz-ipa\helpdeskz-ipa\hdz\app\Libraries\MailFetcher.php(38): PhpImap\Mailbox->searchMailbox('ALL')
#3 C:\xampp\htdocs\helpdeskz-ipa\helpdeskz-ipa\hdz\app\Controllers\MailFetcher.php(16): App\Libraries\MailFetcher->parse_imap()
#4 C:\xampp\htdocs\helpdeskz-ipa\helpdeskz-ipa\hdz\framework\CodeIgniter.php(936): App\Controllers\MailFetcher->imap()
#5 C:\xampp\htdocs\helpdeskz-ipa\helpdeskz-ipa\hdz\framework\CodeIgniter.php(432): CodeIgniter\CodeIgniter->runController(Object(App\Controllers\MailFetcher))
#6 C:\xampp\htdocs\helpdeskz-ipa\helpdeskz-ipa\hdz\framework\CodeIgniter.php(333): CodeIgniter\CodeIgniter->handleRequest(NULL, Object(Config\Cache), false)
#7 C:\xampp\htdocs\helpdeskz-ipa\helpdeskz-ipa\index.php(44): CodeIgniter\CodeIgniter->run()
#8 {main}
ERROR - 2024-05-02 09:03:19 --> IMAP connection failed: InvalidArgumentException: Argument 1 passed to PhpImap\Imap::search must be a valid resource! in C:\xampp\htdocs\helpdeskz-ipa\helpdeskz-ipa\hdz\vendor\php-imap\php-imap\src\PhpImap\Imap.php:1077
Stack trace:
#0 C:\xampp\htdocs\helpdeskz-ipa\helpdeskz-ipa\hdz\vendor\php-imap\php-imap\src\PhpImap\Imap.php(1094): PhpImap\Imap::EnsureResource(Object(IMAP\Connection), 'PhpImap\\Imap::s...', 1)
#1 C:\xampp\htdocs\helpdeskz-ipa\helpdeskz-ipa\hdz\vendor\php-imap\php-imap\src\PhpImap\Imap.php(821): PhpImap\Imap::EnsureConnection(Object(IMAP\Connection), 'PhpImap\\Imap::s...', 1)
#2 C:\xampp\htdocs\helpdeskz-ipa\helpdeskz-ipa\hdz\vendor\php-imap\php-imap\src\PhpImap\Mailbox.php(621): PhpImap\Imap::search(Object(IMAP\Connection), 'ALL', 1, 'UTF-8')
#3 C:\xampp\htdocs\helpdeskz-ipa\helpdeskz-ipa\hdz\app\Libraries\MailFetcher.php(38): PhpImap\Mailbox->searchMailbox('ALL')
#4 C:\xampp\htdocs\helpdeskz-ipa\helpdeskz-ipa\hdz\app\Controllers\MailFetcher.php(16): App\Libraries\MailFetcher->parse_imap()
#5 C:\xampp\htdocs\helpdeskz-ipa\helpdeskz-ipa\hdz\framework\CodeIgniter.php(936): App\Controllers\MailFetcher->imap()
#6 C:\xampp\htdocs\helpdeskz-ipa\helpdeskz-ipa\hdz\framework\CodeIgniter.php(432): CodeIgniter\CodeIgniter->runController(Object(App\Controllers\MailFetcher))
#7 C:\xampp\htdocs\helpdeskz-ipa\helpdeskz-ipa\hdz\framework\CodeIgniter.php(333): CodeIgniter\CodeIgniter->handleRequest(NULL, Object(Config\Cache), false)
#8 C:\xampp\htdocs\helpdeskz-ipa\helpdeskz-ipa\index.php(44): CodeIgniter\CodeIgniter->run()
#9 {main}

Next PhpImap\Exceptions\ConnectionException: Argument 1 passed to PhpImap\Imap::search must be valid resource! in C:\xampp\htdocs\helpdeskz-ipa\helpdeskz-ipa\hdz\vendor\php-imap\php-imap\src\PhpImap\Imap.php:1096
Stack trace:
#0 C:\xampp\htdocs\helpdeskz-ipa\helpdeskz-ipa\hdz\vendor\php-imap\php-imap\src\PhpImap\Imap.php(821): PhpImap\Imap::EnsureConnection(Object(IMAP\Connection), 'PhpImap\\Imap::s...', 1)
#1 C:\xampp\htdocs\helpdeskz-ipa\helpdeskz-ipa\hdz\vendor\php-imap\php-imap\src\PhpImap\Mailbox.php(621): PhpImap\Imap::search(Object(IMAP\Connection), 'ALL', 1, 'UTF-8')
#2 C:\xampp\htdocs\helpdeskz-ipa\helpdeskz-ipa\hdz\app\Libraries\MailFetcher.php(38): PhpImap\Mailbox->searchMailbox('ALL')
#3 C:\xampp\htdocs\helpdeskz-ipa\helpdeskz-ipa\hdz\app\Controllers\MailFetcher.php(16): App\Libraries\MailFetcher->parse_imap()
#4 C:\xampp\htdocs\helpdeskz-ipa\helpdeskz-ipa\hdz\framework\CodeIgniter.php(936): App\Controllers\MailFetcher->imap()
#5 C:\xampp\htdocs\helpdeskz-ipa\helpdeskz-ipa\hdz\framework\CodeIgniter.php(432): CodeIgniter\CodeIgniter->runController(Object(App\Controllers\MailFetcher))
#6 C:\xampp\htdocs\helpdeskz-ipa\helpdeskz-ipa\hdz\framework\CodeIgniter.php(333): CodeIgniter\CodeIgniter->handleRequest(NULL, Object(Config\Cache), false)
#7 C:\xampp\htdocs\helpdeskz-ipa\helpdeskz-ipa\index.php(44): CodeIgniter\CodeIgniter->run()
#8 {main}
ERROR - 2024-05-02 09:03:49 --> IMAP connection failed: InvalidArgumentException: Argument 1 passed to PhpImap\Imap::search must be a valid resource! in C:\xampp\htdocs\helpdeskz-ipa\helpdeskz-ipa\hdz\vendor\php-imap\php-imap\src\PhpImap\Imap.php:1077
Stack trace:
#0 C:\xampp\htdocs\helpdeskz-ipa\helpdeskz-ipa\hdz\vendor\php-imap\php-imap\src\PhpImap\Imap.php(1094): PhpImap\Imap::EnsureResource(Object(IMAP\Connection), 'PhpImap\\Imap::s...', 1)
#1 C:\xampp\htdocs\helpdeskz-ipa\helpdeskz-ipa\hdz\vendor\php-imap\php-imap\src\PhpImap\Imap.php(821): PhpImap\Imap::EnsureConnection(Object(IMAP\Connection), 'PhpImap\\Imap::s...', 1)
#2 C:\xampp\htdocs\helpdeskz-ipa\helpdeskz-ipa\hdz\vendor\php-imap\php-imap\src\PhpImap\Mailbox.php(621): PhpImap\Imap::search(Object(IMAP\Connection), 'ALL', 1, 'UTF-8')
#3 C:\xampp\htdocs\helpdeskz-ipa\helpdeskz-ipa\hdz\app\Libraries\MailFetcher.php(38): PhpImap\Mailbox->searchMailbox('ALL')
#4 C:\xampp\htdocs\helpdeskz-ipa\helpdeskz-ipa\hdz\app\Controllers\MailFetcher.php(16): App\Libraries\MailFetcher->parse_imap()
#5 C:\xampp\htdocs\helpdeskz-ipa\helpdeskz-ipa\hdz\framework\CodeIgniter.php(936): App\Controllers\MailFetcher->imap()
#6 C:\xampp\htdocs\helpdeskz-ipa\helpdeskz-ipa\hdz\framework\CodeIgniter.php(432): CodeIgniter\CodeIgniter->runController(Object(App\Controllers\MailFetcher))
#7 C:\xampp\htdocs\helpdeskz-ipa\helpdeskz-ipa\hdz\framework\CodeIgniter.php(333): CodeIgniter\CodeIgniter->handleRequest(NULL, Object(Config\Cache), false)
#8 C:\xampp\htdocs\helpdeskz-ipa\helpdeskz-ipa\index.php(44): CodeIgniter\CodeIgniter->run()
#9 {main}

Next PhpImap\Exceptions\ConnectionException: Argument 1 passed to PhpImap\Imap::search must be valid resource! in C:\xampp\htdocs\helpdeskz-ipa\helpdeskz-ipa\hdz\vendor\php-imap\php-imap\src\PhpImap\Imap.php:1096
Stack trace:
#0 C:\xampp\htdocs\helpdeskz-ipa\helpdeskz-ipa\hdz\vendor\php-imap\php-imap\src\PhpImap\Imap.php(821): PhpImap\Imap::EnsureConnection(Object(IMAP\Connection), 'PhpImap\\Imap::s...', 1)
#1 C:\xampp\htdocs\helpdeskz-ipa\helpdeskz-ipa\hdz\vendor\php-imap\php-imap\src\PhpImap\Mailbox.php(621): PhpImap\Imap::search(Object(IMAP\Connection), 'ALL', 1, 'UTF-8')
#2 C:\xampp\htdocs\helpdeskz-ipa\helpdeskz-ipa\hdz\app\Libraries\MailFetcher.php(38): PhpImap\Mailbox->searchMailbox('ALL')
#3 C:\xampp\htdocs\helpdeskz-ipa\helpdeskz-ipa\hdz\app\Controllers\MailFetcher.php(16): App\Libraries\MailFetcher->parse_imap()
#4 C:\xampp\htdocs\helpdeskz-ipa\helpdeskz-ipa\hdz\framework\CodeIgniter.php(936): App\Controllers\MailFetcher->imap()
#5 C:\xampp\htdocs\helpdeskz-ipa\helpdeskz-ipa\hdz\framework\CodeIgniter.php(432): CodeIgniter\CodeIgniter->runController(Object(App\Controllers\MailFetcher))
#6 C:\xampp\htdocs\helpdeskz-ipa\helpdeskz-ipa\hdz\framework\CodeIgniter.php(333): CodeIgniter\CodeIgniter->handleRequest(NULL, Object(Config\Cache), false)
#7 C:\xampp\htdocs\helpdeskz-ipa\helpdeskz-ipa\index.php(44): CodeIgniter\CodeIgniter->run()
#8 {main}
ERROR - 2024-05-02 09:04:49 --> IMAP connection failed: InvalidArgumentException: Argument 1 passed to PhpImap\Imap::search must be a valid resource! in C:\xampp\htdocs\helpdeskz-ipa\helpdeskz-ipa\hdz\vendor\php-imap\php-imap\src\PhpImap\Imap.php:1077
Stack trace:
#0 C:\xampp\htdocs\helpdeskz-ipa\helpdeskz-ipa\hdz\vendor\php-imap\php-imap\src\PhpImap\Imap.php(1094): PhpImap\Imap::EnsureResource(Object(IMAP\Connection), 'PhpImap\\Imap::s...', 1)
#1 C:\xampp\htdocs\helpdeskz-ipa\helpdeskz-ipa\hdz\vendor\php-imap\php-imap\src\PhpImap\Imap.php(821): PhpImap\Imap::EnsureConnection(Object(IMAP\Connection), 'PhpImap\\Imap::s...', 1)
#2 C:\xampp\htdocs\helpdeskz-ipa\helpdeskz-ipa\hdz\vendor\php-imap\php-imap\src\PhpImap\Mailbox.php(621): PhpImap\Imap::search(Object(IMAP\Connection), 'ALL', 1, 'UTF-8')
#3 C:\xampp\htdocs\helpdeskz-ipa\helpdeskz-ipa\hdz\app\Libraries\MailFetcher.php(38): PhpImap\Mailbox->searchMailbox('ALL')
#4 C:\xampp\htdocs\helpdeskz-ipa\helpdeskz-ipa\hdz\app\Controllers\MailFetcher.php(16): App\Libraries\MailFetcher->parse_imap()
#5 C:\xampp\htdocs\helpdeskz-ipa\helpdeskz-ipa\hdz\framework\CodeIgniter.php(936): App\Controllers\MailFetcher->imap()
#6 C:\xampp\htdocs\helpdeskz-ipa\helpdeskz-ipa\hdz\framework\CodeIgniter.php(432): CodeIgniter\CodeIgniter->runController(Object(App\Controllers\MailFetcher))
#7 C:\xampp\htdocs\helpdeskz-ipa\helpdeskz-ipa\hdz\framework\CodeIgniter.php(333): CodeIgniter\CodeIgniter->handleRequest(NULL, Object(Config\Cache), false)
#8 C:\xampp\htdocs\helpdeskz-ipa\helpdeskz-ipa\index.php(44): CodeIgniter\CodeIgniter->run()
#9 {main}

Next PhpImap\Exceptions\ConnectionException: Argument 1 passed to PhpImap\Imap::search must be valid resource! in C:\xampp\htdocs\helpdeskz-ipa\helpdeskz-ipa\hdz\vendor\php-imap\php-imap\src\PhpImap\Imap.php:1096
Stack trace:
#0 C:\xampp\htdocs\helpdeskz-ipa\helpdeskz-ipa\hdz\vendor\php-imap\php-imap\src\PhpImap\Imap.php(821): PhpImap\Imap::EnsureConnection(Object(IMAP\Connection), 'PhpImap\\Imap::s...', 1)
#1 C:\xampp\htdocs\helpdeskz-ipa\helpdeskz-ipa\hdz\vendor\php-imap\php-imap\src\PhpImap\Mailbox.php(621): PhpImap\Imap::search(Object(IMAP\Connection), 'ALL', 1, 'UTF-8')
#2 C:\xampp\htdocs\helpdeskz-ipa\helpdeskz-ipa\hdz\app\Libraries\MailFetcher.php(38): PhpImap\Mailbox->searchMailbox('ALL')
#3 C:\xampp\htdocs\helpdeskz-ipa\helpdeskz-ipa\hdz\app\Controllers\MailFetcher.php(16): App\Libraries\MailFetcher->parse_imap()
#4 C:\xampp\htdocs\helpdeskz-ipa\helpdeskz-ipa\hdz\framework\CodeIgniter.php(936): App\Controllers\MailFetcher->imap()
#5 C:\xampp\htdocs\helpdeskz-ipa\helpdeskz-ipa\hdz\framework\CodeIgniter.php(432): CodeIgniter\CodeIgniter->runController(Object(App\Controllers\MailFetcher))
#6 C:\xampp\htdocs\helpdeskz-ipa\helpdeskz-ipa\hdz\framework\CodeIgniter.php(333): CodeIgniter\CodeIgniter->handleRequest(NULL, Object(Config\Cache), false)
#7 C:\xampp\htdocs\helpdeskz-ipa\helpdeskz-ipa\index.php(44): CodeIgniter\CodeIgniter->run()
#8 {main}
ERROR - 2024-05-02 09:05:49 --> IMAP connection failed: InvalidArgumentException: Argument 1 passed to PhpImap\Imap::search must be a valid resource! in C:\xampp\htdocs\helpdeskz-ipa\helpdeskz-ipa\hdz\vendor\php-imap\php-imap\src\PhpImap\Imap.php:1077
Stack trace:
#0 C:\xampp\htdocs\helpdeskz-ipa\helpdeskz-ipa\hdz\vendor\php-imap\php-imap\src\PhpImap\Imap.php(1094): PhpImap\Imap::EnsureResource(Object(IMAP\Connection), 'PhpImap\\Imap::s...', 1)
#1 C:\xampp\htdocs\helpdeskz-ipa\helpdeskz-ipa\hdz\vendor\php-imap\php-imap\src\PhpImap\Imap.php(821): PhpImap\Imap::EnsureConnection(Object(IMAP\Connection), 'PhpImap\\Imap::s...', 1)
#2 C:\xampp\htdocs\helpdeskz-ipa\helpdeskz-ipa\hdz\vendor\php-imap\php-imap\src\PhpImap\Mailbox.php(621): PhpImap\Imap::search(Object(IMAP\Connection), 'ALL', 1, 'UTF-8')
#3 C:\xampp\htdocs\helpdeskz-ipa\helpdeskz-ipa\hdz\app\Libraries\MailFetcher.php(38): PhpImap\Mailbox->searchMailbox('ALL')
#4 C:\xampp\htdocs\helpdeskz-ipa\helpdeskz-ipa\hdz\app\Controllers\MailFetcher.php(16): App\Libraries\MailFetcher->parse_imap()
#5 C:\xampp\htdocs\helpdeskz-ipa\helpdeskz-ipa\hdz\framework\CodeIgniter.php(936): App\Controllers\MailFetcher->imap()
#6 C:\xampp\htdocs\helpdeskz-ipa\helpdeskz-ipa\hdz\framework\CodeIgniter.php(432): CodeIgniter\CodeIgniter->runController(Object(App\Controllers\MailFetcher))
#7 C:\xampp\htdocs\helpdeskz-ipa\helpdeskz-ipa\hdz\framework\CodeIgniter.php(333): CodeIgniter\CodeIgniter->handleRequest(NULL, Object(Config\Cache), false)
#8 C:\xampp\htdocs\helpdeskz-ipa\helpdeskz-ipa\index.php(44): CodeIgniter\CodeIgniter->run()
#9 {main}

Next PhpImap\Exceptions\ConnectionException: Argument 1 passed to PhpImap\Imap::search must be valid resource! in C:\xampp\htdocs\helpdeskz-ipa\helpdeskz-ipa\hdz\vendor\php-imap\php-imap\src\PhpImap\Imap.php:1096
Stack trace:
#0 C:\xampp\htdocs\helpdeskz-ipa\helpdeskz-ipa\hdz\vendor\php-imap\php-imap\src\PhpImap\Imap.php(821): PhpImap\Imap::EnsureConnection(Object(IMAP\Connection), 'PhpImap\\Imap::s...', 1)
#1 C:\xampp\htdocs\helpdeskz-ipa\helpdeskz-ipa\hdz\vendor\php-imap\php-imap\src\PhpImap\Mailbox.php(621): PhpImap\Imap::search(Object(IMAP\Connection), 'ALL', 1, 'UTF-8')
#2 C:\xampp\htdocs\helpdeskz-ipa\helpdeskz-ipa\hdz\app\Libraries\MailFetcher.php(38): PhpImap\Mailbox->searchMailbox('ALL')
#3 C:\xampp\htdocs\helpdeskz-ipa\helpdeskz-ipa\hdz\app\Controllers\MailFetcher.php(16): App\Libraries\MailFetcher->parse_imap()
#4 C:\xampp\htdocs\helpdeskz-ipa\helpdeskz-ipa\hdz\framework\CodeIgniter.php(936): App\Controllers\MailFetcher->imap()
#5 C:\xampp\htdocs\helpdeskz-ipa\helpdeskz-ipa\hdz\framework\CodeIgniter.php(432): CodeIgniter\CodeIgniter->runController(Object(App\Controllers\MailFetcher))
#6 C:\xampp\htdocs\helpdeskz-ipa\helpdeskz-ipa\hdz\framework\CodeIgniter.php(333): CodeIgniter\CodeIgniter->handleRequest(NULL, Object(Config\Cache), false)
#7 C:\xampp\htdocs\helpdeskz-ipa\helpdeskz-ipa\index.php(44): CodeIgniter\CodeIgniter->run()
#8 {main}
ERROR - 2024-05-02 09:06:49 --> IMAP connection failed: InvalidArgumentException: Argument 1 passed to PhpImap\Imap::search must be a valid resource! in C:\xampp\htdocs\helpdeskz-ipa\helpdeskz-ipa\hdz\vendor\php-imap\php-imap\src\PhpImap\Imap.php:1077
Stack trace:
#0 C:\xampp\htdocs\helpdeskz-ipa\helpdeskz-ipa\hdz\vendor\php-imap\php-imap\src\PhpImap\Imap.php(1094): PhpImap\Imap::EnsureResource(Object(IMAP\Connection), 'PhpImap\\Imap::s...', 1)
#1 C:\xampp\htdocs\helpdeskz-ipa\helpdeskz-ipa\hdz\vendor\php-imap\php-imap\src\PhpImap\Imap.php(821): PhpImap\Imap::EnsureConnection(Object(IMAP\Connection), 'PhpImap\\Imap::s...', 1)
#2 C:\xampp\htdocs\helpdeskz-ipa\helpdeskz-ipa\hdz\vendor\php-imap\php-imap\src\PhpImap\Mailbox.php(621): PhpImap\Imap::search(Object(IMAP\Connection), 'ALL', 1, 'UTF-8')
#3 C:\xampp\htdocs\helpdeskz-ipa\helpdeskz-ipa\hdz\app\Libraries\MailFetcher.php(38): PhpImap\Mailbox->searchMailbox('ALL')
#4 C:\xampp\htdocs\helpdeskz-ipa\helpdeskz-ipa\hdz\app\Controllers\MailFetcher.php(16): App\Libraries\MailFetcher->parse_imap()
#5 C:\xampp\htdocs\helpdeskz-ipa\helpdeskz-ipa\hdz\framework\CodeIgniter.php(936): App\Controllers\MailFetcher->imap()
#6 C:\xampp\htdocs\helpdeskz-ipa\helpdeskz-ipa\hdz\framework\CodeIgniter.php(432): CodeIgniter\CodeIgniter->runController(Object(App\Controllers\MailFetcher))
#7 C:\xampp\htdocs\helpdeskz-ipa\helpdeskz-ipa\hdz\framework\CodeIgniter.php(333): CodeIgniter\CodeIgniter->handleRequest(NULL, Object(Config\Cache), false)
#8 C:\xampp\htdocs\helpdeskz-ipa\helpdeskz-ipa\index.php(44): CodeIgniter\CodeIgniter->run()
#9 {main}

Next PhpImap\Exceptions\ConnectionException: Argument 1 passed to PhpImap\Imap::search must be valid resource! in C:\xampp\htdocs\helpdeskz-ipa\helpdeskz-ipa\hdz\vendor\php-imap\php-imap\src\PhpImap\Imap.php:1096
Stack trace:
#0 C:\xampp\htdocs\helpdeskz-ipa\helpdeskz-ipa\hdz\vendor\php-imap\php-imap\src\PhpImap\Imap.php(821): PhpImap\Imap::EnsureConnection(Object(IMAP\Connection), 'PhpImap\\Imap::s...', 1)
#1 C:\xampp\htdocs\helpdeskz-ipa\helpdeskz-ipa\hdz\vendor\php-imap\php-imap\src\PhpImap\Mailbox.php(621): PhpImap\Imap::search(Object(IMAP\Connection), 'ALL', 1, 'UTF-8')
#2 C:\xampp\htdocs\helpdeskz-ipa\helpdeskz-ipa\hdz\app\Libraries\MailFetcher.php(38): PhpImap\Mailbox->searchMailbox('ALL')
#3 C:\xampp\htdocs\helpdeskz-ipa\helpdeskz-ipa\hdz\app\Controllers\MailFetcher.php(16): App\Libraries\MailFetcher->parse_imap()
#4 C:\xampp\htdocs\helpdeskz-ipa\helpdeskz-ipa\hdz\framework\CodeIgniter.php(936): App\Controllers\MailFetcher->imap()
#5 C:\xampp\htdocs\helpdeskz-ipa\helpdeskz-ipa\hdz\framework\CodeIgniter.php(432): CodeIgniter\CodeIgniter->runController(Object(App\Controllers\MailFetcher))
#6 C:\xampp\htdocs\helpdeskz-ipa\helpdeskz-ipa\hdz\framework\CodeIgniter.php(333): CodeIgniter\CodeIgniter->handleRequest(NULL, Object(Config\Cache), false)
#7 C:\xampp\htdocs\helpdeskz-ipa\helpdeskz-ipa\index.php(44): CodeIgniter\CodeIgniter->run()
#8 {main}
ERROR - 2024-05-02 09:07:49 --> IMAP connection failed: InvalidArgumentException: Argument 1 passed to PhpImap\Imap::search must be a valid resource! in C:\xampp\htdocs\helpdeskz-ipa\helpdeskz-ipa\hdz\vendor\php-imap\php-imap\src\PhpImap\Imap.php:1077
Stack trace:
#0 C:\xampp\htdocs\helpdeskz-ipa\helpdeskz-ipa\hdz\vendor\php-imap\php-imap\src\PhpImap\Imap.php(1094): PhpImap\Imap::EnsureResource(Object(IMAP\Connection), 'PhpImap\\Imap::s...', 1)
#1 C:\xampp\htdocs\helpdeskz-ipa\helpdeskz-ipa\hdz\vendor\php-imap\php-imap\src\PhpImap\Imap.php(821): PhpImap\Imap::EnsureConnection(Object(IMAP\Connection), 'PhpImap\\Imap::s...', 1)
#2 C:\xampp\htdocs\helpdeskz-ipa\helpdeskz-ipa\hdz\vendor\php-imap\php-imap\src\PhpImap\Mailbox.php(621): PhpImap\Imap::search(Object(IMAP\Connection), 'ALL', 1, 'UTF-8')
#3 C:\xampp\htdocs\helpdeskz-ipa\helpdeskz-ipa\hdz\app\Libraries\MailFetcher.php(38): PhpImap\Mailbox->searchMailbox('ALL')
#4 C:\xampp\htdocs\helpdeskz-ipa\helpdeskz-ipa\hdz\app\Controllers\MailFetcher.php(16): App\Libraries\MailFetcher->parse_imap()
#5 C:\xampp\htdocs\helpdeskz-ipa\helpdeskz-ipa\hdz\framework\CodeIgniter.php(936): App\Controllers\MailFetcher->imap()
#6 C:\xampp\htdocs\helpdeskz-ipa\helpdeskz-ipa\hdz\framework\CodeIgniter.php(432): CodeIgniter\CodeIgniter->runController(Object(App\Controllers\MailFetcher))
#7 C:\xampp\htdocs\helpdeskz-ipa\helpdeskz-ipa\hdz\framework\CodeIgniter.php(333): CodeIgniter\CodeIgniter->handleRequest(NULL, Object(Config\Cache), false)
#8 C:\xampp\htdocs\helpdeskz-ipa\helpdeskz-ipa\index.php(44): CodeIgniter\CodeIgniter->run()
#9 {main}

Next PhpImap\Exceptions\ConnectionException: Argument 1 passed to PhpImap\Imap::search must be valid resource! in C:\xampp\htdocs\helpdeskz-ipa\helpdeskz-ipa\hdz\vendor\php-imap\php-imap\src\PhpImap\Imap.php:1096
Stack trace:
#0 C:\xampp\htdocs\helpdeskz-ipa\helpdeskz-ipa\hdz\vendor\php-imap\php-imap\src\PhpImap\Imap.php(821): PhpImap\Imap::EnsureConnection(Object(IMAP\Connection), 'PhpImap\\Imap::s...', 1)
#1 C:\xampp\htdocs\helpdeskz-ipa\helpdeskz-ipa\hdz\vendor\php-imap\php-imap\src\PhpImap\Mailbox.php(621): PhpImap\Imap::search(Object(IMAP\Connection), 'ALL', 1, 'UTF-8')
#2 C:\xampp\htdocs\helpdeskz-ipa\helpdeskz-ipa\hdz\app\Libraries\MailFetcher.php(38): PhpImap\Mailbox->searchMailbox('ALL')
#3 C:\xampp\htdocs\helpdeskz-ipa\helpdeskz-ipa\hdz\app\Controllers\MailFetcher.php(16): App\Libraries\MailFetcher->parse_imap()
#4 C:\xampp\htdocs\helpdeskz-ipa\helpdeskz-ipa\hdz\framework\CodeIgniter.php(936): App\Controllers\MailFetcher->imap()
#5 C:\xampp\htdocs\helpdeskz-ipa\helpdeskz-ipa\hdz\framework\CodeIgniter.php(432): CodeIgniter\CodeIgniter->runController(Object(App\Controllers\MailFetcher))
#6 C:\xampp\htdocs\helpdeskz-ipa\helpdeskz-ipa\hdz\framework\CodeIgniter.php(333): CodeIgniter\CodeIgniter->handleRequest(NULL, Object(Config\Cache), false)
#7 C:\xampp\htdocs\helpdeskz-ipa\helpdeskz-ipa\index.php(44): CodeIgniter\CodeIgniter->run()
#8 {main}
ERROR - 2024-05-02 09:08:49 --> IMAP connection failed: InvalidArgumentException: Argument 1 passed to PhpImap\Imap::search must be a valid resource! in C:\xampp\htdocs\helpdeskz-ipa\helpdeskz-ipa\hdz\vendor\php-imap\php-imap\src\PhpImap\Imap.php:1077
Stack trace:
#0 C:\xampp\htdocs\helpdeskz-ipa\helpdeskz-ipa\hdz\vendor\php-imap\php-imap\src\PhpImap\Imap.php(1094): PhpImap\Imap::EnsureResource(Object(IMAP\Connection), 'PhpImap\\Imap::s...', 1)
#1 C:\xampp\htdocs\helpdeskz-ipa\helpdeskz-ipa\hdz\vendor\php-imap\php-imap\src\PhpImap\Imap.php(821): PhpImap\Imap::EnsureConnection(Object(IMAP\Connection), 'PhpImap\\Imap::s...', 1)
#2 C:\xampp\htdocs\helpdeskz-ipa\helpdeskz-ipa\hdz\vendor\php-imap\php-imap\src\PhpImap\Mailbox.php(621): PhpImap\Imap::search(Object(IMAP\Connection), 'ALL', 1, 'UTF-8')
#3 C:\xampp\htdocs\helpdeskz-ipa\helpdeskz-ipa\hdz\app\Libraries\MailFetcher.php(38): PhpImap\Mailbox->searchMailbox('ALL')
#4 C:\xampp\htdocs\helpdeskz-ipa\helpdeskz-ipa\hdz\app\Controllers\MailFetcher.php(16): App\Libraries\MailFetcher->parse_imap()
#5 C:\xampp\htdocs\helpdeskz-ipa\helpdeskz-ipa\hdz\framework\CodeIgniter.php(936): App\Controllers\MailFetcher->imap()
#6 C:\xampp\htdocs\helpdeskz-ipa\helpdeskz-ipa\hdz\framework\CodeIgniter.php(432): CodeIgniter\CodeIgniter->runController(Object(App\Controllers\MailFetcher))
#7 C:\xampp\htdocs\helpdeskz-ipa\helpdeskz-ipa\hdz\framework\CodeIgniter.php(333): CodeIgniter\CodeIgniter->handleRequest(NULL, Object(Config\Cache), false)
#8 C:\xampp\htdocs\helpdeskz-ipa\helpdeskz-ipa\index.php(44): CodeIgniter\CodeIgniter->run()
#9 {main}

Next PhpImap\Exceptions\ConnectionException: Argument 1 passed to PhpImap\Imap::search must be valid resource! in C:\xampp\htdocs\helpdeskz-ipa\helpdeskz-ipa\hdz\vendor\php-imap\php-imap\src\PhpImap\Imap.php:1096
Stack trace:
#0 C:\xampp\htdocs\helpdeskz-ipa\helpdeskz-ipa\hdz\vendor\php-imap\php-imap\src\PhpImap\Imap.php(821): PhpImap\Imap::EnsureConnection(Object(IMAP\Connection), 'PhpImap\\Imap::s...', 1)
#1 C:\xampp\htdocs\helpdeskz-ipa\helpdeskz-ipa\hdz\vendor\php-imap\php-imap\src\PhpImap\Mailbox.php(621): PhpImap\Imap::search(Object(IMAP\Connection), 'ALL', 1, 'UTF-8')
#2 C:\xampp\htdocs\helpdeskz-ipa\helpdeskz-ipa\hdz\app\Libraries\MailFetcher.php(38): PhpImap\Mailbox->searchMailbox('ALL')
#3 C:\xampp\htdocs\helpdeskz-ipa\helpdeskz-ipa\hdz\app\Controllers\MailFetcher.php(16): App\Libraries\MailFetcher->parse_imap()
#4 C:\xampp\htdocs\helpdeskz-ipa\helpdeskz-ipa\hdz\framework\CodeIgniter.php(936): App\Controllers\MailFetcher->imap()
#5 C:\xampp\htdocs\helpdeskz-ipa\helpdeskz-ipa\hdz\framework\CodeIgniter.php(432): CodeIgniter\CodeIgniter->runController(Object(App\Controllers\MailFetcher))
#6 C:\xampp\htdocs\helpdeskz-ipa\helpdeskz-ipa\hdz\framework\CodeIgniter.php(333): CodeIgniter\CodeIgniter->handleRequest(NULL, Object(Config\Cache), false)
#7 C:\xampp\htdocs\helpdeskz-ipa\helpdeskz-ipa\index.php(44): CodeIgniter\CodeIgniter->run()
#8 {main}
ERROR - 2024-05-02 09:09:49 --> IMAP connection failed: InvalidArgumentException: Argument 1 passed to PhpImap\Imap::search must be a valid resource! in C:\xampp\htdocs\helpdeskz-ipa\helpdeskz-ipa\hdz\vendor\php-imap\php-imap\src\PhpImap\Imap.php:1077
Stack trace:
#0 C:\xampp\htdocs\helpdeskz-ipa\helpdeskz-ipa\hdz\vendor\php-imap\php-imap\src\PhpImap\Imap.php(1094): PhpImap\Imap::EnsureResource(Object(IMAP\Connection), 'PhpImap\\Imap::s...', 1)
#1 C:\xampp\htdocs\helpdeskz-ipa\helpdeskz-ipa\hdz\vendor\php-imap\php-imap\src\PhpImap\Imap.php(821): PhpImap\Imap::EnsureConnection(Object(IMAP\Connection), 'PhpImap\\Imap::s...', 1)
#2 C:\xampp\htdocs\helpdeskz-ipa\helpdeskz-ipa\hdz\vendor\php-imap\php-imap\src\PhpImap\Mailbox.php(621): PhpImap\Imap::search(Object(IMAP\Connection), 'ALL', 1, 'UTF-8')
#3 C:\xampp\htdocs\helpdeskz-ipa\helpdeskz-ipa\hdz\app\Libraries\MailFetcher.php(38): PhpImap\Mailbox->searchMailbox('ALL')
#4 C:\xampp\htdocs\helpdeskz-ipa\helpdeskz-ipa\hdz\app\Controllers\MailFetcher.php(16): App\Libraries\MailFetcher->parse_imap()
#5 C:\xampp\htdocs\helpdeskz-ipa\helpdeskz-ipa\hdz\framework\CodeIgniter.php(936): App\Controllers\MailFetcher->imap()
#6 C:\xampp\htdocs\helpdeskz-ipa\helpdeskz-ipa\hdz\framework\CodeIgniter.php(432): CodeIgniter\CodeIgniter->runController(Object(App\Controllers\MailFetcher))
#7 C:\xampp\htdocs\helpdeskz-ipa\helpdeskz-ipa\hdz\framework\CodeIgniter.php(333): CodeIgniter\CodeIgniter->handleRequest(NULL, Object(Config\Cache), false)
#8 C:\xampp\htdocs\helpdeskz-ipa\helpdeskz-ipa\index.php(44): CodeIgniter\CodeIgniter->run()
#9 {main}

Next PhpImap\Exceptions\ConnectionException: Argument 1 passed to PhpImap\Imap::search must be valid resource! in C:\xampp\htdocs\helpdeskz-ipa\helpdeskz-ipa\hdz\vendor\php-imap\php-imap\src\PhpImap\Imap.php:1096
Stack trace:
#0 C:\xampp\htdocs\helpdeskz-ipa\helpdeskz-ipa\hdz\vendor\php-imap\php-imap\src\PhpImap\Imap.php(821): PhpImap\Imap::EnsureConnection(Object(IMAP\Connection), 'PhpImap\\Imap::s...', 1)
#1 C:\xampp\htdocs\helpdeskz-ipa\helpdeskz-ipa\hdz\vendor\php-imap\php-imap\src\PhpImap\Mailbox.php(621): PhpImap\Imap::search(Object(IMAP\Connection), 'ALL', 1, 'UTF-8')
#2 C:\xampp\htdocs\helpdeskz-ipa\helpdeskz-ipa\hdz\app\Libraries\MailFetcher.php(38): PhpImap\Mailbox->searchMailbox('ALL')
#3 C:\xampp\htdocs\helpdeskz-ipa\helpdeskz-ipa\hdz\app\Controllers\MailFetcher.php(16): App\Libraries\MailFetcher->parse_imap()
#4 C:\xampp\htdocs\helpdeskz-ipa\helpdeskz-ipa\hdz\framework\CodeIgniter.php(936): App\Controllers\MailFetcher->imap()
#5 C:\xampp\htdocs\helpdeskz-ipa\helpdeskz-ipa\hdz\framework\CodeIgniter.php(432): CodeIgniter\CodeIgniter->runController(Object(App\Controllers\MailFetcher))
#6 C:\xampp\htdocs\helpdeskz-ipa\helpdeskz-ipa\hdz\framework\CodeIgniter.php(333): CodeIgniter\CodeIgniter->handleRequest(NULL, Object(Config\Cache), false)
#7 C:\xampp\htdocs\helpdeskz-ipa\helpdeskz-ipa\index.php(44): CodeIgniter\CodeIgniter->run()
#8 {main}
ERROR - 2024-05-02 09:10:49 --> IMAP connection failed: InvalidArgumentException: Argument 1 passed to PhpImap\Imap::search must be a valid resource! in C:\xampp\htdocs\helpdeskz-ipa\helpdeskz-ipa\hdz\vendor\php-imap\php-imap\src\PhpImap\Imap.php:1077
Stack trace:
#0 C:\xampp\htdocs\helpdeskz-ipa\helpdeskz-ipa\hdz\vendor\php-imap\php-imap\src\PhpImap\Imap.php(1094): PhpImap\Imap::EnsureResource(Object(IMAP\Connection), 'PhpImap\\Imap::s...', 1)
#1 C:\xampp\htdocs\helpdeskz-ipa\helpdeskz-ipa\hdz\vendor\php-imap\php-imap\src\PhpImap\Imap.php(821): PhpImap\Imap::EnsureConnection(Object(IMAP\Connection), 'PhpImap\\Imap::s...', 1)
#2 C:\xampp\htdocs\helpdeskz-ipa\helpdeskz-ipa\hdz\vendor\php-imap\php-imap\src\PhpImap\Mailbox.php(621): PhpImap\Imap::search(Object(IMAP\Connection), 'ALL', 1, 'UTF-8')
#3 C:\xampp\htdocs\helpdeskz-ipa\helpdeskz-ipa\hdz\app\Libraries\MailFetcher.php(38): PhpImap\Mailbox->searchMailbox('ALL')
#4 C:\xampp\htdocs\helpdeskz-ipa\helpdeskz-ipa\hdz\app\Controllers\MailFetcher.php(16): App\Libraries\MailFetcher->parse_imap()
#5 C:\xampp\htdocs\helpdeskz-ipa\helpdeskz-ipa\hdz\framework\CodeIgniter.php(936): App\Controllers\MailFetcher->imap()
#6 C:\xampp\htdocs\helpdeskz-ipa\helpdeskz-ipa\hdz\framework\CodeIgniter.php(432): CodeIgniter\CodeIgniter->runController(Object(App\Controllers\MailFetcher))
#7 C:\xampp\htdocs\helpdeskz-ipa\helpdeskz-ipa\hdz\framework\CodeIgniter.php(333): CodeIgniter\CodeIgniter->handleRequest(NULL, Object(Config\Cache), false)
#8 C:\xampp\htdocs\helpdeskz-ipa\helpdeskz-ipa\index.php(44): CodeIgniter\CodeIgniter->run()
#9 {main}

Next PhpImap\Exceptions\ConnectionException: Argument 1 passed to PhpImap\Imap::search must be valid resource! in C:\xampp\htdocs\helpdeskz-ipa\helpdeskz-ipa\hdz\vendor\php-imap\php-imap\src\PhpImap\Imap.php:1096
Stack trace:
#0 C:\xampp\htdocs\helpdeskz-ipa\helpdeskz-ipa\hdz\vendor\php-imap\php-imap\src\PhpImap\Imap.php(821): PhpImap\Imap::EnsureConnection(Object(IMAP\Connection), 'PhpImap\\Imap::s...', 1)
#1 C:\xampp\htdocs\helpdeskz-ipa\helpdeskz-ipa\hdz\vendor\php-imap\php-imap\src\PhpImap\Mailbox.php(621): PhpImap\Imap::search(Object(IMAP\Connection), 'ALL', 1, 'UTF-8')
#2 C:\xampp\htdocs\helpdeskz-ipa\helpdeskz-ipa\hdz\app\Libraries\MailFetcher.php(38): PhpImap\Mailbox->searchMailbox('ALL')
#3 C:\xampp\htdocs\helpdeskz-ipa\helpdeskz-ipa\hdz\app\Controllers\MailFetcher.php(16): App\Libraries\MailFetcher->parse_imap()
#4 C:\xampp\htdocs\helpdeskz-ipa\helpdeskz-ipa\hdz\framework\CodeIgniter.php(936): App\Controllers\MailFetcher->imap()
#5 C:\xampp\htdocs\helpdeskz-ipa\helpdeskz-ipa\hdz\framework\CodeIgniter.php(432): CodeIgniter\CodeIgniter->runController(Object(App\Controllers\MailFetcher))
#6 C:\xampp\htdocs\helpdeskz-ipa\helpdeskz-ipa\hdz\framework\CodeIgniter.php(333): CodeIgniter\CodeIgniter->handleRequest(NULL, Object(Config\Cache), false)
#7 C:\xampp\htdocs\helpdeskz-ipa\helpdeskz-ipa\index.php(44): CodeIgniter\CodeIgniter->run()
#8 {main}
ERROR - 2024-05-02 09:11:49 --> IMAP connection failed: InvalidArgumentException: Argument 1 passed to PhpImap\Imap::search must be a valid resource! in C:\xampp\htdocs\helpdeskz-ipa\helpdeskz-ipa\hdz\vendor\php-imap\php-imap\src\PhpImap\Imap.php:1077
Stack trace:
#0 C:\xampp\htdocs\helpdeskz-ipa\helpdeskz-ipa\hdz\vendor\php-imap\php-imap\src\PhpImap\Imap.php(1094): PhpImap\Imap::EnsureResource(Object(IMAP\Connection), 'PhpImap\\Imap::s...', 1)
#1 C:\xampp\htdocs\helpdeskz-ipa\helpdeskz-ipa\hdz\vendor\php-imap\php-imap\src\PhpImap\Imap.php(821): PhpImap\Imap::EnsureConnection(Object(IMAP\Connection), 'PhpImap\\Imap::s...', 1)
#2 C:\xampp\htdocs\helpdeskz-ipa\helpdeskz-ipa\hdz\vendor\php-imap\php-imap\src\PhpImap\Mailbox.php(621): PhpImap\Imap::search(Object(IMAP\Connection), 'ALL', 1, 'UTF-8')
#3 C:\xampp\htdocs\helpdeskz-ipa\helpdeskz-ipa\hdz\app\Libraries\MailFetcher.php(38): PhpImap\Mailbox->searchMailbox('ALL')
#4 C:\xampp\htdocs\helpdeskz-ipa\helpdeskz-ipa\hdz\app\Controllers\MailFetcher.php(16): App\Libraries\MailFetcher->parse_imap()
#5 C:\xampp\htdocs\helpdeskz-ipa\helpdeskz-ipa\hdz\framework\CodeIgniter.php(936): App\Controllers\MailFetcher->imap()
#6 C:\xampp\htdocs\helpdeskz-ipa\helpdeskz-ipa\hdz\framework\CodeIgniter.php(432): CodeIgniter\CodeIgniter->runController(Object(App\Controllers\MailFetcher))
#7 C:\xampp\htdocs\helpdeskz-ipa\helpdeskz-ipa\hdz\framework\CodeIgniter.php(333): CodeIgniter\CodeIgniter->handleRequest(NULL, Object(Config\Cache), false)
#8 C:\xampp\htdocs\helpdeskz-ipa\helpdeskz-ipa\index.php(44): CodeIgniter\CodeIgniter->run()
#9 {main}

Next PhpImap\Exceptions\ConnectionException: Argument 1 passed to PhpImap\Imap::search must be valid resource! in C:\xampp\htdocs\helpdeskz-ipa\helpdeskz-ipa\hdz\vendor\php-imap\php-imap\src\PhpImap\Imap.php:1096
Stack trace:
#0 C:\xampp\htdocs\helpdeskz-ipa\helpdeskz-ipa\hdz\vendor\php-imap\php-imap\src\PhpImap\Imap.php(821): PhpImap\Imap::EnsureConnection(Object(IMAP\Connection), 'PhpImap\\Imap::s...', 1)
#1 C:\xampp\htdocs\helpdeskz-ipa\helpdeskz-ipa\hdz\vendor\php-imap\php-imap\src\PhpImap\Mailbox.php(621): PhpImap\Imap::search(Object(IMAP\Connection), 'ALL', 1, 'UTF-8')
#2 C:\xampp\htdocs\helpdeskz-ipa\helpdeskz-ipa\hdz\app\Libraries\MailFetcher.php(38): PhpImap\Mailbox->searchMailbox('ALL')
#3 C:\xampp\htdocs\helpdeskz-ipa\helpdeskz-ipa\hdz\app\Controllers\MailFetcher.php(16): App\Libraries\MailFetcher->parse_imap()
#4 C:\xampp\htdocs\helpdeskz-ipa\helpdeskz-ipa\hdz\framework\CodeIgniter.php(936): App\Controllers\MailFetcher->imap()
#5 C:\xampp\htdocs\helpdeskz-ipa\helpdeskz-ipa\hdz\framework\CodeIgniter.php(432): CodeIgniter\CodeIgniter->runController(Object(App\Controllers\MailFetcher))
#6 C:\xampp\htdocs\helpdeskz-ipa\helpdeskz-ipa\hdz\framework\CodeIgniter.php(333): CodeIgniter\CodeIgniter->handleRequest(NULL, Object(Config\Cache), false)
#7 C:\xampp\htdocs\helpdeskz-ipa\helpdeskz-ipa\index.php(44): CodeIgniter\CodeIgniter->run()
#8 {main}
ERROR - 2024-05-02 09:12:49 --> IMAP connection failed: InvalidArgumentException: Argument 1 passed to PhpImap\Imap::search must be a valid resource! in C:\xampp\htdocs\helpdeskz-ipa\helpdeskz-ipa\hdz\vendor\php-imap\php-imap\src\PhpImap\Imap.php:1077
Stack trace:
#0 C:\xampp\htdocs\helpdeskz-ipa\helpdeskz-ipa\hdz\vendor\php-imap\php-imap\src\PhpImap\Imap.php(1094): PhpImap\Imap::EnsureResource(Object(IMAP\Connection), 'PhpImap\\Imap::s...', 1)
#1 C:\xampp\htdocs\helpdeskz-ipa\helpdeskz-ipa\hdz\vendor\php-imap\php-imap\src\PhpImap\Imap.php(821): PhpImap\Imap::EnsureConnection(Object(IMAP\Connection), 'PhpImap\\Imap::s...', 1)
#2 C:\xampp\htdocs\helpdeskz-ipa\helpdeskz-ipa\hdz\vendor\php-imap\php-imap\src\PhpImap\Mailbox.php(621): PhpImap\Imap::search(Object(IMAP\Connection), 'ALL', 1, 'UTF-8')
#3 C:\xampp\htdocs\helpdeskz-ipa\helpdeskz-ipa\hdz\app\Libraries\MailFetcher.php(38): PhpImap\Mailbox->searchMailbox('ALL')
#4 C:\xampp\htdocs\helpdeskz-ipa\helpdeskz-ipa\hdz\app\Controllers\MailFetcher.php(16): App\Libraries\MailFetcher->parse_imap()
#5 C:\xampp\htdocs\helpdeskz-ipa\helpdeskz-ipa\hdz\framework\CodeIgniter.php(936): App\Controllers\MailFetcher->imap()
#6 C:\xampp\htdocs\helpdeskz-ipa\helpdeskz-ipa\hdz\framework\CodeIgniter.php(432): CodeIgniter\CodeIgniter->runController(Object(App\Controllers\MailFetcher))
#7 C:\xampp\htdocs\helpdeskz-ipa\helpdeskz-ipa\hdz\framework\CodeIgniter.php(333): CodeIgniter\CodeIgniter->handleRequest(NULL, Object(Config\Cache), false)
#8 C:\xampp\htdocs\helpdeskz-ipa\helpdeskz-ipa\index.php(44): CodeIgniter\CodeIgniter->run()
#9 {main}

Next PhpImap\Exceptions\ConnectionException: Argument 1 passed to PhpImap\Imap::search must be valid resource! in C:\xampp\htdocs\helpdeskz-ipa\helpdeskz-ipa\hdz\vendor\php-imap\php-imap\src\PhpImap\Imap.php:1096
Stack trace:
#0 C:\xampp\htdocs\helpdeskz-ipa\helpdeskz-ipa\hdz\vendor\php-imap\php-imap\src\PhpImap\Imap.php(821): PhpImap\Imap::EnsureConnection(Object(IMAP\Connection), 'PhpImap\\Imap::s...', 1)
#1 C:\xampp\htdocs\helpdeskz-ipa\helpdeskz-ipa\hdz\vendor\php-imap\php-imap\src\PhpImap\Mailbox.php(621): PhpImap\Imap::search(Object(IMAP\Connection), 'ALL', 1, 'UTF-8')
#2 C:\xampp\htdocs\helpdeskz-ipa\helpdeskz-ipa\hdz\app\Libraries\MailFetcher.php(38): PhpImap\Mailbox->searchMailbox('ALL')
#3 C:\xampp\htdocs\helpdeskz-ipa\helpdeskz-ipa\hdz\app\Controllers\MailFetcher.php(16): App\Libraries\MailFetcher->parse_imap()
#4 C:\xampp\htdocs\helpdeskz-ipa\helpdeskz-ipa\hdz\framework\CodeIgniter.php(936): App\Controllers\MailFetcher->imap()
#5 C:\xampp\htdocs\helpdeskz-ipa\helpdeskz-ipa\hdz\framework\CodeIgniter.php(432): CodeIgniter\CodeIgniter->runController(Object(App\Controllers\MailFetcher))
#6 C:\xampp\htdocs\helpdeskz-ipa\helpdeskz-ipa\hdz\framework\CodeIgniter.php(333): CodeIgniter\CodeIgniter->handleRequest(NULL, Object(Config\Cache), false)
#7 C:\xampp\htdocs\helpdeskz-ipa\helpdeskz-ipa\index.php(44): CodeIgniter\CodeIgniter->run()
#8 {main}
ERROR - 2024-05-02 09:13:49 --> IMAP connection failed: InvalidArgumentException: Argument 1 passed to PhpImap\Imap::search must be a valid resource! in C:\xampp\htdocs\helpdeskz-ipa\helpdeskz-ipa\hdz\vendor\php-imap\php-imap\src\PhpImap\Imap.php:1077
Stack trace:
#0 C:\xampp\htdocs\helpdeskz-ipa\helpdeskz-ipa\hdz\vendor\php-imap\php-imap\src\PhpImap\Imap.php(1094): PhpImap\Imap::EnsureResource(Object(IMAP\Connection), 'PhpImap\\Imap::s...', 1)
#1 C:\xampp\htdocs\helpdeskz-ipa\helpdeskz-ipa\hdz\vendor\php-imap\php-imap\src\PhpImap\Imap.php(821): PhpImap\Imap::EnsureConnection(Object(IMAP\Connection), 'PhpImap\\Imap::s...', 1)
#2 C:\xampp\htdocs\helpdeskz-ipa\helpdeskz-ipa\hdz\vendor\php-imap\php-imap\src\PhpImap\Mailbox.php(621): PhpImap\Imap::search(Object(IMAP\Connection), 'ALL', 1, 'UTF-8')
#3 C:\xampp\htdocs\helpdeskz-ipa\helpdeskz-ipa\hdz\app\Libraries\MailFetcher.php(38): PhpImap\Mailbox->searchMailbox('ALL')
#4 C:\xampp\htdocs\helpdeskz-ipa\helpdeskz-ipa\hdz\app\Controllers\MailFetcher.php(16): App\Libraries\MailFetcher->parse_imap()
#5 C:\xampp\htdocs\helpdeskz-ipa\helpdeskz-ipa\hdz\framework\CodeIgniter.php(936): App\Controllers\MailFetcher->imap()
#6 C:\xampp\htdocs\helpdeskz-ipa\helpdeskz-ipa\hdz\framework\CodeIgniter.php(432): CodeIgniter\CodeIgniter->runController(Object(App\Controllers\MailFetcher))
#7 C:\xampp\htdocs\helpdeskz-ipa\helpdeskz-ipa\hdz\framework\CodeIgniter.php(333): CodeIgniter\CodeIgniter->handleRequest(NULL, Object(Config\Cache), false)
#8 C:\xampp\htdocs\helpdeskz-ipa\helpdeskz-ipa\index.php(44): CodeIgniter\CodeIgniter->run()
#9 {main}

Next PhpImap\Exceptions\ConnectionException: Argument 1 passed to PhpImap\Imap::search must be valid resource! in C:\xampp\htdocs\helpdeskz-ipa\helpdeskz-ipa\hdz\vendor\php-imap\php-imap\src\PhpImap\Imap.php:1096
Stack trace:
#0 C:\xampp\htdocs\helpdeskz-ipa\helpdeskz-ipa\hdz\vendor\php-imap\php-imap\src\PhpImap\Imap.php(821): PhpImap\Imap::EnsureConnection(Object(IMAP\Connection), 'PhpImap\\Imap::s...', 1)
#1 C:\xampp\htdocs\helpdeskz-ipa\helpdeskz-ipa\hdz\vendor\php-imap\php-imap\src\PhpImap\Mailbox.php(621): PhpImap\Imap::search(Object(IMAP\Connection), 'ALL', 1, 'UTF-8')
#2 C:\xampp\htdocs\helpdeskz-ipa\helpdeskz-ipa\hdz\app\Libraries\MailFetcher.php(38): PhpImap\Mailbox->searchMailbox('ALL')
#3 C:\xampp\htdocs\helpdeskz-ipa\helpdeskz-ipa\hdz\app\Controllers\MailFetcher.php(16): App\Libraries\MailFetcher->parse_imap()
#4 C:\xampp\htdocs\helpdeskz-ipa\helpdeskz-ipa\hdz\framework\CodeIgniter.php(936): App\Controllers\MailFetcher->imap()
#5 C:\xampp\htdocs\helpdeskz-ipa\helpdeskz-ipa\hdz\framework\CodeIgniter.php(432): CodeIgniter\CodeIgniter->runController(Object(App\Controllers\MailFetcher))
#6 C:\xampp\htdocs\helpdeskz-ipa\helpdeskz-ipa\hdz\framework\CodeIgniter.php(333): CodeIgniter\CodeIgniter->handleRequest(NULL, Object(Config\Cache), false)
#7 C:\xampp\htdocs\helpdeskz-ipa\helpdeskz-ipa\index.php(44): CodeIgniter\CodeIgniter->run()
#8 {main}
ERROR - 2024-05-02 09:14:49 --> IMAP connection failed: InvalidArgumentException: Argument 1 passed to PhpImap\Imap::search must be a valid resource! in C:\xampp\htdocs\helpdeskz-ipa\helpdeskz-ipa\hdz\vendor\php-imap\php-imap\src\PhpImap\Imap.php:1077
Stack trace:
#0 C:\xampp\htdocs\helpdeskz-ipa\helpdeskz-ipa\hdz\vendor\php-imap\php-imap\src\PhpImap\Imap.php(1094): PhpImap\Imap::EnsureResource(Object(IMAP\Connection), 'PhpImap\\Imap::s...', 1)
#1 C:\xampp\htdocs\helpdeskz-ipa\helpdeskz-ipa\hdz\vendor\php-imap\php-imap\src\PhpImap\Imap.php(821): PhpImap\Imap::EnsureConnection(Object(IMAP\Connection), 'PhpImap\\Imap::s...', 1)
#2 C:\xampp\htdocs\helpdeskz-ipa\helpdeskz-ipa\hdz\vendor\php-imap\php-imap\src\PhpImap\Mailbox.php(621): PhpImap\Imap::search(Object(IMAP\Connection), 'ALL', 1, 'UTF-8')
#3 C:\xampp\htdocs\helpdeskz-ipa\helpdeskz-ipa\hdz\app\Libraries\MailFetcher.php(38): PhpImap\Mailbox->searchMailbox('ALL')
#4 C:\xampp\htdocs\helpdeskz-ipa\helpdeskz-ipa\hdz\app\Controllers\MailFetcher.php(16): App\Libraries\MailFetcher->parse_imap()
#5 C:\xampp\htdocs\helpdeskz-ipa\helpdeskz-ipa\hdz\framework\CodeIgniter.php(936): App\Controllers\MailFetcher->imap()
#6 C:\xampp\htdocs\helpdeskz-ipa\helpdeskz-ipa\hdz\framework\CodeIgniter.php(432): CodeIgniter\CodeIgniter->runController(Object(App\Controllers\MailFetcher))
#7 C:\xampp\htdocs\helpdeskz-ipa\helpdeskz-ipa\hdz\framework\CodeIgniter.php(333): CodeIgniter\CodeIgniter->handleRequest(NULL, Object(Config\Cache), false)
#8 C:\xampp\htdocs\helpdeskz-ipa\helpdeskz-ipa\index.php(44): CodeIgniter\CodeIgniter->run()
#9 {main}

Next PhpImap\Exceptions\ConnectionException: Argument 1 passed to PhpImap\Imap::search must be valid resource! in C:\xampp\htdocs\helpdeskz-ipa\helpdeskz-ipa\hdz\vendor\php-imap\php-imap\src\PhpImap\Imap.php:1096
Stack trace:
#0 C:\xampp\htdocs\helpdeskz-ipa\helpdeskz-ipa\hdz\vendor\php-imap\php-imap\src\PhpImap\Imap.php(821): PhpImap\Imap::EnsureConnection(Object(IMAP\Connection), 'PhpImap\\Imap::s...', 1)
#1 C:\xampp\htdocs\helpdeskz-ipa\helpdeskz-ipa\hdz\vendor\php-imap\php-imap\src\PhpImap\Mailbox.php(621): PhpImap\Imap::search(Object(IMAP\Connection), 'ALL', 1, 'UTF-8')
#2 C:\xampp\htdocs\helpdeskz-ipa\helpdeskz-ipa\hdz\app\Libraries\MailFetcher.php(38): PhpImap\Mailbox->searchMailbox('ALL')
#3 C:\xampp\htdocs\helpdeskz-ipa\helpdeskz-ipa\hdz\app\Controllers\MailFetcher.php(16): App\Libraries\MailFetcher->parse_imap()
#4 C:\xampp\htdocs\helpdeskz-ipa\helpdeskz-ipa\hdz\framework\CodeIgniter.php(936): App\Controllers\MailFetcher->imap()
#5 C:\xampp\htdocs\helpdeskz-ipa\helpdeskz-ipa\hdz\framework\CodeIgniter.php(432): CodeIgniter\CodeIgniter->runController(Object(App\Controllers\MailFetcher))
#6 C:\xampp\htdocs\helpdeskz-ipa\helpdeskz-ipa\hdz\framework\CodeIgniter.php(333): CodeIgniter\CodeIgniter->handleRequest(NULL, Object(Config\Cache), false)
#7 C:\xampp\htdocs\helpdeskz-ipa\helpdeskz-ipa\index.php(44): CodeIgniter\CodeIgniter->run()
#8 {main}
ERROR - 2024-05-02 09:15:49 --> IMAP connection failed: InvalidArgumentException: Argument 1 passed to PhpImap\Imap::search must be a valid resource! in C:\xampp\htdocs\helpdeskz-ipa\helpdeskz-ipa\hdz\vendor\php-imap\php-imap\src\PhpImap\Imap.php:1077
Stack trace:
#0 C:\xampp\htdocs\helpdeskz-ipa\helpdeskz-ipa\hdz\vendor\php-imap\php-imap\src\PhpImap\Imap.php(1094): PhpImap\Imap::EnsureResource(Object(IMAP\Connection), 'PhpImap\\Imap::s...', 1)
#1 C:\xampp\htdocs\helpdeskz-ipa\helpdeskz-ipa\hdz\vendor\php-imap\php-imap\src\PhpImap\Imap.php(821): PhpImap\Imap::EnsureConnection(Object(IMAP\Connection), 'PhpImap\\Imap::s...', 1)
#2 C:\xampp\htdocs\helpdeskz-ipa\helpdeskz-ipa\hdz\vendor\php-imap\php-imap\src\PhpImap\Mailbox.php(621): PhpImap\Imap::search(Object(IMAP\Connection), 'ALL', 1, 'UTF-8')
#3 C:\xampp\htdocs\helpdeskz-ipa\helpdeskz-ipa\hdz\app\Libraries\MailFetcher.php(38): PhpImap\Mailbox->searchMailbox('ALL')
#4 C:\xampp\htdocs\helpdeskz-ipa\helpdeskz-ipa\hdz\app\Controllers\MailFetcher.php(16): App\Libraries\MailFetcher->parse_imap()
#5 C:\xampp\htdocs\helpdeskz-ipa\helpdeskz-ipa\hdz\framework\CodeIgniter.php(936): App\Controllers\MailFetcher->imap()
#6 C:\xampp\htdocs\helpdeskz-ipa\helpdeskz-ipa\hdz\framework\CodeIgniter.php(432): CodeIgniter\CodeIgniter->runController(Object(App\Controllers\MailFetcher))
#7 C:\xampp\htdocs\helpdeskz-ipa\helpdeskz-ipa\hdz\framework\CodeIgniter.php(333): CodeIgniter\CodeIgniter->handleRequest(NULL, Object(Config\Cache), false)
#8 C:\xampp\htdocs\helpdeskz-ipa\helpdeskz-ipa\index.php(44): CodeIgniter\CodeIgniter->run()
#9 {main}

Next PhpImap\Exceptions\ConnectionException: Argument 1 passed to PhpImap\Imap::search must be valid resource! in C:\xampp\htdocs\helpdeskz-ipa\helpdeskz-ipa\hdz\vendor\php-imap\php-imap\src\PhpImap\Imap.php:1096
Stack trace:
#0 C:\xampp\htdocs\helpdeskz-ipa\helpdeskz-ipa\hdz\vendor\php-imap\php-imap\src\PhpImap\Imap.php(821): PhpImap\Imap::EnsureConnection(Object(IMAP\Connection), 'PhpImap\\Imap::s...', 1)
#1 C:\xampp\htdocs\helpdeskz-ipa\helpdeskz-ipa\hdz\vendor\php-imap\php-imap\src\PhpImap\Mailbox.php(621): PhpImap\Imap::search(Object(IMAP\Connection), 'ALL', 1, 'UTF-8')
#2 C:\xampp\htdocs\helpdeskz-ipa\helpdeskz-ipa\hdz\app\Libraries\MailFetcher.php(38): PhpImap\Mailbox->searchMailbox('ALL')
#3 C:\xampp\htdocs\helpdeskz-ipa\helpdeskz-ipa\hdz\app\Controllers\MailFetcher.php(16): App\Libraries\MailFetcher->parse_imap()
#4 C:\xampp\htdocs\helpdeskz-ipa\helpdeskz-ipa\hdz\framework\CodeIgniter.php(936): App\Controllers\MailFetcher->imap()
#5 C:\xampp\htdocs\helpdeskz-ipa\helpdeskz-ipa\hdz\framework\CodeIgniter.php(432): CodeIgniter\CodeIgniter->runController(Object(App\Controllers\MailFetcher))
#6 C:\xampp\htdocs\helpdeskz-ipa\helpdeskz-ipa\hdz\framework\CodeIgniter.php(333): CodeIgniter\CodeIgniter->handleRequest(NULL, Object(Config\Cache), false)
#7 C:\xampp\htdocs\helpdeskz-ipa\helpdeskz-ipa\index.php(44): CodeIgniter\CodeIgniter->run()
#8 {main}
ERROR - 2024-05-02 09:16:49 --> IMAP connection failed: InvalidArgumentException: Argument 1 passed to PhpImap\Imap::search must be a valid resource! in C:\xampp\htdocs\helpdeskz-ipa\helpdeskz-ipa\hdz\vendor\php-imap\php-imap\src\PhpImap\Imap.php:1077
Stack trace:
#0 C:\xampp\htdocs\helpdeskz-ipa\helpdeskz-ipa\hdz\vendor\php-imap\php-imap\src\PhpImap\Imap.php(1094): PhpImap\Imap::EnsureResource(Object(IMAP\Connection), 'PhpImap\\Imap::s...', 1)
#1 C:\xampp\htdocs\helpdeskz-ipa\helpdeskz-ipa\hdz\vendor\php-imap\php-imap\src\PhpImap\Imap.php(821): PhpImap\Imap::EnsureConnection(Object(IMAP\Connection), 'PhpImap\\Imap::s...', 1)
#2 C:\xampp\htdocs\helpdeskz-ipa\helpdeskz-ipa\hdz\vendor\php-imap\php-imap\src\PhpImap\Mailbox.php(621): PhpImap\Imap::search(Object(IMAP\Connection), 'ALL', 1, 'UTF-8')
#3 C:\xampp\htdocs\helpdeskz-ipa\helpdeskz-ipa\hdz\app\Libraries\MailFetcher.php(38): PhpImap\Mailbox->searchMailbox('ALL')
#4 C:\xampp\htdocs\helpdeskz-ipa\helpdeskz-ipa\hdz\app\Controllers\MailFetcher.php(16): App\Libraries\MailFetcher->parse_imap()
#5 C:\xampp\htdocs\helpdeskz-ipa\helpdeskz-ipa\hdz\framework\CodeIgniter.php(936): App\Controllers\MailFetcher->imap()
#6 C:\xampp\htdocs\helpdeskz-ipa\helpdeskz-ipa\hdz\framework\CodeIgniter.php(432): CodeIgniter\CodeIgniter->runController(Object(App\Controllers\MailFetcher))
#7 C:\xampp\htdocs\helpdeskz-ipa\helpdeskz-ipa\hdz\framework\CodeIgniter.php(333): CodeIgniter\CodeIgniter->handleRequest(NULL, Object(Config\Cache), false)
#8 C:\xampp\htdocs\helpdeskz-ipa\helpdeskz-ipa\index.php(44): CodeIgniter\CodeIgniter->run()
#9 {main}

Next PhpImap\Exceptions\ConnectionException: Argument 1 passed to PhpImap\Imap::search must be valid resource! in C:\xampp\htdocs\helpdeskz-ipa\helpdeskz-ipa\hdz\vendor\php-imap\php-imap\src\PhpImap\Imap.php:1096
Stack trace:
#0 C:\xampp\htdocs\helpdeskz-ipa\helpdeskz-ipa\hdz\vendor\php-imap\php-imap\src\PhpImap\Imap.php(821): PhpImap\Imap::EnsureConnection(Object(IMAP\Connection), 'PhpImap\\Imap::s...', 1)
#1 C:\xampp\htdocs\helpdeskz-ipa\helpdeskz-ipa\hdz\vendor\php-imap\php-imap\src\PhpImap\Mailbox.php(621): PhpImap\Imap::search(Object(IMAP\Connection), 'ALL', 1, 'UTF-8')
#2 C:\xampp\htdocs\helpdeskz-ipa\helpdeskz-ipa\hdz\app\Libraries\MailFetcher.php(38): PhpImap\Mailbox->searchMailbox('ALL')
#3 C:\xampp\htdocs\helpdeskz-ipa\helpdeskz-ipa\hdz\app\Controllers\MailFetcher.php(16): App\Libraries\MailFetcher->parse_imap()
#4 C:\xampp\htdocs\helpdeskz-ipa\helpdeskz-ipa\hdz\framework\CodeIgniter.php(936): App\Controllers\MailFetcher->imap()
#5 C:\xampp\htdocs\helpdeskz-ipa\helpdeskz-ipa\hdz\framework\CodeIgniter.php(432): CodeIgniter\CodeIgniter->runController(Object(App\Controllers\MailFetcher))
#6 C:\xampp\htdocs\helpdeskz-ipa\helpdeskz-ipa\hdz\framework\CodeIgniter.php(333): CodeIgniter\CodeIgniter->handleRequest(NULL, Object(Config\Cache), false)
#7 C:\xampp\htdocs\helpdeskz-ipa\helpdeskz-ipa\index.php(44): CodeIgniter\CodeIgniter->run()
#8 {main}
ERROR - 2024-05-02 09:17:49 --> IMAP connection failed: InvalidArgumentException: Argument 1 passed to PhpImap\Imap::search must be a valid resource! in C:\xampp\htdocs\helpdeskz-ipa\helpdeskz-ipa\hdz\vendor\php-imap\php-imap\src\PhpImap\Imap.php:1077
Stack trace:
#0 C:\xampp\htdocs\helpdeskz-ipa\helpdeskz-ipa\hdz\vendor\php-imap\php-imap\src\PhpImap\Imap.php(1094): PhpImap\Imap::EnsureResource(Object(IMAP\Connection), 'PhpImap\\Imap::s...', 1)
#1 C:\xampp\htdocs\helpdeskz-ipa\helpdeskz-ipa\hdz\vendor\php-imap\php-imap\src\PhpImap\Imap.php(821): PhpImap\Imap::EnsureConnection(Object(IMAP\Connection), 'PhpImap\\Imap::s...', 1)
#2 C:\xampp\htdocs\helpdeskz-ipa\helpdeskz-ipa\hdz\vendor\php-imap\php-imap\src\PhpImap\Mailbox.php(621): PhpImap\Imap::search(Object(IMAP\Connection), 'ALL', 1, 'UTF-8')
#3 C:\xampp\htdocs\helpdeskz-ipa\helpdeskz-ipa\hdz\app\Libraries\MailFetcher.php(38): PhpImap\Mailbox->searchMailbox('ALL')
#4 C:\xampp\htdocs\helpdeskz-ipa\helpdeskz-ipa\hdz\app\Controllers\MailFetcher.php(16): App\Libraries\MailFetcher->parse_imap()
#5 C:\xampp\htdocs\helpdeskz-ipa\helpdeskz-ipa\hdz\framework\CodeIgniter.php(936): App\Controllers\MailFetcher->imap()
#6 C:\xampp\htdocs\helpdeskz-ipa\helpdeskz-ipa\hdz\framework\CodeIgniter.php(432): CodeIgniter\CodeIgniter->runController(Object(App\Controllers\MailFetcher))
#7 C:\xampp\htdocs\helpdeskz-ipa\helpdeskz-ipa\hdz\framework\CodeIgniter.php(333): CodeIgniter\CodeIgniter->handleRequest(NULL, Object(Config\Cache), false)
#8 C:\xampp\htdocs\helpdeskz-ipa\helpdeskz-ipa\index.php(44): CodeIgniter\CodeIgniter->run()
#9 {main}

Next PhpImap\Exceptions\ConnectionException: Argument 1 passed to PhpImap\Imap::search must be valid resource! in C:\xampp\htdocs\helpdeskz-ipa\helpdeskz-ipa\hdz\vendor\php-imap\php-imap\src\PhpImap\Imap.php:1096
Stack trace:
#0 C:\xampp\htdocs\helpdeskz-ipa\helpdeskz-ipa\hdz\vendor\php-imap\php-imap\src\PhpImap\Imap.php(821): PhpImap\Imap::EnsureConnection(Object(IMAP\Connection), 'PhpImap\\Imap::s...', 1)
#1 C:\xampp\htdocs\helpdeskz-ipa\helpdeskz-ipa\hdz\vendor\php-imap\php-imap\src\PhpImap\Mailbox.php(621): PhpImap\Imap::search(Object(IMAP\Connection), 'ALL', 1, 'UTF-8')
#2 C:\xampp\htdocs\helpdeskz-ipa\helpdeskz-ipa\hdz\app\Libraries\MailFetcher.php(38): PhpImap\Mailbox->searchMailbox('ALL')
#3 C:\xampp\htdocs\helpdeskz-ipa\helpdeskz-ipa\hdz\app\Controllers\MailFetcher.php(16): App\Libraries\MailFetcher->parse_imap()
#4 C:\xampp\htdocs\helpdeskz-ipa\helpdeskz-ipa\hdz\framework\CodeIgniter.php(936): App\Controllers\MailFetcher->imap()
#5 C:\xampp\htdocs\helpdeskz-ipa\helpdeskz-ipa\hdz\framework\CodeIgniter.php(432): CodeIgniter\CodeIgniter->runController(Object(App\Controllers\MailFetcher))
#6 C:\xampp\htdocs\helpdeskz-ipa\helpdeskz-ipa\hdz\framework\CodeIgniter.php(333): CodeIgniter\CodeIgniter->handleRequest(NULL, Object(Config\Cache), false)
#7 C:\xampp\htdocs\helpdeskz-ipa\helpdeskz-ipa\index.php(44): CodeIgniter\CodeIgniter->run()
#8 {main}
ERROR - 2024-05-02 09:18:49 --> IMAP connection failed: InvalidArgumentException: Argument 1 passed to PhpImap\Imap::search must be a valid resource! in C:\xampp\htdocs\helpdeskz-ipa\helpdeskz-ipa\hdz\vendor\php-imap\php-imap\src\PhpImap\Imap.php:1077
Stack trace:
#0 C:\xampp\htdocs\helpdeskz-ipa\helpdeskz-ipa\hdz\vendor\php-imap\php-imap\src\PhpImap\Imap.php(1094): PhpImap\Imap::EnsureResource(Object(IMAP\Connection), 'PhpImap\\Imap::s...', 1)
#1 C:\xampp\htdocs\helpdeskz-ipa\helpdeskz-ipa\hdz\vendor\php-imap\php-imap\src\PhpImap\Imap.php(821): PhpImap\Imap::EnsureConnection(Object(IMAP\Connection), 'PhpImap\\Imap::s...', 1)
#2 C:\xampp\htdocs\helpdeskz-ipa\helpdeskz-ipa\hdz\vendor\php-imap\php-imap\src\PhpImap\Mailbox.php(621): PhpImap\Imap::search(Object(IMAP\Connection), 'ALL', 1, 'UTF-8')
#3 C:\xampp\htdocs\helpdeskz-ipa\helpdeskz-ipa\hdz\app\Libraries\MailFetcher.php(38): PhpImap\Mailbox->searchMailbox('ALL')
#4 C:\xampp\htdocs\helpdeskz-ipa\helpdeskz-ipa\hdz\app\Controllers\MailFetcher.php(16): App\Libraries\MailFetcher->parse_imap()
#5 C:\xampp\htdocs\helpdeskz-ipa\helpdeskz-ipa\hdz\framework\CodeIgniter.php(936): App\Controllers\MailFetcher->imap()
#6 C:\xampp\htdocs\helpdeskz-ipa\helpdeskz-ipa\hdz\framework\CodeIgniter.php(432): CodeIgniter\CodeIgniter->runController(Object(App\Controllers\MailFetcher))
#7 C:\xampp\htdocs\helpdeskz-ipa\helpdeskz-ipa\hdz\framework\CodeIgniter.php(333): CodeIgniter\CodeIgniter->handleRequest(NULL, Object(Config\Cache), false)
#8 C:\xampp\htdocs\helpdeskz-ipa\helpdeskz-ipa\index.php(44): CodeIgniter\CodeIgniter->run()
#9 {main}

Next PhpImap\Exceptions\ConnectionException: Argument 1 passed to PhpImap\Imap::search must be valid resource! in C:\xampp\htdocs\helpdeskz-ipa\helpdeskz-ipa\hdz\vendor\php-imap\php-imap\src\PhpImap\Imap.php:1096
Stack trace:
#0 C:\xampp\htdocs\helpdeskz-ipa\helpdeskz-ipa\hdz\vendor\php-imap\php-imap\src\PhpImap\Imap.php(821): PhpImap\Imap::EnsureConnection(Object(IMAP\Connection), 'PhpImap\\Imap::s...', 1)
#1 C:\xampp\htdocs\helpdeskz-ipa\helpdeskz-ipa\hdz\vendor\php-imap\php-imap\src\PhpImap\Mailbox.php(621): PhpImap\Imap::search(Object(IMAP\Connection), 'ALL', 1, 'UTF-8')
#2 C:\xampp\htdocs\helpdeskz-ipa\helpdeskz-ipa\hdz\app\Libraries\MailFetcher.php(38): PhpImap\Mailbox->searchMailbox('ALL')
#3 C:\xampp\htdocs\helpdeskz-ipa\helpdeskz-ipa\hdz\app\Controllers\MailFetcher.php(16): App\Libraries\MailFetcher->parse_imap()
#4 C:\xampp\htdocs\helpdeskz-ipa\helpdeskz-ipa\hdz\framework\CodeIgniter.php(936): App\Controllers\MailFetcher->imap()
#5 C:\xampp\htdocs\helpdeskz-ipa\helpdeskz-ipa\hdz\framework\CodeIgniter.php(432): CodeIgniter\CodeIgniter->runController(Object(App\Controllers\MailFetcher))
#6 C:\xampp\htdocs\helpdeskz-ipa\helpdeskz-ipa\hdz\framework\CodeIgniter.php(333): CodeIgniter\CodeIgniter->handleRequest(NULL, Object(Config\Cache), false)
#7 C:\xampp\htdocs\helpdeskz-ipa\helpdeskz-ipa\index.php(44): CodeIgniter\CodeIgniter->run()
#8 {main}
CRITICAL - 2024-05-02 10:11:24 --> IMAP\Connection is already closed
#0 C:\xampp\htdocs\helpdeskz-ipa\helpdeskz-ipa\hdz\vendor\php-imap\php-imap\src\PhpImap\Mailbox.php(479): imap_ping(Object(IMAP\Connection))
#1 C:\xampp\htdocs\helpdeskz-ipa\helpdeskz-ipa\hdz\vendor\php-imap\php-imap\src\PhpImap\Mailbox.php(544): PhpImap\Mailbox->hasImapStream()
#2 C:\xampp\htdocs\helpdeskz-ipa\helpdeskz-ipa\hdz\vendor\php-imap\php-imap\src\PhpImap\Mailbox.php(187): PhpImap\Mailbox->disconnect()
#3 C:\xampp\htdocs\helpdeskz-ipa\helpdeskz-ipa\hdz\app\Controllers\MailFetcher.php(16): PhpImap\Mailbox->__destruct()
#4 C:\xampp\htdocs\helpdeskz-ipa\helpdeskz-ipa\hdz\framework\CodeIgniter.php(936): App\Controllers\MailFetcher->imap()
#5 C:\xampp\htdocs\helpdeskz-ipa\helpdeskz-ipa\hdz\framework\CodeIgniter.php(432): CodeIgniter\CodeIgniter->runController(Object(App\Controllers\MailFetcher))
#6 C:\xampp\htdocs\helpdeskz-ipa\helpdeskz-ipa\hdz\framework\CodeIgniter.php(333): CodeIgniter\CodeIgniter->handleRequest(NULL, Object(Config\Cache), false)
#7 C:\xampp\htdocs\helpdeskz-ipa\helpdeskz-ipa\index.php(44): CodeIgniter\CodeIgniter->run()
#8 {main}
CRITICAL - 2024-05-02 10:12:37 --> IMAP\Connection is already closed
#0 C:\xampp\htdocs\helpdeskz-ipa\helpdeskz-ipa\hdz\vendor\php-imap\php-imap\src\PhpImap\Mailbox.php(479): imap_ping(Object(IMAP\Connection))
#1 C:\xampp\htdocs\helpdeskz-ipa\helpdeskz-ipa\hdz\vendor\php-imap\php-imap\src\PhpImap\Mailbox.php(544): PhpImap\Mailbox->hasImapStream()
#2 C:\xampp\htdocs\helpdeskz-ipa\helpdeskz-ipa\hdz\vendor\php-imap\php-imap\src\PhpImap\Mailbox.php(187): PhpImap\Mailbox->disconnect()
#3 C:\xampp\htdocs\helpdeskz-ipa\helpdeskz-ipa\hdz\app\Controllers\MailFetcher.php(16): PhpImap\Mailbox->__destruct()
#4 C:\xampp\htdocs\helpdeskz-ipa\helpdeskz-ipa\hdz\framework\CodeIgniter.php(936): App\Controllers\MailFetcher->imap()
#5 C:\xampp\htdocs\helpdeskz-ipa\helpdeskz-ipa\hdz\framework\CodeIgniter.php(432): CodeIgniter\CodeIgniter->runController(Object(App\Controllers\MailFetcher))
#6 C:\xampp\htdocs\helpdeskz-ipa\helpdeskz-ipa\hdz\framework\CodeIgniter.php(333): CodeIgniter\CodeIgniter->handleRequest(NULL, Object(Config\Cache), false)
#7 C:\xampp\htdocs\helpdeskz-ipa\helpdeskz-ipa\index.php(44): CodeIgniter\CodeIgniter->run()
#8 {main}
CRITICAL - 2024-05-02 10:38:31 --> IMAP\Connection is already closed
#0 C:\xampp\htdocs\helpdeskz-ipa\helpdeskz-ipa\hdz\vendor\php-imap\php-imap\src\PhpImap\Mailbox.php(479): imap_ping(Object(IMAP\Connection))
#1 C:\xampp\htdocs\helpdeskz-ipa\helpdeskz-ipa\hdz\vendor\php-imap\php-imap\src\PhpImap\Mailbox.php(544): PhpImap\Mailbox->hasImapStream()
#2 C:\xampp\htdocs\helpdeskz-ipa\helpdeskz-ipa\hdz\vendor\php-imap\php-imap\src\PhpImap\Mailbox.php(187): PhpImap\Mailbox->disconnect()
#3 C:\xampp\htdocs\helpdeskz-ipa\helpdeskz-ipa\hdz\app\Controllers\MailFetcher.php(16): PhpImap\Mailbox->__destruct()
#4 C:\xampp\htdocs\helpdeskz-ipa\helpdeskz-ipa\hdz\framework\CodeIgniter.php(936): App\Controllers\MailFetcher->imap()
#5 C:\xampp\htdocs\helpdeskz-ipa\helpdeskz-ipa\hdz\framework\CodeIgniter.php(432): CodeIgniter\CodeIgniter->runController(Object(App\Controllers\MailFetcher))
#6 C:\xampp\htdocs\helpdeskz-ipa\helpdeskz-ipa\hdz\framework\CodeIgniter.php(333): CodeIgniter\CodeIgniter->handleRequest(NULL, Object(Config\Cache), false)
#7 C:\xampp\htdocs\helpdeskz-ipa\helpdeskz-ipa\index.php(44): CodeIgniter\CodeIgniter->run()
#8 {main}
