ERROR - 2024-05-07 04:11:40 --> Error connecting to the database: Unknown database 'helpdeskz'
CRITICAL - 2024-05-07 04:11:40 --> Unable to connect to the database.
#0 C:\xampp\htdocs\helpdeskz-ipa\helpdeskz-ipa\hdz\framework\Database\BaseConnection.php(618): CodeIgniter\Database\BaseConnection->initialize()
#1 C:\xampp\htdocs\helpdeskz-ipa\helpdeskz-ipa\hdz\framework\Database\BaseBuilder.php(1866): CodeIgniter\Database\BaseConnection->query('SELECT *\nFROM `...', Array, false)
#2 C:\xampp\htdocs\helpdeskz-ipa\helpdeskz-ipa\hdz\framework\Model.php(836): CodeIgniter\Database\BaseBuilder->get()
#3 C:\xampp\htdocs\helpdeskz-ipa\helpdeskz-ipa\hdz\app\Libraries\Kb.php(73): CodeIgniter\Model->__call('get', Array)
#4 C:\xampp\htdocs\helpdeskz-ipa\helpdeskz-ipa\hdz\app\Libraries\Kb.php(28): App\Libraries\Kb->publicCatList()
#5 C:\xampp\htdocs\helpdeskz-ipa\helpdeskz-ipa\hdz\app\Config\Services.php(41): App\Libraries\Kb->__construct()
#6 C:\xampp\htdocs\helpdeskz-ipa\helpdeskz-ipa\hdz\framework\Config\BaseService.php(100): Config\Services::kb(false)
#7 C:\xampp\htdocs\helpdeskz-ipa\helpdeskz-ipa\hdz\app\Config\Services.php(39): CodeIgniter\Config\BaseService::getSharedInstance('kb')
#8 C:\xampp\htdocs\helpdeskz-ipa\helpdeskz-ipa\hdz\app\Helpers\helpdesk_helper.php(123): Config\Services::kb()
#9 C:\xampp\htdocs\helpdeskz-ipa\helpdeskz-ipa\hdz\app\Views\client\page_template.php(39): kb_popular()
#10 C:\xampp\htdocs\helpdeskz-ipa\helpdeskz-ipa\hdz\framework\View\View.php(220): include('C:\\xampp\\htdocs...')
#11 C:\xampp\htdocs\helpdeskz-ipa\helpdeskz-ipa\hdz\framework\View\View.php(222): CodeIgniter\View\View->CodeIgniter\View\{closure}()
#12 C:\xampp\htdocs\helpdeskz-ipa\helpdeskz-ipa\hdz\framework\View\View.php(236): CodeIgniter\View\View->render('client/page_tem...', Array, true)
#13 C:\xampp\htdocs\helpdeskz-ipa\helpdeskz-ipa\hdz\framework\Common.php(1217): CodeIgniter\View\View->render('client/error', Array, true)
#14 C:\xampp\htdocs\helpdeskz-ipa\helpdeskz-ipa\hdz\app\Controllers\Kb.php(10): view('client/error', Array)
#15 C:\xampp\htdocs\helpdeskz-ipa\helpdeskz-ipa\hdz\framework\CodeIgniter.php(936): App\Controllers\Kb->error404()
#16 C:\xampp\htdocs\helpdeskz-ipa\helpdeskz-ipa\hdz\framework\CodeIgniter.php(970): CodeIgniter\CodeIgniter->runController(Object(App\Controllers\Kb))
#17 C:\xampp\htdocs\helpdeskz-ipa\helpdeskz-ipa\hdz\framework\CodeIgniter.php(349): CodeIgniter\CodeIgniter->display404errors(Object(CodeIgniter\Exceptions\PageNotFoundException))
#18 C:\xampp\htdocs\helpdeskz-ipa\helpdeskz-ipa\index.php(44): CodeIgniter\CodeIgniter->run()
#19 {main}
ERROR - 2024-05-07 04:12:42 --> mysqli_sql_exception: Table 'helpdeskz.hdz_config' doesn't exist in C:\xampp\htdocs\helpdeskz-ipa\helpdeskz-ipa\hdz\framework\Database\MySQLi\Connection.php:314
Stack trace:
#0 C:\xampp\htdocs\helpdeskz-ipa\helpdeskz-ipa\hdz\framework\Database\MySQLi\Connection.php(314): mysqli->query('SELECT *\nFROM `...')
#1 C:\xampp\htdocs\helpdeskz-ipa\helpdeskz-ipa\hdz\framework\Database\BaseConnection.php(713): CodeIgniter\Database\MySQLi\Connection->execute('SELECT *\nFROM `...')
#2 C:\xampp\htdocs\helpdeskz-ipa\helpdeskz-ipa\hdz\framework\Database\BaseConnection.php(641): CodeIgniter\Database\BaseConnection->simpleQuery('SELECT *\nFROM `...')
#3 C:\xampp\htdocs\helpdeskz-ipa\helpdeskz-ipa\hdz\framework\Database\BaseBuilder.php(1866): CodeIgniter\Database\BaseConnection->query('SELECT *\nFROM `...', Array, false)
#4 C:\xampp\htdocs\helpdeskz-ipa\helpdeskz-ipa\hdz\app\Libraries\Settings.php(20): CodeIgniter\Database\BaseBuilder->get()
#5 C:\xampp\htdocs\helpdeskz-ipa\helpdeskz-ipa\hdz\app\Controllers\BaseController.php(71): App\Libraries\Settings->config('maintenance')
#6 C:\xampp\htdocs\helpdeskz-ipa\helpdeskz-ipa\hdz\framework\CodeIgniter.php(909): App\Controllers\BaseController->initController(Object(CodeIgniter\HTTP\IncomingRequest), Object(CodeIgniter\HTTP\Response), Object(CodeIgniter\Log\Logger))
#7 C:\xampp\htdocs\helpdeskz-ipa\helpdeskz-ipa\hdz\framework\CodeIgniter.php(969): CodeIgniter\CodeIgniter->createController()
#8 C:\xampp\htdocs\helpdeskz-ipa\helpdeskz-ipa\hdz\framework\CodeIgniter.php(349): CodeIgniter\CodeIgniter->display404errors(Object(CodeIgniter\Exceptions\PageNotFoundException))
#9 C:\xampp\htdocs\helpdeskz-ipa\helpdeskz-ipa\index.php(44): CodeIgniter\CodeIgniter->run()
#10 {main}
ERROR - 2024-05-07 04:12:42 --> mysqli_sql_exception: Table 'helpdeskz.hdz_kb_category' doesn't exist in C:\xampp\htdocs\helpdeskz-ipa\helpdeskz-ipa\hdz\framework\Database\MySQLi\Connection.php:314
Stack trace:
#0 C:\xampp\htdocs\helpdeskz-ipa\helpdeskz-ipa\hdz\framework\Database\MySQLi\Connection.php(314): mysqli->query('SELECT *\nFROM `...')
#1 C:\xampp\htdocs\helpdeskz-ipa\helpdeskz-ipa\hdz\framework\Database\BaseConnection.php(713): CodeIgniter\Database\MySQLi\Connection->execute('SELECT *\nFROM `...')
#2 C:\xampp\htdocs\helpdeskz-ipa\helpdeskz-ipa\hdz\framework\Database\BaseConnection.php(641): CodeIgniter\Database\BaseConnection->simpleQuery('SELECT *\nFROM `...')
#3 C:\xampp\htdocs\helpdeskz-ipa\helpdeskz-ipa\hdz\framework\Database\BaseBuilder.php(1866): CodeIgniter\Database\BaseConnection->query('SELECT *\nFROM `...', Array, false)
#4 C:\xampp\htdocs\helpdeskz-ipa\helpdeskz-ipa\hdz\framework\Model.php(836): CodeIgniter\Database\BaseBuilder->get()
#5 C:\xampp\htdocs\helpdeskz-ipa\helpdeskz-ipa\hdz\app\Libraries\Kb.php(73): CodeIgniter\Model->__call('get', Array)
#6 C:\xampp\htdocs\helpdeskz-ipa\helpdeskz-ipa\hdz\app\Libraries\Kb.php(28): App\Libraries\Kb->publicCatList()
#7 C:\xampp\htdocs\helpdeskz-ipa\helpdeskz-ipa\hdz\app\Config\Services.php(41): App\Libraries\Kb->__construct()
#8 C:\xampp\htdocs\helpdeskz-ipa\helpdeskz-ipa\hdz\framework\Config\BaseService.php(100): Config\Services::kb(false)
#9 C:\xampp\htdocs\helpdeskz-ipa\helpdeskz-ipa\hdz\app\Config\Services.php(39): CodeIgniter\Config\BaseService::getSharedInstance('kb')
#10 C:\xampp\htdocs\helpdeskz-ipa\helpdeskz-ipa\hdz\app\Helpers\helpdesk_helper.php(123): Config\Services::kb()
#11 C:\xampp\htdocs\helpdeskz-ipa\helpdeskz-ipa\hdz\app\Views\client\page_template.php(39): kb_popular()
#12 C:\xampp\htdocs\helpdeskz-ipa\helpdeskz-ipa\hdz\framework\View\View.php(220): include('C:\\xampp\\htdocs...')
#13 C:\xampp\htdocs\helpdeskz-ipa\helpdeskz-ipa\hdz\framework\View\View.php(222): CodeIgniter\View\View->CodeIgniter\View\{closure}()
#14 C:\xampp\htdocs\helpdeskz-ipa\helpdeskz-ipa\hdz\framework\View\View.php(236): CodeIgniter\View\View->render('client/page_tem...', Array, true)
#15 C:\xampp\htdocs\helpdeskz-ipa\helpdeskz-ipa\hdz\framework\Common.php(1217): CodeIgniter\View\View->render('client/error', Array, true)
#16 C:\xampp\htdocs\helpdeskz-ipa\helpdeskz-ipa\hdz\app\Controllers\Kb.php(10): view('client/error', Array)
#17 C:\xampp\htdocs\helpdeskz-ipa\helpdeskz-ipa\hdz\framework\CodeIgniter.php(936): App\Controllers\Kb->error404('assets', 'admin', 'js', 'vendor-all.min....')
#18 C:\xampp\htdocs\helpdeskz-ipa\helpdeskz-ipa\hdz\framework\CodeIgniter.php(970): CodeIgniter\CodeIgniter->runController(Object(App\Controllers\Kb))
#19 C:\xampp\htdocs\helpdeskz-ipa\helpdeskz-ipa\hdz\framework\CodeIgniter.php(349): CodeIgniter\CodeIgniter->display404errors(Object(CodeIgniter\Exceptions\PageNotFoundException))
#20 C:\xampp\htdocs\helpdeskz-ipa\helpdeskz-ipa\index.php(44): CodeIgniter\CodeIgniter->run()
#21 {main}
CRITICAL - 2024-05-07 04:12:42 --> Attempt to read property "num_rows" on bool
#0 C:\xampp\htdocs\helpdeskz-ipa\helpdeskz-ipa\hdz\app\Libraries\Kb.php(74): CodeIgniter\Debug\Exceptions->errorHandler(2, 'Attempt to read...', 'C:\\xampp\\htdocs...', 74)
#1 C:\xampp\htdocs\helpdeskz-ipa\helpdeskz-ipa\hdz\app\Libraries\Kb.php(28): App\Libraries\Kb->publicCatList()
#2 C:\xampp\htdocs\helpdeskz-ipa\helpdeskz-ipa\hdz\app\Config\Services.php(41): App\Libraries\Kb->__construct()
#3 C:\xampp\htdocs\helpdeskz-ipa\helpdeskz-ipa\hdz\framework\Config\BaseService.php(100): Config\Services::kb(false)
#4 C:\xampp\htdocs\helpdeskz-ipa\helpdeskz-ipa\hdz\app\Config\Services.php(39): CodeIgniter\Config\BaseService::getSharedInstance('kb')
#5 C:\xampp\htdocs\helpdeskz-ipa\helpdeskz-ipa\hdz\app\Helpers\helpdesk_helper.php(123): Config\Services::kb()
#6 C:\xampp\htdocs\helpdeskz-ipa\helpdeskz-ipa\hdz\app\Views\client\page_template.php(39): kb_popular()
#7 C:\xampp\htdocs\helpdeskz-ipa\helpdeskz-ipa\hdz\framework\View\View.php(220): include('C:\\xampp\\htdocs...')
#8 C:\xampp\htdocs\helpdeskz-ipa\helpdeskz-ipa\hdz\framework\View\View.php(222): CodeIgniter\View\View->CodeIgniter\View\{closure}()
#9 C:\xampp\htdocs\helpdeskz-ipa\helpdeskz-ipa\hdz\framework\View\View.php(236): CodeIgniter\View\View->render('client/page_tem...', Array, true)
#10 C:\xampp\htdocs\helpdeskz-ipa\helpdeskz-ipa\hdz\framework\Common.php(1217): CodeIgniter\View\View->render('client/error', Array, true)
#11 C:\xampp\htdocs\helpdeskz-ipa\helpdeskz-ipa\hdz\app\Controllers\Kb.php(10): view('client/error', Array)
#12 C:\xampp\htdocs\helpdeskz-ipa\helpdeskz-ipa\hdz\framework\CodeIgniter.php(936): App\Controllers\Kb->error404('assets', 'admin', 'js', 'vendor-all.min....')
#13 C:\xampp\htdocs\helpdeskz-ipa\helpdeskz-ipa\hdz\framework\CodeIgniter.php(970): CodeIgniter\CodeIgniter->runController(Object(App\Controllers\Kb))
#14 C:\xampp\htdocs\helpdeskz-ipa\helpdeskz-ipa\hdz\framework\CodeIgniter.php(349): CodeIgniter\CodeIgniter->display404errors(Object(CodeIgniter\Exceptions\PageNotFoundException))
#15 C:\xampp\htdocs\helpdeskz-ipa\helpdeskz-ipa\index.php(44): CodeIgniter\CodeIgniter->run()
#16 {main}
ERROR - 2024-05-07 04:12:42 --> mysqli_sql_exception: Table 'helpdeskz.hdz_config' doesn't exist in C:\xampp\htdocs\helpdeskz-ipa\helpdeskz-ipa\hdz\framework\Database\MySQLi\Connection.php:314
Stack trace:
#0 C:\xampp\htdocs\helpdeskz-ipa\helpdeskz-ipa\hdz\framework\Database\MySQLi\Connection.php(314): mysqli->query('SELECT *\nFROM `...')
#1 C:\xampp\htdocs\helpdeskz-ipa\helpdeskz-ipa\hdz\framework\Database\BaseConnection.php(713): CodeIgniter\Database\MySQLi\Connection->execute('SELECT *\nFROM `...')
#2 C:\xampp\htdocs\helpdeskz-ipa\helpdeskz-ipa\hdz\framework\Database\BaseConnection.php(641): CodeIgniter\Database\BaseConnection->simpleQuery('SELECT *\nFROM `...')
#3 C:\xampp\htdocs\helpdeskz-ipa\helpdeskz-ipa\hdz\framework\Database\BaseBuilder.php(1866): CodeIgniter\Database\BaseConnection->query('SELECT *\nFROM `...', Array, false)
#4 C:\xampp\htdocs\helpdeskz-ipa\helpdeskz-ipa\hdz\app\Libraries\Settings.php(20): CodeIgniter\Database\BaseBuilder->get()
#5 C:\xampp\htdocs\helpdeskz-ipa\helpdeskz-ipa\hdz\app\Controllers\BaseController.php(71): App\Libraries\Settings->config('maintenance')
#6 C:\xampp\htdocs\helpdeskz-ipa\helpdeskz-ipa\hdz\framework\CodeIgniter.php(909): App\Controllers\BaseController->initController(Object(CodeIgniter\HTTP\IncomingRequest), Object(CodeIgniter\HTTP\Response), Object(CodeIgniter\Log\Logger))
#7 C:\xampp\htdocs\helpdeskz-ipa\helpdeskz-ipa\hdz\framework\CodeIgniter.php(969): CodeIgniter\CodeIgniter->createController()
#8 C:\xampp\htdocs\helpdeskz-ipa\helpdeskz-ipa\hdz\framework\CodeIgniter.php(349): CodeIgniter\CodeIgniter->display404errors(Object(CodeIgniter\Exceptions\PageNotFoundException))
#9 C:\xampp\htdocs\helpdeskz-ipa\helpdeskz-ipa\index.php(44): CodeIgniter\CodeIgniter->run()
#10 {main}
ERROR - 2024-05-07 04:12:42 --> mysqli_sql_exception: Table 'helpdeskz.hdz_kb_category' doesn't exist in C:\xampp\htdocs\helpdeskz-ipa\helpdeskz-ipa\hdz\framework\Database\MySQLi\Connection.php:314
Stack trace:
#0 C:\xampp\htdocs\helpdeskz-ipa\helpdeskz-ipa\hdz\framework\Database\MySQLi\Connection.php(314): mysqli->query('SELECT *\nFROM `...')
#1 C:\xampp\htdocs\helpdeskz-ipa\helpdeskz-ipa\hdz\framework\Database\BaseConnection.php(713): CodeIgniter\Database\MySQLi\Connection->execute('SELECT *\nFROM `...')
#2 C:\xampp\htdocs\helpdeskz-ipa\helpdeskz-ipa\hdz\framework\Database\BaseConnection.php(641): CodeIgniter\Database\BaseConnection->simpleQuery('SELECT *\nFROM `...')
#3 C:\xampp\htdocs\helpdeskz-ipa\helpdeskz-ipa\hdz\framework\Database\BaseBuilder.php(1866): CodeIgniter\Database\BaseConnection->query('SELECT *\nFROM `...', Array, false)
#4 C:\xampp\htdocs\helpdeskz-ipa\helpdeskz-ipa\hdz\framework\Model.php(836): CodeIgniter\Database\BaseBuilder->get()
#5 C:\xampp\htdocs\helpdeskz-ipa\helpdeskz-ipa\hdz\app\Libraries\Kb.php(73): CodeIgniter\Model->__call('get', Array)
#6 C:\xampp\htdocs\helpdeskz-ipa\helpdeskz-ipa\hdz\app\Libraries\Kb.php(28): App\Libraries\Kb->publicCatList()
#7 C:\xampp\htdocs\helpdeskz-ipa\helpdeskz-ipa\hdz\app\Config\Services.php(41): App\Libraries\Kb->__construct()
#8 C:\xampp\htdocs\helpdeskz-ipa\helpdeskz-ipa\hdz\framework\Config\BaseService.php(100): Config\Services::kb(false)
#9 C:\xampp\htdocs\helpdeskz-ipa\helpdeskz-ipa\hdz\app\Config\Services.php(39): CodeIgniter\Config\BaseService::getSharedInstance('kb')
#10 C:\xampp\htdocs\helpdeskz-ipa\helpdeskz-ipa\hdz\app\Helpers\helpdesk_helper.php(123): Config\Services::kb()
#11 C:\xampp\htdocs\helpdeskz-ipa\helpdeskz-ipa\hdz\app\Views\client\page_template.php(39): kb_popular()
#12 C:\xampp\htdocs\helpdeskz-ipa\helpdeskz-ipa\hdz\framework\View\View.php(220): include('C:\\xampp\\htdocs...')
#13 C:\xampp\htdocs\helpdeskz-ipa\helpdeskz-ipa\hdz\framework\View\View.php(222): CodeIgniter\View\View->CodeIgniter\View\{closure}()
#14 C:\xampp\htdocs\helpdeskz-ipa\helpdeskz-ipa\hdz\framework\View\View.php(236): CodeIgniter\View\View->render('client/page_tem...', Array, true)
#15 C:\xampp\htdocs\helpdeskz-ipa\helpdeskz-ipa\hdz\framework\Common.php(1217): CodeIgniter\View\View->render('client/error', Array, true)
#16 C:\xampp\htdocs\helpdeskz-ipa\helpdeskz-ipa\hdz\app\Controllers\Kb.php(10): view('client/error', Array)
#17 C:\xampp\htdocs\helpdeskz-ipa\helpdeskz-ipa\hdz\framework\CodeIgniter.php(936): App\Controllers\Kb->error404('assets', 'admin', 'plugins', 'bootstrap', 'js', 'bootstrap.min.j...')
#18 C:\xampp\htdocs\helpdeskz-ipa\helpdeskz-ipa\hdz\framework\CodeIgniter.php(970): CodeIgniter\CodeIgniter->runController(Object(App\Controllers\Kb))
#19 C:\xampp\htdocs\helpdeskz-ipa\helpdeskz-ipa\hdz\framework\CodeIgniter.php(349): CodeIgniter\CodeIgniter->display404errors(Object(CodeIgniter\Exceptions\PageNotFoundException))
#20 C:\xampp\htdocs\helpdeskz-ipa\helpdeskz-ipa\index.php(44): CodeIgniter\CodeIgniter->run()
#21 {main}
CRITICAL - 2024-05-07 04:12:42 --> Attempt to read property "num_rows" on bool
#0 C:\xampp\htdocs\helpdeskz-ipa\helpdeskz-ipa\hdz\app\Libraries\Kb.php(74): CodeIgniter\Debug\Exceptions->errorHandler(2, 'Attempt to read...', 'C:\\xampp\\htdocs...', 74)
#1 C:\xampp\htdocs\helpdeskz-ipa\helpdeskz-ipa\hdz\app\Libraries\Kb.php(28): App\Libraries\Kb->publicCatList()
#2 C:\xampp\htdocs\helpdeskz-ipa\helpdeskz-ipa\hdz\app\Config\Services.php(41): App\Libraries\Kb->__construct()
#3 C:\xampp\htdocs\helpdeskz-ipa\helpdeskz-ipa\hdz\framework\Config\BaseService.php(100): Config\Services::kb(false)
#4 C:\xampp\htdocs\helpdeskz-ipa\helpdeskz-ipa\hdz\app\Config\Services.php(39): CodeIgniter\Config\BaseService::getSharedInstance('kb')
#5 C:\xampp\htdocs\helpdeskz-ipa\helpdeskz-ipa\hdz\app\Helpers\helpdesk_helper.php(123): Config\Services::kb()
#6 C:\xampp\htdocs\helpdeskz-ipa\helpdeskz-ipa\hdz\app\Views\client\page_template.php(39): kb_popular()
#7 C:\xampp\htdocs\helpdeskz-ipa\helpdeskz-ipa\hdz\framework\View\View.php(220): include('C:\\xampp\\htdocs...')
#8 C:\xampp\htdocs\helpdeskz-ipa\helpdeskz-ipa\hdz\framework\View\View.php(222): CodeIgniter\View\View->CodeIgniter\View\{closure}()
#9 C:\xampp\htdocs\helpdeskz-ipa\helpdeskz-ipa\hdz\framework\View\View.php(236): CodeIgniter\View\View->render('client/page_tem...', Array, true)
#10 C:\xampp\htdocs\helpdeskz-ipa\helpdeskz-ipa\hdz\framework\Common.php(1217): CodeIgniter\View\View->render('client/error', Array, true)
#11 C:\xampp\htdocs\helpdeskz-ipa\helpdeskz-ipa\hdz\app\Controllers\Kb.php(10): view('client/error', Array)
#12 C:\xampp\htdocs\helpdeskz-ipa\helpdeskz-ipa\hdz\framework\CodeIgniter.php(936): App\Controllers\Kb->error404('assets', 'admin', 'plugins', 'bootstrap', 'js', 'bootstrap.min.j...')
#13 C:\xampp\htdocs\helpdeskz-ipa\helpdeskz-ipa\hdz\framework\CodeIgniter.php(970): CodeIgniter\CodeIgniter->runController(Object(App\Controllers\Kb))
#14 C:\xampp\htdocs\helpdeskz-ipa\helpdeskz-ipa\hdz\framework\CodeIgniter.php(349): CodeIgniter\CodeIgniter->display404errors(Object(CodeIgniter\Exceptions\PageNotFoundException))
#15 C:\xampp\htdocs\helpdeskz-ipa\helpdeskz-ipa\index.php(44): CodeIgniter\CodeIgniter->run()
#16 {main}
ERROR - 2024-05-07 04:14:12 --> mysqli_sql_exception: Table 'helpdeskz.hdz_config' doesn't exist in C:\xampp\htdocs\helpdeskz-ipa\helpdeskz-ipa\hdz\framework\Database\MySQLi\Connection.php:314
Stack trace:
#0 C:\xampp\htdocs\helpdeskz-ipa\helpdeskz-ipa\hdz\framework\Database\MySQLi\Connection.php(314): mysqli->query('SELECT *\nFROM `...')
#1 C:\xampp\htdocs\helpdeskz-ipa\helpdeskz-ipa\hdz\framework\Database\BaseConnection.php(713): CodeIgniter\Database\MySQLi\Connection->execute('SELECT *\nFROM `...')
#2 C:\xampp\htdocs\helpdeskz-ipa\helpdeskz-ipa\hdz\framework\Database\BaseConnection.php(641): CodeIgniter\Database\BaseConnection->simpleQuery('SELECT *\nFROM `...')
#3 C:\xampp\htdocs\helpdeskz-ipa\helpdeskz-ipa\hdz\framework\Database\BaseBuilder.php(1866): CodeIgniter\Database\BaseConnection->query('SELECT *\nFROM `...', Array, false)
#4 C:\xampp\htdocs\helpdeskz-ipa\helpdeskz-ipa\hdz\app\Libraries\Settings.php(20): CodeIgniter\Database\BaseBuilder->get()
#5 C:\xampp\htdocs\helpdeskz-ipa\helpdeskz-ipa\hdz\app\Controllers\BaseController.php(71): App\Libraries\Settings->config('maintenance')
#6 C:\xampp\htdocs\helpdeskz-ipa\helpdeskz-ipa\hdz\framework\CodeIgniter.php(909): App\Controllers\BaseController->initController(Object(CodeIgniter\HTTP\IncomingRequest), Object(CodeIgniter\HTTP\Response), Object(CodeIgniter\Log\Logger))
#7 C:\xampp\htdocs\helpdeskz-ipa\helpdeskz-ipa\hdz\framework\CodeIgniter.php(969): CodeIgniter\CodeIgniter->createController()
#8 C:\xampp\htdocs\helpdeskz-ipa\helpdeskz-ipa\hdz\framework\CodeIgniter.php(349): CodeIgniter\CodeIgniter->display404errors(Object(CodeIgniter\Exceptions\PageNotFoundException))
#9 C:\xampp\htdocs\helpdeskz-ipa\helpdeskz-ipa\index.php(44): CodeIgniter\CodeIgniter->run()
#10 {main}
ERROR - 2024-05-07 04:14:12 --> mysqli_sql_exception: Table 'helpdeskz.hdz_kb_category' doesn't exist in C:\xampp\htdocs\helpdeskz-ipa\helpdeskz-ipa\hdz\framework\Database\MySQLi\Connection.php:314
Stack trace:
#0 C:\xampp\htdocs\helpdeskz-ipa\helpdeskz-ipa\hdz\framework\Database\MySQLi\Connection.php(314): mysqli->query('SELECT *\nFROM `...')
#1 C:\xampp\htdocs\helpdeskz-ipa\helpdeskz-ipa\hdz\framework\Database\BaseConnection.php(713): CodeIgniter\Database\MySQLi\Connection->execute('SELECT *\nFROM `...')
#2 C:\xampp\htdocs\helpdeskz-ipa\helpdeskz-ipa\hdz\framework\Database\BaseConnection.php(641): CodeIgniter\Database\BaseConnection->simpleQuery('SELECT *\nFROM `...')
#3 C:\xampp\htdocs\helpdeskz-ipa\helpdeskz-ipa\hdz\framework\Database\BaseBuilder.php(1866): CodeIgniter\Database\BaseConnection->query('SELECT *\nFROM `...', Array, false)
#4 C:\xampp\htdocs\helpdeskz-ipa\helpdeskz-ipa\hdz\framework\Model.php(836): CodeIgniter\Database\BaseBuilder->get()
#5 C:\xampp\htdocs\helpdeskz-ipa\helpdeskz-ipa\hdz\app\Libraries\Kb.php(73): CodeIgniter\Model->__call('get', Array)
#6 C:\xampp\htdocs\helpdeskz-ipa\helpdeskz-ipa\hdz\app\Libraries\Kb.php(28): App\Libraries\Kb->publicCatList()
#7 C:\xampp\htdocs\helpdeskz-ipa\helpdeskz-ipa\hdz\app\Config\Services.php(41): App\Libraries\Kb->__construct()
#8 C:\xampp\htdocs\helpdeskz-ipa\helpdeskz-ipa\hdz\framework\Config\BaseService.php(100): Config\Services::kb(false)
#9 C:\xampp\htdocs\helpdeskz-ipa\helpdeskz-ipa\hdz\app\Config\Services.php(39): CodeIgniter\Config\BaseService::getSharedInstance('kb')
#10 C:\xampp\htdocs\helpdeskz-ipa\helpdeskz-ipa\hdz\app\Helpers\helpdesk_helper.php(123): Config\Services::kb()
#11 C:\xampp\htdocs\helpdeskz-ipa\helpdeskz-ipa\hdz\app\Views\client\page_template.php(39): kb_popular()
#12 C:\xampp\htdocs\helpdeskz-ipa\helpdeskz-ipa\hdz\framework\View\View.php(220): include('C:\\xampp\\htdocs...')
#13 C:\xampp\htdocs\helpdeskz-ipa\helpdeskz-ipa\hdz\framework\View\View.php(222): CodeIgniter\View\View->CodeIgniter\View\{closure}()
#14 C:\xampp\htdocs\helpdeskz-ipa\helpdeskz-ipa\hdz\framework\View\View.php(236): CodeIgniter\View\View->render('client/page_tem...', Array, true)
#15 C:\xampp\htdocs\helpdeskz-ipa\helpdeskz-ipa\hdz\framework\Common.php(1217): CodeIgniter\View\View->render('client/error', Array, true)
#16 C:\xampp\htdocs\helpdeskz-ipa\helpdeskz-ipa\hdz\app\Controllers\Kb.php(10): view('client/error', Array)
#17 C:\xampp\htdocs\helpdeskz-ipa\helpdeskz-ipa\hdz\framework\CodeIgniter.php(936): App\Controllers\Kb->error404('assets', 'admin', 'plugins', 'bootstrap', 'js', 'bootstrap.min.j...')
#18 C:\xampp\htdocs\helpdeskz-ipa\helpdeskz-ipa\hdz\framework\CodeIgniter.php(970): CodeIgniter\CodeIgniter->runController(Object(App\Controllers\Kb))
#19 C:\xampp\htdocs\helpdeskz-ipa\helpdeskz-ipa\hdz\framework\CodeIgniter.php(349): CodeIgniter\CodeIgniter->display404errors(Object(CodeIgniter\Exceptions\PageNotFoundException))
#20 C:\xampp\htdocs\helpdeskz-ipa\helpdeskz-ipa\index.php(44): CodeIgniter\CodeIgniter->run()
#21 {main}
CRITICAL - 2024-05-07 04:14:12 --> Attempt to read property "num_rows" on bool
#0 C:\xampp\htdocs\helpdeskz-ipa\helpdeskz-ipa\hdz\app\Libraries\Kb.php(74): CodeIgniter\Debug\Exceptions->errorHandler(2, 'Attempt to read...', 'C:\\xampp\\htdocs...', 74)
#1 C:\xampp\htdocs\helpdeskz-ipa\helpdeskz-ipa\hdz\app\Libraries\Kb.php(28): App\Libraries\Kb->publicCatList()
#2 C:\xampp\htdocs\helpdeskz-ipa\helpdeskz-ipa\hdz\app\Config\Services.php(41): App\Libraries\Kb->__construct()
#3 C:\xampp\htdocs\helpdeskz-ipa\helpdeskz-ipa\hdz\framework\Config\BaseService.php(100): Config\Services::kb(false)
#4 C:\xampp\htdocs\helpdeskz-ipa\helpdeskz-ipa\hdz\app\Config\Services.php(39): CodeIgniter\Config\BaseService::getSharedInstance('kb')
#5 C:\xampp\htdocs\helpdeskz-ipa\helpdeskz-ipa\hdz\app\Helpers\helpdesk_helper.php(123): Config\Services::kb()
#6 C:\xampp\htdocs\helpdeskz-ipa\helpdeskz-ipa\hdz\app\Views\client\page_template.php(39): kb_popular()
#7 C:\xampp\htdocs\helpdeskz-ipa\helpdeskz-ipa\hdz\framework\View\View.php(220): include('C:\\xampp\\htdocs...')
#8 C:\xampp\htdocs\helpdeskz-ipa\helpdeskz-ipa\hdz\framework\View\View.php(222): CodeIgniter\View\View->CodeIgniter\View\{closure}()
#9 C:\xampp\htdocs\helpdeskz-ipa\helpdeskz-ipa\hdz\framework\View\View.php(236): CodeIgniter\View\View->render('client/page_tem...', Array, true)
#10 C:\xampp\htdocs\helpdeskz-ipa\helpdeskz-ipa\hdz\framework\Common.php(1217): CodeIgniter\View\View->render('client/error', Array, true)
#11 C:\xampp\htdocs\helpdeskz-ipa\helpdeskz-ipa\hdz\app\Controllers\Kb.php(10): view('client/error', Array)
#12 C:\xampp\htdocs\helpdeskz-ipa\helpdeskz-ipa\hdz\framework\CodeIgniter.php(936): App\Controllers\Kb->error404('assets', 'admin', 'plugins', 'bootstrap', 'js', 'bootstrap.min.j...')
#13 C:\xampp\htdocs\helpdeskz-ipa\helpdeskz-ipa\hdz\framework\CodeIgniter.php(970): CodeIgniter\CodeIgniter->runController(Object(App\Controllers\Kb))
#14 C:\xampp\htdocs\helpdeskz-ipa\helpdeskz-ipa\hdz\framework\CodeIgniter.php(349): CodeIgniter\CodeIgniter->display404errors(Object(CodeIgniter\Exceptions\PageNotFoundException))
#15 C:\xampp\htdocs\helpdeskz-ipa\helpdeskz-ipa\index.php(44): CodeIgniter\CodeIgniter->run()
#16 {main}
ERROR - 2024-05-07 04:14:12 --> mysqli_sql_exception: Table 'helpdeskz.hdz_config' doesn't exist in C:\xampp\htdocs\helpdeskz-ipa\helpdeskz-ipa\hdz\framework\Database\MySQLi\Connection.php:314
Stack trace:
#0 C:\xampp\htdocs\helpdeskz-ipa\helpdeskz-ipa\hdz\framework\Database\MySQLi\Connection.php(314): mysqli->query('SELECT *\nFROM `...')
#1 C:\xampp\htdocs\helpdeskz-ipa\helpdeskz-ipa\hdz\framework\Database\BaseConnection.php(713): CodeIgniter\Database\MySQLi\Connection->execute('SELECT *\nFROM `...')
#2 C:\xampp\htdocs\helpdeskz-ipa\helpdeskz-ipa\hdz\framework\Database\BaseConnection.php(641): CodeIgniter\Database\BaseConnection->simpleQuery('SELECT *\nFROM `...')
#3 C:\xampp\htdocs\helpdeskz-ipa\helpdeskz-ipa\hdz\framework\Database\BaseBuilder.php(1866): CodeIgniter\Database\BaseConnection->query('SELECT *\nFROM `...', Array, false)
#4 C:\xampp\htdocs\helpdeskz-ipa\helpdeskz-ipa\hdz\app\Libraries\Settings.php(20): CodeIgniter\Database\BaseBuilder->get()
#5 C:\xampp\htdocs\helpdeskz-ipa\helpdeskz-ipa\hdz\app\Controllers\BaseController.php(71): App\Libraries\Settings->config('maintenance')
#6 C:\xampp\htdocs\helpdeskz-ipa\helpdeskz-ipa\hdz\framework\CodeIgniter.php(909): App\Controllers\BaseController->initController(Object(CodeIgniter\HTTP\IncomingRequest), Object(CodeIgniter\HTTP\Response), Object(CodeIgniter\Log\Logger))
#7 C:\xampp\htdocs\helpdeskz-ipa\helpdeskz-ipa\hdz\framework\CodeIgniter.php(969): CodeIgniter\CodeIgniter->createController()
#8 C:\xampp\htdocs\helpdeskz-ipa\helpdeskz-ipa\hdz\framework\CodeIgniter.php(349): CodeIgniter\CodeIgniter->display404errors(Object(CodeIgniter\Exceptions\PageNotFoundException))
#9 C:\xampp\htdocs\helpdeskz-ipa\helpdeskz-ipa\index.php(44): CodeIgniter\CodeIgniter->run()
#10 {main}
ERROR - 2024-05-07 04:14:12 --> mysqli_sql_exception: Table 'helpdeskz.hdz_kb_category' doesn't exist in C:\xampp\htdocs\helpdeskz-ipa\helpdeskz-ipa\hdz\framework\Database\MySQLi\Connection.php:314
Stack trace:
#0 C:\xampp\htdocs\helpdeskz-ipa\helpdeskz-ipa\hdz\framework\Database\MySQLi\Connection.php(314): mysqli->query('SELECT *\nFROM `...')
#1 C:\xampp\htdocs\helpdeskz-ipa\helpdeskz-ipa\hdz\framework\Database\BaseConnection.php(713): CodeIgniter\Database\MySQLi\Connection->execute('SELECT *\nFROM `...')
#2 C:\xampp\htdocs\helpdeskz-ipa\helpdeskz-ipa\hdz\framework\Database\BaseConnection.php(641): CodeIgniter\Database\BaseConnection->simpleQuery('SELECT *\nFROM `...')
#3 C:\xampp\htdocs\helpdeskz-ipa\helpdeskz-ipa\hdz\framework\Database\BaseBuilder.php(1866): CodeIgniter\Database\BaseConnection->query('SELECT *\nFROM `...', Array, false)
#4 C:\xampp\htdocs\helpdeskz-ipa\helpdeskz-ipa\hdz\framework\Model.php(836): CodeIgniter\Database\BaseBuilder->get()
#5 C:\xampp\htdocs\helpdeskz-ipa\helpdeskz-ipa\hdz\app\Libraries\Kb.php(73): CodeIgniter\Model->__call('get', Array)
#6 C:\xampp\htdocs\helpdeskz-ipa\helpdeskz-ipa\hdz\app\Libraries\Kb.php(28): App\Libraries\Kb->publicCatList()
#7 C:\xampp\htdocs\helpdeskz-ipa\helpdeskz-ipa\hdz\app\Config\Services.php(41): App\Libraries\Kb->__construct()
#8 C:\xampp\htdocs\helpdeskz-ipa\helpdeskz-ipa\hdz\framework\Config\BaseService.php(100): Config\Services::kb(false)
#9 C:\xampp\htdocs\helpdeskz-ipa\helpdeskz-ipa\hdz\app\Config\Services.php(39): CodeIgniter\Config\BaseService::getSharedInstance('kb')
#10 C:\xampp\htdocs\helpdeskz-ipa\helpdeskz-ipa\hdz\app\Helpers\helpdesk_helper.php(123): Config\Services::kb()
#11 C:\xampp\htdocs\helpdeskz-ipa\helpdeskz-ipa\hdz\app\Views\client\page_template.php(39): kb_popular()
#12 C:\xampp\htdocs\helpdeskz-ipa\helpdeskz-ipa\hdz\framework\View\View.php(220): include('C:\\xampp\\htdocs...')
#13 C:\xampp\htdocs\helpdeskz-ipa\helpdeskz-ipa\hdz\framework\View\View.php(222): CodeIgniter\View\View->CodeIgniter\View\{closure}()
#14 C:\xampp\htdocs\helpdeskz-ipa\helpdeskz-ipa\hdz\framework\View\View.php(236): CodeIgniter\View\View->render('client/page_tem...', Array, true)
#15 C:\xampp\htdocs\helpdeskz-ipa\helpdeskz-ipa\hdz\framework\Common.php(1217): CodeIgniter\View\View->render('client/error', Array, true)
#16 C:\xampp\htdocs\helpdeskz-ipa\helpdeskz-ipa\hdz\app\Controllers\Kb.php(10): view('client/error', Array)
#17 C:\xampp\htdocs\helpdeskz-ipa\helpdeskz-ipa\hdz\framework\CodeIgniter.php(936): App\Controllers\Kb->error404('assets', 'admin', 'js', 'vendor-all.min....')
#18 C:\xampp\htdocs\helpdeskz-ipa\helpdeskz-ipa\hdz\framework\CodeIgniter.php(970): CodeIgniter\CodeIgniter->runController(Object(App\Controllers\Kb))
#19 C:\xampp\htdocs\helpdeskz-ipa\helpdeskz-ipa\hdz\framework\CodeIgniter.php(349): CodeIgniter\CodeIgniter->display404errors(Object(CodeIgniter\Exceptions\PageNotFoundException))
#20 C:\xampp\htdocs\helpdeskz-ipa\helpdeskz-ipa\index.php(44): CodeIgniter\CodeIgniter->run()
#21 {main}
CRITICAL - 2024-05-07 04:14:12 --> Attempt to read property "num_rows" on bool
#0 C:\xampp\htdocs\helpdeskz-ipa\helpdeskz-ipa\hdz\app\Libraries\Kb.php(74): CodeIgniter\Debug\Exceptions->errorHandler(2, 'Attempt to read...', 'C:\\xampp\\htdocs...', 74)
#1 C:\xampp\htdocs\helpdeskz-ipa\helpdeskz-ipa\hdz\app\Libraries\Kb.php(28): App\Libraries\Kb->publicCatList()
#2 C:\xampp\htdocs\helpdeskz-ipa\helpdeskz-ipa\hdz\app\Config\Services.php(41): App\Libraries\Kb->__construct()
#3 C:\xampp\htdocs\helpdeskz-ipa\helpdeskz-ipa\hdz\framework\Config\BaseService.php(100): Config\Services::kb(false)
#4 C:\xampp\htdocs\helpdeskz-ipa\helpdeskz-ipa\hdz\app\Config\Services.php(39): CodeIgniter\Config\BaseService::getSharedInstance('kb')
#5 C:\xampp\htdocs\helpdeskz-ipa\helpdeskz-ipa\hdz\app\Helpers\helpdesk_helper.php(123): Config\Services::kb()
#6 C:\xampp\htdocs\helpdeskz-ipa\helpdeskz-ipa\hdz\app\Views\client\page_template.php(39): kb_popular()
#7 C:\xampp\htdocs\helpdeskz-ipa\helpdeskz-ipa\hdz\framework\View\View.php(220): include('C:\\xampp\\htdocs...')
#8 C:\xampp\htdocs\helpdeskz-ipa\helpdeskz-ipa\hdz\framework\View\View.php(222): CodeIgniter\View\View->CodeIgniter\View\{closure}()
#9 C:\xampp\htdocs\helpdeskz-ipa\helpdeskz-ipa\hdz\framework\View\View.php(236): CodeIgniter\View\View->render('client/page_tem...', Array, true)
#10 C:\xampp\htdocs\helpdeskz-ipa\helpdeskz-ipa\hdz\framework\Common.php(1217): CodeIgniter\View\View->render('client/error', Array, true)
#11 C:\xampp\htdocs\helpdeskz-ipa\helpdeskz-ipa\hdz\app\Controllers\Kb.php(10): view('client/error', Array)
#12 C:\xampp\htdocs\helpdeskz-ipa\helpdeskz-ipa\hdz\framework\CodeIgniter.php(936): App\Controllers\Kb->error404('assets', 'admin', 'js', 'vendor-all.min....')
#13 C:\xampp\htdocs\helpdeskz-ipa\helpdeskz-ipa\hdz\framework\CodeIgniter.php(970): CodeIgniter\CodeIgniter->runController(Object(App\Controllers\Kb))
#14 C:\xampp\htdocs\helpdeskz-ipa\helpdeskz-ipa\hdz\framework\CodeIgniter.php(349): CodeIgniter\CodeIgniter->display404errors(Object(CodeIgniter\Exceptions\PageNotFoundException))
#15 C:\xampp\htdocs\helpdeskz-ipa\helpdeskz-ipa\index.php(44): CodeIgniter\CodeIgniter->run()
#16 {main}
ERROR - 2024-05-07 04:14:30 --> mysqli_sql_exception: Table 'helpdeskz.hdz_config' doesn't exist in C:\xampp\htdocs\helpdeskz-ipa\helpdeskz-ipa\hdz\framework\Database\MySQLi\Connection.php:314
Stack trace:
#0 C:\xampp\htdocs\helpdeskz-ipa\helpdeskz-ipa\hdz\framework\Database\MySQLi\Connection.php(314): mysqli->query('SELECT *\nFROM `...')
#1 C:\xampp\htdocs\helpdeskz-ipa\helpdeskz-ipa\hdz\framework\Database\BaseConnection.php(713): CodeIgniter\Database\MySQLi\Connection->execute('SELECT *\nFROM `...')
#2 C:\xampp\htdocs\helpdeskz-ipa\helpdeskz-ipa\hdz\framework\Database\BaseConnection.php(641): CodeIgniter\Database\BaseConnection->simpleQuery('SELECT *\nFROM `...')
#3 C:\xampp\htdocs\helpdeskz-ipa\helpdeskz-ipa\hdz\framework\Database\BaseBuilder.php(1866): CodeIgniter\Database\BaseConnection->query('SELECT *\nFROM `...', Array, false)
#4 C:\xampp\htdocs\helpdeskz-ipa\helpdeskz-ipa\hdz\app\Libraries\Settings.php(20): CodeIgniter\Database\BaseBuilder->get()
#5 C:\xampp\htdocs\helpdeskz-ipa\helpdeskz-ipa\hdz\app\Controllers\BaseController.php(71): App\Libraries\Settings->config('maintenance')
#6 C:\xampp\htdocs\helpdeskz-ipa\helpdeskz-ipa\hdz\framework\CodeIgniter.php(909): App\Controllers\BaseController->initController(Object(CodeIgniter\HTTP\IncomingRequest), Object(CodeIgniter\HTTP\Response), Object(CodeIgniter\Log\Logger))
#7 C:\xampp\htdocs\helpdeskz-ipa\helpdeskz-ipa\hdz\framework\CodeIgniter.php(969): CodeIgniter\CodeIgniter->createController()
#8 C:\xampp\htdocs\helpdeskz-ipa\helpdeskz-ipa\hdz\framework\CodeIgniter.php(349): CodeIgniter\CodeIgniter->display404errors(Object(CodeIgniter\Exceptions\PageNotFoundException))
#9 C:\xampp\htdocs\helpdeskz-ipa\helpdeskz-ipa\index.php(44): CodeIgniter\CodeIgniter->run()
#10 {main}
ERROR - 2024-05-07 04:14:30 --> mysqli_sql_exception: Table 'helpdeskz.hdz_kb_category' doesn't exist in C:\xampp\htdocs\helpdeskz-ipa\helpdeskz-ipa\hdz\framework\Database\MySQLi\Connection.php:314
Stack trace:
#0 C:\xampp\htdocs\helpdeskz-ipa\helpdeskz-ipa\hdz\framework\Database\MySQLi\Connection.php(314): mysqli->query('SELECT *\nFROM `...')
#1 C:\xampp\htdocs\helpdeskz-ipa\helpdeskz-ipa\hdz\framework\Database\BaseConnection.php(713): CodeIgniter\Database\MySQLi\Connection->execute('SELECT *\nFROM `...')
#2 C:\xampp\htdocs\helpdeskz-ipa\helpdeskz-ipa\hdz\framework\Database\BaseConnection.php(641): CodeIgniter\Database\BaseConnection->simpleQuery('SELECT *\nFROM `...')
#3 C:\xampp\htdocs\helpdeskz-ipa\helpdeskz-ipa\hdz\framework\Database\BaseBuilder.php(1866): CodeIgniter\Database\BaseConnection->query('SELECT *\nFROM `...', Array, false)
#4 C:\xampp\htdocs\helpdeskz-ipa\helpdeskz-ipa\hdz\framework\Model.php(836): CodeIgniter\Database\BaseBuilder->get()
#5 C:\xampp\htdocs\helpdeskz-ipa\helpdeskz-ipa\hdz\app\Libraries\Kb.php(73): CodeIgniter\Model->__call('get', Array)
#6 C:\xampp\htdocs\helpdeskz-ipa\helpdeskz-ipa\hdz\app\Libraries\Kb.php(28): App\Libraries\Kb->publicCatList()
#7 C:\xampp\htdocs\helpdeskz-ipa\helpdeskz-ipa\hdz\app\Config\Services.php(41): App\Libraries\Kb->__construct()
#8 C:\xampp\htdocs\helpdeskz-ipa\helpdeskz-ipa\hdz\framework\Config\BaseService.php(100): Config\Services::kb(false)
#9 C:\xampp\htdocs\helpdeskz-ipa\helpdeskz-ipa\hdz\app\Config\Services.php(39): CodeIgniter\Config\BaseService::getSharedInstance('kb')
#10 C:\xampp\htdocs\helpdeskz-ipa\helpdeskz-ipa\hdz\app\Helpers\helpdesk_helper.php(123): Config\Services::kb()
#11 C:\xampp\htdocs\helpdeskz-ipa\helpdeskz-ipa\hdz\app\Views\client\page_template.php(39): kb_popular()
#12 C:\xampp\htdocs\helpdeskz-ipa\helpdeskz-ipa\hdz\framework\View\View.php(220): include('C:\\xampp\\htdocs...')
#13 C:\xampp\htdocs\helpdeskz-ipa\helpdeskz-ipa\hdz\framework\View\View.php(222): CodeIgniter\View\View->CodeIgniter\View\{closure}()
#14 C:\xampp\htdocs\helpdeskz-ipa\helpdeskz-ipa\hdz\framework\View\View.php(236): CodeIgniter\View\View->render('client/page_tem...', Array, true)
#15 C:\xampp\htdocs\helpdeskz-ipa\helpdeskz-ipa\hdz\framework\Common.php(1217): CodeIgniter\View\View->render('client/error', Array, true)
#16 C:\xampp\htdocs\helpdeskz-ipa\helpdeskz-ipa\hdz\app\Controllers\Kb.php(10): view('client/error', Array)
#17 C:\xampp\htdocs\helpdeskz-ipa\helpdeskz-ipa\hdz\framework\CodeIgniter.php(936): App\Controllers\Kb->error404('assets', 'admin', 'plugins', 'bootstrap', 'js', 'bootstrap.min.j...')
#18 C:\xampp\htdocs\helpdeskz-ipa\helpdeskz-ipa\hdz\framework\CodeIgniter.php(970): CodeIgniter\CodeIgniter->runController(Object(App\Controllers\Kb))
#19 C:\xampp\htdocs\helpdeskz-ipa\helpdeskz-ipa\hdz\framework\CodeIgniter.php(349): CodeIgniter\CodeIgniter->display404errors(Object(CodeIgniter\Exceptions\PageNotFoundException))
#20 C:\xampp\htdocs\helpdeskz-ipa\helpdeskz-ipa\index.php(44): CodeIgniter\CodeIgniter->run()
#21 {main}
CRITICAL - 2024-05-07 04:14:30 --> Attempt to read property "num_rows" on bool
#0 C:\xampp\htdocs\helpdeskz-ipa\helpdeskz-ipa\hdz\app\Libraries\Kb.php(74): CodeIgniter\Debug\Exceptions->errorHandler(2, 'Attempt to read...', 'C:\\xampp\\htdocs...', 74)
#1 C:\xampp\htdocs\helpdeskz-ipa\helpdeskz-ipa\hdz\app\Libraries\Kb.php(28): App\Libraries\Kb->publicCatList()
#2 C:\xampp\htdocs\helpdeskz-ipa\helpdeskz-ipa\hdz\app\Config\Services.php(41): App\Libraries\Kb->__construct()
#3 C:\xampp\htdocs\helpdeskz-ipa\helpdeskz-ipa\hdz\framework\Config\BaseService.php(100): Config\Services::kb(false)
#4 C:\xampp\htdocs\helpdeskz-ipa\helpdeskz-ipa\hdz\app\Config\Services.php(39): CodeIgniter\Config\BaseService::getSharedInstance('kb')
#5 C:\xampp\htdocs\helpdeskz-ipa\helpdeskz-ipa\hdz\app\Helpers\helpdesk_helper.php(123): Config\Services::kb()
#6 C:\xampp\htdocs\helpdeskz-ipa\helpdeskz-ipa\hdz\app\Views\client\page_template.php(39): kb_popular()
#7 C:\xampp\htdocs\helpdeskz-ipa\helpdeskz-ipa\hdz\framework\View\View.php(220): include('C:\\xampp\\htdocs...')
#8 C:\xampp\htdocs\helpdeskz-ipa\helpdeskz-ipa\hdz\framework\View\View.php(222): CodeIgniter\View\View->CodeIgniter\View\{closure}()
#9 C:\xampp\htdocs\helpdeskz-ipa\helpdeskz-ipa\hdz\framework\View\View.php(236): CodeIgniter\View\View->render('client/page_tem...', Array, true)
#10 C:\xampp\htdocs\helpdeskz-ipa\helpdeskz-ipa\hdz\framework\Common.php(1217): CodeIgniter\View\View->render('client/error', Array, true)
#11 C:\xampp\htdocs\helpdeskz-ipa\helpdeskz-ipa\hdz\app\Controllers\Kb.php(10): view('client/error', Array)
#12 C:\xampp\htdocs\helpdeskz-ipa\helpdeskz-ipa\hdz\framework\CodeIgniter.php(936): App\Controllers\Kb->error404('assets', 'admin', 'plugins', 'bootstrap', 'js', 'bootstrap.min.j...')
#13 C:\xampp\htdocs\helpdeskz-ipa\helpdeskz-ipa\hdz\framework\CodeIgniter.php(970): CodeIgniter\CodeIgniter->runController(Object(App\Controllers\Kb))
#14 C:\xampp\htdocs\helpdeskz-ipa\helpdeskz-ipa\hdz\framework\CodeIgniter.php(349): CodeIgniter\CodeIgniter->display404errors(Object(CodeIgniter\Exceptions\PageNotFoundException))
#15 C:\xampp\htdocs\helpdeskz-ipa\helpdeskz-ipa\index.php(44): CodeIgniter\CodeIgniter->run()
#16 {main}
ERROR - 2024-05-07 04:14:30 --> mysqli_sql_exception: Table 'helpdeskz.hdz_config' doesn't exist in C:\xampp\htdocs\helpdeskz-ipa\helpdeskz-ipa\hdz\framework\Database\MySQLi\Connection.php:314
Stack trace:
#0 C:\xampp\htdocs\helpdeskz-ipa\helpdeskz-ipa\hdz\framework\Database\MySQLi\Connection.php(314): mysqli->query('SELECT *\nFROM `...')
#1 C:\xampp\htdocs\helpdeskz-ipa\helpdeskz-ipa\hdz\framework\Database\BaseConnection.php(713): CodeIgniter\Database\MySQLi\Connection->execute('SELECT *\nFROM `...')
#2 C:\xampp\htdocs\helpdeskz-ipa\helpdeskz-ipa\hdz\framework\Database\BaseConnection.php(641): CodeIgniter\Database\BaseConnection->simpleQuery('SELECT *\nFROM `...')
#3 C:\xampp\htdocs\helpdeskz-ipa\helpdeskz-ipa\hdz\framework\Database\BaseBuilder.php(1866): CodeIgniter\Database\BaseConnection->query('SELECT *\nFROM `...', Array, false)
#4 C:\xampp\htdocs\helpdeskz-ipa\helpdeskz-ipa\hdz\app\Libraries\Settings.php(20): CodeIgniter\Database\BaseBuilder->get()
#5 C:\xampp\htdocs\helpdeskz-ipa\helpdeskz-ipa\hdz\app\Controllers\BaseController.php(71): App\Libraries\Settings->config('maintenance')
#6 C:\xampp\htdocs\helpdeskz-ipa\helpdeskz-ipa\hdz\framework\CodeIgniter.php(909): App\Controllers\BaseController->initController(Object(CodeIgniter\HTTP\IncomingRequest), Object(CodeIgniter\HTTP\Response), Object(CodeIgniter\Log\Logger))
#7 C:\xampp\htdocs\helpdeskz-ipa\helpdeskz-ipa\hdz\framework\CodeIgniter.php(969): CodeIgniter\CodeIgniter->createController()
#8 C:\xampp\htdocs\helpdeskz-ipa\helpdeskz-ipa\hdz\framework\CodeIgniter.php(349): CodeIgniter\CodeIgniter->display404errors(Object(CodeIgniter\Exceptions\PageNotFoundException))
#9 C:\xampp\htdocs\helpdeskz-ipa\helpdeskz-ipa\index.php(44): CodeIgniter\CodeIgniter->run()
#10 {main}
ERROR - 2024-05-07 04:14:30 --> mysqli_sql_exception: Table 'helpdeskz.hdz_kb_category' doesn't exist in C:\xampp\htdocs\helpdeskz-ipa\helpdeskz-ipa\hdz\framework\Database\MySQLi\Connection.php:314
Stack trace:
#0 C:\xampp\htdocs\helpdeskz-ipa\helpdeskz-ipa\hdz\framework\Database\MySQLi\Connection.php(314): mysqli->query('SELECT *\nFROM `...')
#1 C:\xampp\htdocs\helpdeskz-ipa\helpdeskz-ipa\hdz\framework\Database\BaseConnection.php(713): CodeIgniter\Database\MySQLi\Connection->execute('SELECT *\nFROM `...')
#2 C:\xampp\htdocs\helpdeskz-ipa\helpdeskz-ipa\hdz\framework\Database\BaseConnection.php(641): CodeIgniter\Database\BaseConnection->simpleQuery('SELECT *\nFROM `...')
#3 C:\xampp\htdocs\helpdeskz-ipa\helpdeskz-ipa\hdz\framework\Database\BaseBuilder.php(1866): CodeIgniter\Database\BaseConnection->query('SELECT *\nFROM `...', Array, false)
#4 C:\xampp\htdocs\helpdeskz-ipa\helpdeskz-ipa\hdz\framework\Model.php(836): CodeIgniter\Database\BaseBuilder->get()
#5 C:\xampp\htdocs\helpdeskz-ipa\helpdeskz-ipa\hdz\app\Libraries\Kb.php(73): CodeIgniter\Model->__call('get', Array)
#6 C:\xampp\htdocs\helpdeskz-ipa\helpdeskz-ipa\hdz\app\Libraries\Kb.php(28): App\Libraries\Kb->publicCatList()
#7 C:\xampp\htdocs\helpdeskz-ipa\helpdeskz-ipa\hdz\app\Config\Services.php(41): App\Libraries\Kb->__construct()
#8 C:\xampp\htdocs\helpdeskz-ipa\helpdeskz-ipa\hdz\framework\Config\BaseService.php(100): Config\Services::kb(false)
#9 C:\xampp\htdocs\helpdeskz-ipa\helpdeskz-ipa\hdz\app\Config\Services.php(39): CodeIgniter\Config\BaseService::getSharedInstance('kb')
#10 C:\xampp\htdocs\helpdeskz-ipa\helpdeskz-ipa\hdz\app\Helpers\helpdesk_helper.php(123): Config\Services::kb()
#11 C:\xampp\htdocs\helpdeskz-ipa\helpdeskz-ipa\hdz\app\Views\client\page_template.php(39): kb_popular()
#12 C:\xampp\htdocs\helpdeskz-ipa\helpdeskz-ipa\hdz\framework\View\View.php(220): include('C:\\xampp\\htdocs...')
#13 C:\xampp\htdocs\helpdeskz-ipa\helpdeskz-ipa\hdz\framework\View\View.php(222): CodeIgniter\View\View->CodeIgniter\View\{closure}()
#14 C:\xampp\htdocs\helpdeskz-ipa\helpdeskz-ipa\hdz\framework\View\View.php(236): CodeIgniter\View\View->render('client/page_tem...', Array, true)
#15 C:\xampp\htdocs\helpdeskz-ipa\helpdeskz-ipa\hdz\framework\Common.php(1217): CodeIgniter\View\View->render('client/error', Array, true)
#16 C:\xampp\htdocs\helpdeskz-ipa\helpdeskz-ipa\hdz\app\Controllers\Kb.php(10): view('client/error', Array)
#17 C:\xampp\htdocs\helpdeskz-ipa\helpdeskz-ipa\hdz\framework\CodeIgniter.php(936): App\Controllers\Kb->error404('assets', 'admin', 'js', 'vendor-all.min....')
#18 C:\xampp\htdocs\helpdeskz-ipa\helpdeskz-ipa\hdz\framework\CodeIgniter.php(970): CodeIgniter\CodeIgniter->runController(Object(App\Controllers\Kb))
#19 C:\xampp\htdocs\helpdeskz-ipa\helpdeskz-ipa\hdz\framework\CodeIgniter.php(349): CodeIgniter\CodeIgniter->display404errors(Object(CodeIgniter\Exceptions\PageNotFoundException))
#20 C:\xampp\htdocs\helpdeskz-ipa\helpdeskz-ipa\index.php(44): CodeIgniter\CodeIgniter->run()
#21 {main}
CRITICAL - 2024-05-07 04:14:30 --> Attempt to read property "num_rows" on bool
#0 C:\xampp\htdocs\helpdeskz-ipa\helpdeskz-ipa\hdz\app\Libraries\Kb.php(74): CodeIgniter\Debug\Exceptions->errorHandler(2, 'Attempt to read...', 'C:\\xampp\\htdocs...', 74)
#1 C:\xampp\htdocs\helpdeskz-ipa\helpdeskz-ipa\hdz\app\Libraries\Kb.php(28): App\Libraries\Kb->publicCatList()
#2 C:\xampp\htdocs\helpdeskz-ipa\helpdeskz-ipa\hdz\app\Config\Services.php(41): App\Libraries\Kb->__construct()
#3 C:\xampp\htdocs\helpdeskz-ipa\helpdeskz-ipa\hdz\framework\Config\BaseService.php(100): Config\Services::kb(false)
#4 C:\xampp\htdocs\helpdeskz-ipa\helpdeskz-ipa\hdz\app\Config\Services.php(39): CodeIgniter\Config\BaseService::getSharedInstance('kb')
#5 C:\xampp\htdocs\helpdeskz-ipa\helpdeskz-ipa\hdz\app\Helpers\helpdesk_helper.php(123): Config\Services::kb()
#6 C:\xampp\htdocs\helpdeskz-ipa\helpdeskz-ipa\hdz\app\Views\client\page_template.php(39): kb_popular()
#7 C:\xampp\htdocs\helpdeskz-ipa\helpdeskz-ipa\hdz\framework\View\View.php(220): include('C:\\xampp\\htdocs...')
#8 C:\xampp\htdocs\helpdeskz-ipa\helpdeskz-ipa\hdz\framework\View\View.php(222): CodeIgniter\View\View->CodeIgniter\View\{closure}()
#9 C:\xampp\htdocs\helpdeskz-ipa\helpdeskz-ipa\hdz\framework\View\View.php(236): CodeIgniter\View\View->render('client/page_tem...', Array, true)
#10 C:\xampp\htdocs\helpdeskz-ipa\helpdeskz-ipa\hdz\framework\Common.php(1217): CodeIgniter\View\View->render('client/error', Array, true)
#11 C:\xampp\htdocs\helpdeskz-ipa\helpdeskz-ipa\hdz\app\Controllers\Kb.php(10): view('client/error', Array)
#12 C:\xampp\htdocs\helpdeskz-ipa\helpdeskz-ipa\hdz\framework\CodeIgniter.php(936): App\Controllers\Kb->error404('assets', 'admin', 'js', 'vendor-all.min....')
#13 C:\xampp\htdocs\helpdeskz-ipa\helpdeskz-ipa\hdz\framework\CodeIgniter.php(970): CodeIgniter\CodeIgniter->runController(Object(App\Controllers\Kb))
#14 C:\xampp\htdocs\helpdeskz-ipa\helpdeskz-ipa\hdz\framework\CodeIgniter.php(349): CodeIgniter\CodeIgniter->display404errors(Object(CodeIgniter\Exceptions\PageNotFoundException))
#15 C:\xampp\htdocs\helpdeskz-ipa\helpdeskz-ipa\index.php(44): CodeIgniter\CodeIgniter->run()
#16 {main}
ERROR - 2024-05-07 04:14:42 --> mysqli_sql_exception: Table 'helpdeskz.hdz_config' doesn't exist in C:\xampp\htdocs\helpdeskz-ipa\helpdeskz-ipa\hdz\framework\Database\MySQLi\Connection.php:314
Stack trace:
#0 C:\xampp\htdocs\helpdeskz-ipa\helpdeskz-ipa\hdz\framework\Database\MySQLi\Connection.php(314): mysqli->query('SELECT *\nFROM `...')
#1 C:\xampp\htdocs\helpdeskz-ipa\helpdeskz-ipa\hdz\framework\Database\BaseConnection.php(713): CodeIgniter\Database\MySQLi\Connection->execute('SELECT *\nFROM `...')
#2 C:\xampp\htdocs\helpdeskz-ipa\helpdeskz-ipa\hdz\framework\Database\BaseConnection.php(641): CodeIgniter\Database\BaseConnection->simpleQuery('SELECT *\nFROM `...')
#3 C:\xampp\htdocs\helpdeskz-ipa\helpdeskz-ipa\hdz\framework\Database\BaseBuilder.php(1866): CodeIgniter\Database\BaseConnection->query('SELECT *\nFROM `...', Array, false)
#4 C:\xampp\htdocs\helpdeskz-ipa\helpdeskz-ipa\hdz\app\Libraries\Settings.php(20): CodeIgniter\Database\BaseBuilder->get()
#5 C:\xampp\htdocs\helpdeskz-ipa\helpdeskz-ipa\hdz\app\Controllers\BaseController.php(71): App\Libraries\Settings->config('maintenance')
#6 C:\xampp\htdocs\helpdeskz-ipa\helpdeskz-ipa\hdz\framework\CodeIgniter.php(909): App\Controllers\BaseController->initController(Object(CodeIgniter\HTTP\IncomingRequest), Object(CodeIgniter\HTTP\Response), Object(CodeIgniter\Log\Logger))
#7 C:\xampp\htdocs\helpdeskz-ipa\helpdeskz-ipa\hdz\framework\CodeIgniter.php(969): CodeIgniter\CodeIgniter->createController()
#8 C:\xampp\htdocs\helpdeskz-ipa\helpdeskz-ipa\hdz\framework\CodeIgniter.php(349): CodeIgniter\CodeIgniter->display404errors(Object(CodeIgniter\Exceptions\PageNotFoundException))
#9 C:\xampp\htdocs\helpdeskz-ipa\helpdeskz-ipa\index.php(44): CodeIgniter\CodeIgniter->run()
#10 {main}
ERROR - 2024-05-07 04:14:42 --> mysqli_sql_exception: Table 'helpdeskz.hdz_kb_category' doesn't exist in C:\xampp\htdocs\helpdeskz-ipa\helpdeskz-ipa\hdz\framework\Database\MySQLi\Connection.php:314
Stack trace:
#0 C:\xampp\htdocs\helpdeskz-ipa\helpdeskz-ipa\hdz\framework\Database\MySQLi\Connection.php(314): mysqli->query('SELECT *\nFROM `...')
#1 C:\xampp\htdocs\helpdeskz-ipa\helpdeskz-ipa\hdz\framework\Database\BaseConnection.php(713): CodeIgniter\Database\MySQLi\Connection->execute('SELECT *\nFROM `...')
#2 C:\xampp\htdocs\helpdeskz-ipa\helpdeskz-ipa\hdz\framework\Database\BaseConnection.php(641): CodeIgniter\Database\BaseConnection->simpleQuery('SELECT *\nFROM `...')
#3 C:\xampp\htdocs\helpdeskz-ipa\helpdeskz-ipa\hdz\framework\Database\BaseBuilder.php(1866): CodeIgniter\Database\BaseConnection->query('SELECT *\nFROM `...', Array, false)
#4 C:\xampp\htdocs\helpdeskz-ipa\helpdeskz-ipa\hdz\framework\Model.php(836): CodeIgniter\Database\BaseBuilder->get()
#5 C:\xampp\htdocs\helpdeskz-ipa\helpdeskz-ipa\hdz\app\Libraries\Kb.php(73): CodeIgniter\Model->__call('get', Array)
#6 C:\xampp\htdocs\helpdeskz-ipa\helpdeskz-ipa\hdz\app\Libraries\Kb.php(28): App\Libraries\Kb->publicCatList()
#7 C:\xampp\htdocs\helpdeskz-ipa\helpdeskz-ipa\hdz\app\Config\Services.php(41): App\Libraries\Kb->__construct()
#8 C:\xampp\htdocs\helpdeskz-ipa\helpdeskz-ipa\hdz\framework\Config\BaseService.php(100): Config\Services::kb(false)
#9 C:\xampp\htdocs\helpdeskz-ipa\helpdeskz-ipa\hdz\app\Config\Services.php(39): CodeIgniter\Config\BaseService::getSharedInstance('kb')
#10 C:\xampp\htdocs\helpdeskz-ipa\helpdeskz-ipa\hdz\app\Helpers\helpdesk_helper.php(123): Config\Services::kb()
#11 C:\xampp\htdocs\helpdeskz-ipa\helpdeskz-ipa\hdz\app\Views\client\page_template.php(39): kb_popular()
#12 C:\xampp\htdocs\helpdeskz-ipa\helpdeskz-ipa\hdz\framework\View\View.php(220): include('C:\\xampp\\htdocs...')
#13 C:\xampp\htdocs\helpdeskz-ipa\helpdeskz-ipa\hdz\framework\View\View.php(222): CodeIgniter\View\View->CodeIgniter\View\{closure}()
#14 C:\xampp\htdocs\helpdeskz-ipa\helpdeskz-ipa\hdz\framework\View\View.php(236): CodeIgniter\View\View->render('client/page_tem...', Array, true)
#15 C:\xampp\htdocs\helpdeskz-ipa\helpdeskz-ipa\hdz\framework\Common.php(1217): CodeIgniter\View\View->render('client/error', Array, true)
#16 C:\xampp\htdocs\helpdeskz-ipa\helpdeskz-ipa\hdz\app\Controllers\Kb.php(10): view('client/error', Array)
#17 C:\xampp\htdocs\helpdeskz-ipa\helpdeskz-ipa\hdz\framework\CodeIgniter.php(936): App\Controllers\Kb->error404('assets', 'admin', 'js', 'vendor-all.min....')
#18 C:\xampp\htdocs\helpdeskz-ipa\helpdeskz-ipa\hdz\framework\CodeIgniter.php(970): CodeIgniter\CodeIgniter->runController(Object(App\Controllers\Kb))
#19 C:\xampp\htdocs\helpdeskz-ipa\helpdeskz-ipa\hdz\framework\CodeIgniter.php(349): CodeIgniter\CodeIgniter->display404errors(Object(CodeIgniter\Exceptions\PageNotFoundException))
#20 C:\xampp\htdocs\helpdeskz-ipa\helpdeskz-ipa\index.php(44): CodeIgniter\CodeIgniter->run()
#21 {main}
CRITICAL - 2024-05-07 04:14:42 --> Attempt to read property "num_rows" on bool
#0 C:\xampp\htdocs\helpdeskz-ipa\helpdeskz-ipa\hdz\app\Libraries\Kb.php(74): CodeIgniter\Debug\Exceptions->errorHandler(2, 'Attempt to read...', 'C:\\xampp\\htdocs...', 74)
#1 C:\xampp\htdocs\helpdeskz-ipa\helpdeskz-ipa\hdz\app\Libraries\Kb.php(28): App\Libraries\Kb->publicCatList()
#2 C:\xampp\htdocs\helpdeskz-ipa\helpdeskz-ipa\hdz\app\Config\Services.php(41): App\Libraries\Kb->__construct()
#3 C:\xampp\htdocs\helpdeskz-ipa\helpdeskz-ipa\hdz\framework\Config\BaseService.php(100): Config\Services::kb(false)
#4 C:\xampp\htdocs\helpdeskz-ipa\helpdeskz-ipa\hdz\app\Config\Services.php(39): CodeIgniter\Config\BaseService::getSharedInstance('kb')
#5 C:\xampp\htdocs\helpdeskz-ipa\helpdeskz-ipa\hdz\app\Helpers\helpdesk_helper.php(123): Config\Services::kb()
#6 C:\xampp\htdocs\helpdeskz-ipa\helpdeskz-ipa\hdz\app\Views\client\page_template.php(39): kb_popular()
#7 C:\xampp\htdocs\helpdeskz-ipa\helpdeskz-ipa\hdz\framework\View\View.php(220): include('C:\\xampp\\htdocs...')
#8 C:\xampp\htdocs\helpdeskz-ipa\helpdeskz-ipa\hdz\framework\View\View.php(222): CodeIgniter\View\View->CodeIgniter\View\{closure}()
#9 C:\xampp\htdocs\helpdeskz-ipa\helpdeskz-ipa\hdz\framework\View\View.php(236): CodeIgniter\View\View->render('client/page_tem...', Array, true)
#10 C:\xampp\htdocs\helpdeskz-ipa\helpdeskz-ipa\hdz\framework\Common.php(1217): CodeIgniter\View\View->render('client/error', Array, true)
#11 C:\xampp\htdocs\helpdeskz-ipa\helpdeskz-ipa\hdz\app\Controllers\Kb.php(10): view('client/error', Array)
#12 C:\xampp\htdocs\helpdeskz-ipa\helpdeskz-ipa\hdz\framework\CodeIgniter.php(936): App\Controllers\Kb->error404('assets', 'admin', 'js', 'vendor-all.min....')
#13 C:\xampp\htdocs\helpdeskz-ipa\helpdeskz-ipa\hdz\framework\CodeIgniter.php(970): CodeIgniter\CodeIgniter->runController(Object(App\Controllers\Kb))
#14 C:\xampp\htdocs\helpdeskz-ipa\helpdeskz-ipa\hdz\framework\CodeIgniter.php(349): CodeIgniter\CodeIgniter->display404errors(Object(CodeIgniter\Exceptions\PageNotFoundException))
#15 C:\xampp\htdocs\helpdeskz-ipa\helpdeskz-ipa\index.php(44): CodeIgniter\CodeIgniter->run()
#16 {main}
ERROR - 2024-05-07 04:14:42 --> mysqli_sql_exception: Table 'helpdeskz.hdz_config' doesn't exist in C:\xampp\htdocs\helpdeskz-ipa\helpdeskz-ipa\hdz\framework\Database\MySQLi\Connection.php:314
Stack trace:
#0 C:\xampp\htdocs\helpdeskz-ipa\helpdeskz-ipa\hdz\framework\Database\MySQLi\Connection.php(314): mysqli->query('SELECT *\nFROM `...')
#1 C:\xampp\htdocs\helpdeskz-ipa\helpdeskz-ipa\hdz\framework\Database\BaseConnection.php(713): CodeIgniter\Database\MySQLi\Connection->execute('SELECT *\nFROM `...')
#2 C:\xampp\htdocs\helpdeskz-ipa\helpdeskz-ipa\hdz\framework\Database\BaseConnection.php(641): CodeIgniter\Database\BaseConnection->simpleQuery('SELECT *\nFROM `...')
#3 C:\xampp\htdocs\helpdeskz-ipa\helpdeskz-ipa\hdz\framework\Database\BaseBuilder.php(1866): CodeIgniter\Database\BaseConnection->query('SELECT *\nFROM `...', Array, false)
#4 C:\xampp\htdocs\helpdeskz-ipa\helpdeskz-ipa\hdz\app\Libraries\Settings.php(20): CodeIgniter\Database\BaseBuilder->get()
#5 C:\xampp\htdocs\helpdeskz-ipa\helpdeskz-ipa\hdz\app\Controllers\BaseController.php(71): App\Libraries\Settings->config('maintenance')
#6 C:\xampp\htdocs\helpdeskz-ipa\helpdeskz-ipa\hdz\framework\CodeIgniter.php(909): App\Controllers\BaseController->initController(Object(CodeIgniter\HTTP\IncomingRequest), Object(CodeIgniter\HTTP\Response), Object(CodeIgniter\Log\Logger))
#7 C:\xampp\htdocs\helpdeskz-ipa\helpdeskz-ipa\hdz\framework\CodeIgniter.php(969): CodeIgniter\CodeIgniter->createController()
#8 C:\xampp\htdocs\helpdeskz-ipa\helpdeskz-ipa\hdz\framework\CodeIgniter.php(349): CodeIgniter\CodeIgniter->display404errors(Object(CodeIgniter\Exceptions\PageNotFoundException))
#9 C:\xampp\htdocs\helpdeskz-ipa\helpdeskz-ipa\index.php(44): CodeIgniter\CodeIgniter->run()
#10 {main}
ERROR - 2024-05-07 04:14:42 --> mysqli_sql_exception: Table 'helpdeskz.hdz_kb_category' doesn't exist in C:\xampp\htdocs\helpdeskz-ipa\helpdeskz-ipa\hdz\framework\Database\MySQLi\Connection.php:314
Stack trace:
#0 C:\xampp\htdocs\helpdeskz-ipa\helpdeskz-ipa\hdz\framework\Database\MySQLi\Connection.php(314): mysqli->query('SELECT *\nFROM `...')
#1 C:\xampp\htdocs\helpdeskz-ipa\helpdeskz-ipa\hdz\framework\Database\BaseConnection.php(713): CodeIgniter\Database\MySQLi\Connection->execute('SELECT *\nFROM `...')
#2 C:\xampp\htdocs\helpdeskz-ipa\helpdeskz-ipa\hdz\framework\Database\BaseConnection.php(641): CodeIgniter\Database\BaseConnection->simpleQuery('SELECT *\nFROM `...')
#3 C:\xampp\htdocs\helpdeskz-ipa\helpdeskz-ipa\hdz\framework\Database\BaseBuilder.php(1866): CodeIgniter\Database\BaseConnection->query('SELECT *\nFROM `...', Array, false)
#4 C:\xampp\htdocs\helpdeskz-ipa\helpdeskz-ipa\hdz\framework\Model.php(836): CodeIgniter\Database\BaseBuilder->get()
#5 C:\xampp\htdocs\helpdeskz-ipa\helpdeskz-ipa\hdz\app\Libraries\Kb.php(73): CodeIgniter\Model->__call('get', Array)
#6 C:\xampp\htdocs\helpdeskz-ipa\helpdeskz-ipa\hdz\app\Libraries\Kb.php(28): App\Libraries\Kb->publicCatList()
#7 C:\xampp\htdocs\helpdeskz-ipa\helpdeskz-ipa\hdz\app\Config\Services.php(41): App\Libraries\Kb->__construct()
#8 C:\xampp\htdocs\helpdeskz-ipa\helpdeskz-ipa\hdz\framework\Config\BaseService.php(100): Config\Services::kb(false)
#9 C:\xampp\htdocs\helpdeskz-ipa\helpdeskz-ipa\hdz\app\Config\Services.php(39): CodeIgniter\Config\BaseService::getSharedInstance('kb')
#10 C:\xampp\htdocs\helpdeskz-ipa\helpdeskz-ipa\hdz\app\Helpers\helpdesk_helper.php(123): Config\Services::kb()
#11 C:\xampp\htdocs\helpdeskz-ipa\helpdeskz-ipa\hdz\app\Views\client\page_template.php(39): kb_popular()
#12 C:\xampp\htdocs\helpdeskz-ipa\helpdeskz-ipa\hdz\framework\View\View.php(220): include('C:\\xampp\\htdocs...')
#13 C:\xampp\htdocs\helpdeskz-ipa\helpdeskz-ipa\hdz\framework\View\View.php(222): CodeIgniter\View\View->CodeIgniter\View\{closure}()
#14 C:\xampp\htdocs\helpdeskz-ipa\helpdeskz-ipa\hdz\framework\View\View.php(236): CodeIgniter\View\View->render('client/page_tem...', Array, true)
#15 C:\xampp\htdocs\helpdeskz-ipa\helpdeskz-ipa\hdz\framework\Common.php(1217): CodeIgniter\View\View->render('client/error', Array, true)
#16 C:\xampp\htdocs\helpdeskz-ipa\helpdeskz-ipa\hdz\app\Controllers\Kb.php(10): view('client/error', Array)
#17 C:\xampp\htdocs\helpdeskz-ipa\helpdeskz-ipa\hdz\framework\CodeIgniter.php(936): App\Controllers\Kb->error404('assets', 'admin', 'plugins', 'bootstrap', 'js', 'bootstrap.min.j...')
#18 C:\xampp\htdocs\helpdeskz-ipa\helpdeskz-ipa\hdz\framework\CodeIgniter.php(970): CodeIgniter\CodeIgniter->runController(Object(App\Controllers\Kb))
#19 C:\xampp\htdocs\helpdeskz-ipa\helpdeskz-ipa\hdz\framework\CodeIgniter.php(349): CodeIgniter\CodeIgniter->display404errors(Object(CodeIgniter\Exceptions\PageNotFoundException))
#20 C:\xampp\htdocs\helpdeskz-ipa\helpdeskz-ipa\index.php(44): CodeIgniter\CodeIgniter->run()
#21 {main}
CRITICAL - 2024-05-07 04:14:42 --> Attempt to read property "num_rows" on bool
#0 C:\xampp\htdocs\helpdeskz-ipa\helpdeskz-ipa\hdz\app\Libraries\Kb.php(74): CodeIgniter\Debug\Exceptions->errorHandler(2, 'Attempt to read...', 'C:\\xampp\\htdocs...', 74)
#1 C:\xampp\htdocs\helpdeskz-ipa\helpdeskz-ipa\hdz\app\Libraries\Kb.php(28): App\Libraries\Kb->publicCatList()
#2 C:\xampp\htdocs\helpdeskz-ipa\helpdeskz-ipa\hdz\app\Config\Services.php(41): App\Libraries\Kb->__construct()
#3 C:\xampp\htdocs\helpdeskz-ipa\helpdeskz-ipa\hdz\framework\Config\BaseService.php(100): Config\Services::kb(false)
#4 C:\xampp\htdocs\helpdeskz-ipa\helpdeskz-ipa\hdz\app\Config\Services.php(39): CodeIgniter\Config\BaseService::getSharedInstance('kb')
#5 C:\xampp\htdocs\helpdeskz-ipa\helpdeskz-ipa\hdz\app\Helpers\helpdesk_helper.php(123): Config\Services::kb()
#6 C:\xampp\htdocs\helpdeskz-ipa\helpdeskz-ipa\hdz\app\Views\client\page_template.php(39): kb_popular()
#7 C:\xampp\htdocs\helpdeskz-ipa\helpdeskz-ipa\hdz\framework\View\View.php(220): include('C:\\xampp\\htdocs...')
#8 C:\xampp\htdocs\helpdeskz-ipa\helpdeskz-ipa\hdz\framework\View\View.php(222): CodeIgniter\View\View->CodeIgniter\View\{closure}()
#9 C:\xampp\htdocs\helpdeskz-ipa\helpdeskz-ipa\hdz\framework\View\View.php(236): CodeIgniter\View\View->render('client/page_tem...', Array, true)
#10 C:\xampp\htdocs\helpdeskz-ipa\helpdeskz-ipa\hdz\framework\Common.php(1217): CodeIgniter\View\View->render('client/error', Array, true)
#11 C:\xampp\htdocs\helpdeskz-ipa\helpdeskz-ipa\hdz\app\Controllers\Kb.php(10): view('client/error', Array)
#12 C:\xampp\htdocs\helpdeskz-ipa\helpdeskz-ipa\hdz\framework\CodeIgniter.php(936): App\Controllers\Kb->error404('assets', 'admin', 'plugins', 'bootstrap', 'js', 'bootstrap.min.j...')
#13 C:\xampp\htdocs\helpdeskz-ipa\helpdeskz-ipa\hdz\framework\CodeIgniter.php(970): CodeIgniter\CodeIgniter->runController(Object(App\Controllers\Kb))
#14 C:\xampp\htdocs\helpdeskz-ipa\helpdeskz-ipa\hdz\framework\CodeIgniter.php(349): CodeIgniter\CodeIgniter->display404errors(Object(CodeIgniter\Exceptions\PageNotFoundException))
#15 C:\xampp\htdocs\helpdeskz-ipa\helpdeskz-ipa\index.php(44): CodeIgniter\CodeIgniter->run()
#16 {main}
ERROR - 2024-05-07 04:15:00 --> mysqli_sql_exception: Table 'helpdeskz.hdz_config' doesn't exist in C:\xampp\htdocs\helpdeskz-ipa\helpdeskz-ipa\hdz\framework\Database\MySQLi\Connection.php:314
Stack trace:
#0 C:\xampp\htdocs\helpdeskz-ipa\helpdeskz-ipa\hdz\framework\Database\MySQLi\Connection.php(314): mysqli->query('SELECT *\nFROM `...')
#1 C:\xampp\htdocs\helpdeskz-ipa\helpdeskz-ipa\hdz\framework\Database\BaseConnection.php(713): CodeIgniter\Database\MySQLi\Connection->execute('SELECT *\nFROM `...')
#2 C:\xampp\htdocs\helpdeskz-ipa\helpdeskz-ipa\hdz\framework\Database\BaseConnection.php(641): CodeIgniter\Database\BaseConnection->simpleQuery('SELECT *\nFROM `...')
#3 C:\xampp\htdocs\helpdeskz-ipa\helpdeskz-ipa\hdz\framework\Database\BaseBuilder.php(1866): CodeIgniter\Database\BaseConnection->query('SELECT *\nFROM `...', Array, false)
#4 C:\xampp\htdocs\helpdeskz-ipa\helpdeskz-ipa\hdz\app\Libraries\Settings.php(20): CodeIgniter\Database\BaseBuilder->get()
#5 C:\xampp\htdocs\helpdeskz-ipa\helpdeskz-ipa\hdz\app\Controllers\BaseController.php(71): App\Libraries\Settings->config('maintenance')
#6 C:\xampp\htdocs\helpdeskz-ipa\helpdeskz-ipa\hdz\framework\CodeIgniter.php(909): App\Controllers\BaseController->initController(Object(CodeIgniter\HTTP\IncomingRequest), Object(CodeIgniter\HTTP\Response), Object(CodeIgniter\Log\Logger))
#7 C:\xampp\htdocs\helpdeskz-ipa\helpdeskz-ipa\hdz\framework\CodeIgniter.php(969): CodeIgniter\CodeIgniter->createController()
#8 C:\xampp\htdocs\helpdeskz-ipa\helpdeskz-ipa\hdz\framework\CodeIgniter.php(349): CodeIgniter\CodeIgniter->display404errors(Object(CodeIgniter\Exceptions\PageNotFoundException))
#9 C:\xampp\htdocs\helpdeskz-ipa\helpdeskz-ipa\index.php(44): CodeIgniter\CodeIgniter->run()
#10 {main}
ERROR - 2024-05-07 04:15:00 --> mysqli_sql_exception: Table 'helpdeskz.hdz_kb_category' doesn't exist in C:\xampp\htdocs\helpdeskz-ipa\helpdeskz-ipa\hdz\framework\Database\MySQLi\Connection.php:314
Stack trace:
#0 C:\xampp\htdocs\helpdeskz-ipa\helpdeskz-ipa\hdz\framework\Database\MySQLi\Connection.php(314): mysqli->query('SELECT *\nFROM `...')
#1 C:\xampp\htdocs\helpdeskz-ipa\helpdeskz-ipa\hdz\framework\Database\BaseConnection.php(713): CodeIgniter\Database\MySQLi\Connection->execute('SELECT *\nFROM `...')
#2 C:\xampp\htdocs\helpdeskz-ipa\helpdeskz-ipa\hdz\framework\Database\BaseConnection.php(641): CodeIgniter\Database\BaseConnection->simpleQuery('SELECT *\nFROM `...')
#3 C:\xampp\htdocs\helpdeskz-ipa\helpdeskz-ipa\hdz\framework\Database\BaseBuilder.php(1866): CodeIgniter\Database\BaseConnection->query('SELECT *\nFROM `...', Array, false)
#4 C:\xampp\htdocs\helpdeskz-ipa\helpdeskz-ipa\hdz\framework\Model.php(836): CodeIgniter\Database\BaseBuilder->get()
#5 C:\xampp\htdocs\helpdeskz-ipa\helpdeskz-ipa\hdz\app\Libraries\Kb.php(73): CodeIgniter\Model->__call('get', Array)
#6 C:\xampp\htdocs\helpdeskz-ipa\helpdeskz-ipa\hdz\app\Libraries\Kb.php(28): App\Libraries\Kb->publicCatList()
#7 C:\xampp\htdocs\helpdeskz-ipa\helpdeskz-ipa\hdz\app\Config\Services.php(41): App\Libraries\Kb->__construct()
#8 C:\xampp\htdocs\helpdeskz-ipa\helpdeskz-ipa\hdz\framework\Config\BaseService.php(100): Config\Services::kb(false)
#9 C:\xampp\htdocs\helpdeskz-ipa\helpdeskz-ipa\hdz\app\Config\Services.php(39): CodeIgniter\Config\BaseService::getSharedInstance('kb')
#10 C:\xampp\htdocs\helpdeskz-ipa\helpdeskz-ipa\hdz\app\Helpers\helpdesk_helper.php(123): Config\Services::kb()
#11 C:\xampp\htdocs\helpdeskz-ipa\helpdeskz-ipa\hdz\app\Views\client\page_template.php(39): kb_popular()
#12 C:\xampp\htdocs\helpdeskz-ipa\helpdeskz-ipa\hdz\framework\View\View.php(220): include('C:\\xampp\\htdocs...')
#13 C:\xampp\htdocs\helpdeskz-ipa\helpdeskz-ipa\hdz\framework\View\View.php(222): CodeIgniter\View\View->CodeIgniter\View\{closure}()
#14 C:\xampp\htdocs\helpdeskz-ipa\helpdeskz-ipa\hdz\framework\View\View.php(236): CodeIgniter\View\View->render('client/page_tem...', Array, true)
#15 C:\xampp\htdocs\helpdeskz-ipa\helpdeskz-ipa\hdz\framework\Common.php(1217): CodeIgniter\View\View->render('client/error', Array, true)
#16 C:\xampp\htdocs\helpdeskz-ipa\helpdeskz-ipa\hdz\app\Controllers\Kb.php(10): view('client/error', Array)
#17 C:\xampp\htdocs\helpdeskz-ipa\helpdeskz-ipa\hdz\framework\CodeIgniter.php(936): App\Controllers\Kb->error404('assets', 'admin', 'js', 'vendor-all.min....')
#18 C:\xampp\htdocs\helpdeskz-ipa\helpdeskz-ipa\hdz\framework\CodeIgniter.php(970): CodeIgniter\CodeIgniter->runController(Object(App\Controllers\Kb))
#19 C:\xampp\htdocs\helpdeskz-ipa\helpdeskz-ipa\hdz\framework\CodeIgniter.php(349): CodeIgniter\CodeIgniter->display404errors(Object(CodeIgniter\Exceptions\PageNotFoundException))
#20 C:\xampp\htdocs\helpdeskz-ipa\helpdeskz-ipa\index.php(44): CodeIgniter\CodeIgniter->run()
#21 {main}
CRITICAL - 2024-05-07 04:15:00 --> Attempt to read property "num_rows" on bool
#0 C:\xampp\htdocs\helpdeskz-ipa\helpdeskz-ipa\hdz\app\Libraries\Kb.php(74): CodeIgniter\Debug\Exceptions->errorHandler(2, 'Attempt to read...', 'C:\\xampp\\htdocs...', 74)
#1 C:\xampp\htdocs\helpdeskz-ipa\helpdeskz-ipa\hdz\app\Libraries\Kb.php(28): App\Libraries\Kb->publicCatList()
#2 C:\xampp\htdocs\helpdeskz-ipa\helpdeskz-ipa\hdz\app\Config\Services.php(41): App\Libraries\Kb->__construct()
#3 C:\xampp\htdocs\helpdeskz-ipa\helpdeskz-ipa\hdz\framework\Config\BaseService.php(100): Config\Services::kb(false)
#4 C:\xampp\htdocs\helpdeskz-ipa\helpdeskz-ipa\hdz\app\Config\Services.php(39): CodeIgniter\Config\BaseService::getSharedInstance('kb')
#5 C:\xampp\htdocs\helpdeskz-ipa\helpdeskz-ipa\hdz\app\Helpers\helpdesk_helper.php(123): Config\Services::kb()
#6 C:\xampp\htdocs\helpdeskz-ipa\helpdeskz-ipa\hdz\app\Views\client\page_template.php(39): kb_popular()
#7 C:\xampp\htdocs\helpdeskz-ipa\helpdeskz-ipa\hdz\framework\View\View.php(220): include('C:\\xampp\\htdocs...')
#8 C:\xampp\htdocs\helpdeskz-ipa\helpdeskz-ipa\hdz\framework\View\View.php(222): CodeIgniter\View\View->CodeIgniter\View\{closure}()
#9 C:\xampp\htdocs\helpdeskz-ipa\helpdeskz-ipa\hdz\framework\View\View.php(236): CodeIgniter\View\View->render('client/page_tem...', Array, true)
#10 C:\xampp\htdocs\helpdeskz-ipa\helpdeskz-ipa\hdz\framework\Common.php(1217): CodeIgniter\View\View->render('client/error', Array, true)
#11 C:\xampp\htdocs\helpdeskz-ipa\helpdeskz-ipa\hdz\app\Controllers\Kb.php(10): view('client/error', Array)
#12 C:\xampp\htdocs\helpdeskz-ipa\helpdeskz-ipa\hdz\framework\CodeIgniter.php(936): App\Controllers\Kb->error404('assets', 'admin', 'js', 'vendor-all.min....')
#13 C:\xampp\htdocs\helpdeskz-ipa\helpdeskz-ipa\hdz\framework\CodeIgniter.php(970): CodeIgniter\CodeIgniter->runController(Object(App\Controllers\Kb))
#14 C:\xampp\htdocs\helpdeskz-ipa\helpdeskz-ipa\hdz\framework\CodeIgniter.php(349): CodeIgniter\CodeIgniter->display404errors(Object(CodeIgniter\Exceptions\PageNotFoundException))
#15 C:\xampp\htdocs\helpdeskz-ipa\helpdeskz-ipa\index.php(44): CodeIgniter\CodeIgniter->run()
#16 {main}
ERROR - 2024-05-07 04:15:00 --> mysqli_sql_exception: Table 'helpdeskz.hdz_config' doesn't exist in C:\xampp\htdocs\helpdeskz-ipa\helpdeskz-ipa\hdz\framework\Database\MySQLi\Connection.php:314
Stack trace:
#0 C:\xampp\htdocs\helpdeskz-ipa\helpdeskz-ipa\hdz\framework\Database\MySQLi\Connection.php(314): mysqli->query('SELECT *\nFROM `...')
#1 C:\xampp\htdocs\helpdeskz-ipa\helpdeskz-ipa\hdz\framework\Database\BaseConnection.php(713): CodeIgniter\Database\MySQLi\Connection->execute('SELECT *\nFROM `...')
#2 C:\xampp\htdocs\helpdeskz-ipa\helpdeskz-ipa\hdz\framework\Database\BaseConnection.php(641): CodeIgniter\Database\BaseConnection->simpleQuery('SELECT *\nFROM `...')
#3 C:\xampp\htdocs\helpdeskz-ipa\helpdeskz-ipa\hdz\framework\Database\BaseBuilder.php(1866): CodeIgniter\Database\BaseConnection->query('SELECT *\nFROM `...', Array, false)
#4 C:\xampp\htdocs\helpdeskz-ipa\helpdeskz-ipa\hdz\app\Libraries\Settings.php(20): CodeIgniter\Database\BaseBuilder->get()
#5 C:\xampp\htdocs\helpdeskz-ipa\helpdeskz-ipa\hdz\app\Controllers\BaseController.php(71): App\Libraries\Settings->config('maintenance')
#6 C:\xampp\htdocs\helpdeskz-ipa\helpdeskz-ipa\hdz\framework\CodeIgniter.php(909): App\Controllers\BaseController->initController(Object(CodeIgniter\HTTP\IncomingRequest), Object(CodeIgniter\HTTP\Response), Object(CodeIgniter\Log\Logger))
#7 C:\xampp\htdocs\helpdeskz-ipa\helpdeskz-ipa\hdz\framework\CodeIgniter.php(969): CodeIgniter\CodeIgniter->createController()
#8 C:\xampp\htdocs\helpdeskz-ipa\helpdeskz-ipa\hdz\framework\CodeIgniter.php(349): CodeIgniter\CodeIgniter->display404errors(Object(CodeIgniter\Exceptions\PageNotFoundException))
#9 C:\xampp\htdocs\helpdeskz-ipa\helpdeskz-ipa\index.php(44): CodeIgniter\CodeIgniter->run()
#10 {main}
ERROR - 2024-05-07 04:15:00 --> mysqli_sql_exception: Table 'helpdeskz.hdz_kb_category' doesn't exist in C:\xampp\htdocs\helpdeskz-ipa\helpdeskz-ipa\hdz\framework\Database\MySQLi\Connection.php:314
Stack trace:
#0 C:\xampp\htdocs\helpdeskz-ipa\helpdeskz-ipa\hdz\framework\Database\MySQLi\Connection.php(314): mysqli->query('SELECT *\nFROM `...')
#1 C:\xampp\htdocs\helpdeskz-ipa\helpdeskz-ipa\hdz\framework\Database\BaseConnection.php(713): CodeIgniter\Database\MySQLi\Connection->execute('SELECT *\nFROM `...')
#2 C:\xampp\htdocs\helpdeskz-ipa\helpdeskz-ipa\hdz\framework\Database\BaseConnection.php(641): CodeIgniter\Database\BaseConnection->simpleQuery('SELECT *\nFROM `...')
#3 C:\xampp\htdocs\helpdeskz-ipa\helpdeskz-ipa\hdz\framework\Database\BaseBuilder.php(1866): CodeIgniter\Database\BaseConnection->query('SELECT *\nFROM `...', Array, false)
#4 C:\xampp\htdocs\helpdeskz-ipa\helpdeskz-ipa\hdz\framework\Model.php(836): CodeIgniter\Database\BaseBuilder->get()
#5 C:\xampp\htdocs\helpdeskz-ipa\helpdeskz-ipa\hdz\app\Libraries\Kb.php(73): CodeIgniter\Model->__call('get', Array)
#6 C:\xampp\htdocs\helpdeskz-ipa\helpdeskz-ipa\hdz\app\Libraries\Kb.php(28): App\Libraries\Kb->publicCatList()
#7 C:\xampp\htdocs\helpdeskz-ipa\helpdeskz-ipa\hdz\app\Config\Services.php(41): App\Libraries\Kb->__construct()
#8 C:\xampp\htdocs\helpdeskz-ipa\helpdeskz-ipa\hdz\framework\Config\BaseService.php(100): Config\Services::kb(false)
#9 C:\xampp\htdocs\helpdeskz-ipa\helpdeskz-ipa\hdz\app\Config\Services.php(39): CodeIgniter\Config\BaseService::getSharedInstance('kb')
#10 C:\xampp\htdocs\helpdeskz-ipa\helpdeskz-ipa\hdz\app\Helpers\helpdesk_helper.php(123): Config\Services::kb()
#11 C:\xampp\htdocs\helpdeskz-ipa\helpdeskz-ipa\hdz\app\Views\client\page_template.php(39): kb_popular()
#12 C:\xampp\htdocs\helpdeskz-ipa\helpdeskz-ipa\hdz\framework\View\View.php(220): include('C:\\xampp\\htdocs...')
#13 C:\xampp\htdocs\helpdeskz-ipa\helpdeskz-ipa\hdz\framework\View\View.php(222): CodeIgniter\View\View->CodeIgniter\View\{closure}()
#14 C:\xampp\htdocs\helpdeskz-ipa\helpdeskz-ipa\hdz\framework\View\View.php(236): CodeIgniter\View\View->render('client/page_tem...', Array, true)
#15 C:\xampp\htdocs\helpdeskz-ipa\helpdeskz-ipa\hdz\framework\Common.php(1217): CodeIgniter\View\View->render('client/error', Array, true)
#16 C:\xampp\htdocs\helpdeskz-ipa\helpdeskz-ipa\hdz\app\Controllers\Kb.php(10): view('client/error', Array)
#17 C:\xampp\htdocs\helpdeskz-ipa\helpdeskz-ipa\hdz\framework\CodeIgniter.php(936): App\Controllers\Kb->error404('assets', 'admin', 'plugins', 'bootstrap', 'js', 'bootstrap.min.j...')
#18 C:\xampp\htdocs\helpdeskz-ipa\helpdeskz-ipa\hdz\framework\CodeIgniter.php(970): CodeIgniter\CodeIgniter->runController(Object(App\Controllers\Kb))
#19 C:\xampp\htdocs\helpdeskz-ipa\helpdeskz-ipa\hdz\framework\CodeIgniter.php(349): CodeIgniter\CodeIgniter->display404errors(Object(CodeIgniter\Exceptions\PageNotFoundException))
#20 C:\xampp\htdocs\helpdeskz-ipa\helpdeskz-ipa\index.php(44): CodeIgniter\CodeIgniter->run()
#21 {main}
CRITICAL - 2024-05-07 04:15:00 --> Attempt to read property "num_rows" on bool
#0 C:\xampp\htdocs\helpdeskz-ipa\helpdeskz-ipa\hdz\app\Libraries\Kb.php(74): CodeIgniter\Debug\Exceptions->errorHandler(2, 'Attempt to read...', 'C:\\xampp\\htdocs...', 74)
#1 C:\xampp\htdocs\helpdeskz-ipa\helpdeskz-ipa\hdz\app\Libraries\Kb.php(28): App\Libraries\Kb->publicCatList()
#2 C:\xampp\htdocs\helpdeskz-ipa\helpdeskz-ipa\hdz\app\Config\Services.php(41): App\Libraries\Kb->__construct()
#3 C:\xampp\htdocs\helpdeskz-ipa\helpdeskz-ipa\hdz\framework\Config\BaseService.php(100): Config\Services::kb(false)
#4 C:\xampp\htdocs\helpdeskz-ipa\helpdeskz-ipa\hdz\app\Config\Services.php(39): CodeIgniter\Config\BaseService::getSharedInstance('kb')
#5 C:\xampp\htdocs\helpdeskz-ipa\helpdeskz-ipa\hdz\app\Helpers\helpdesk_helper.php(123): Config\Services::kb()
#6 C:\xampp\htdocs\helpdeskz-ipa\helpdeskz-ipa\hdz\app\Views\client\page_template.php(39): kb_popular()
#7 C:\xampp\htdocs\helpdeskz-ipa\helpdeskz-ipa\hdz\framework\View\View.php(220): include('C:\\xampp\\htdocs...')
#8 C:\xampp\htdocs\helpdeskz-ipa\helpdeskz-ipa\hdz\framework\View\View.php(222): CodeIgniter\View\View->CodeIgniter\View\{closure}()
#9 C:\xampp\htdocs\helpdeskz-ipa\helpdeskz-ipa\hdz\framework\View\View.php(236): CodeIgniter\View\View->render('client/page_tem...', Array, true)
#10 C:\xampp\htdocs\helpdeskz-ipa\helpdeskz-ipa\hdz\framework\Common.php(1217): CodeIgniter\View\View->render('client/error', Array, true)
#11 C:\xampp\htdocs\helpdeskz-ipa\helpdeskz-ipa\hdz\app\Controllers\Kb.php(10): view('client/error', Array)
#12 C:\xampp\htdocs\helpdeskz-ipa\helpdeskz-ipa\hdz\framework\CodeIgniter.php(936): App\Controllers\Kb->error404('assets', 'admin', 'plugins', 'bootstrap', 'js', 'bootstrap.min.j...')
#13 C:\xampp\htdocs\helpdeskz-ipa\helpdeskz-ipa\hdz\framework\CodeIgniter.php(970): CodeIgniter\CodeIgniter->runController(Object(App\Controllers\Kb))
#14 C:\xampp\htdocs\helpdeskz-ipa\helpdeskz-ipa\hdz\framework\CodeIgniter.php(349): CodeIgniter\CodeIgniter->display404errors(Object(CodeIgniter\Exceptions\PageNotFoundException))
#15 C:\xampp\htdocs\helpdeskz-ipa\helpdeskz-ipa\index.php(44): CodeIgniter\CodeIgniter->run()
#16 {main}
ERROR - 2024-05-07 04:28:35 --> Error connecting to the database: Unknown database 'helpdeskz'
CRITICAL - 2024-05-07 04:28:35 --> Unable to connect to the database.
#0 C:\xampp\htdocs\helpdeskz-ipa\helpdeskz-ipa\hdz\framework\Database\BaseConnection.php(618): CodeIgniter\Database\BaseConnection->initialize()
#1 C:\xampp\htdocs\helpdeskz-ipa\helpdeskz-ipa\hdz\framework\Database\BaseBuilder.php(1866): CodeIgniter\Database\BaseConnection->query('SELECT *\nFROM `...', Array, false)
#2 C:\xampp\htdocs\helpdeskz-ipa\helpdeskz-ipa\hdz\framework\Model.php(836): CodeIgniter\Database\BaseBuilder->get(1)
#3 C:\xampp\htdocs\helpdeskz-ipa\helpdeskz-ipa\hdz\app\Libraries\Staff.php(327): CodeIgniter\Model->__call('get', Array)
#4 C:\xampp\htdocs\helpdeskz-ipa\helpdeskz-ipa\hdz\app\Libraries\Staff.php(40): App\Libraries\Staff->getRow(Array)
#5 C:\xampp\htdocs\helpdeskz-ipa\helpdeskz-ipa\hdz\app\Libraries\Staff.php(30): App\Libraries\Staff->validate_session('1', '$2y$10$YUbuSiJX...')
#6 C:\xampp\htdocs\helpdeskz-ipa\helpdeskz-ipa\hdz\app\Filters\StaffAuth.php(21): App\Libraries\Staff->isOnline()
#7 C:\xampp\htdocs\helpdeskz-ipa\helpdeskz-ipa\hdz\framework\Filters\Filters.php(181): App\Filters\StaffAuth->before(Object(CodeIgniter\HTTP\IncomingRequest), NULL)
#8 C:\xampp\htdocs\helpdeskz-ipa\helpdeskz-ipa\hdz\framework\CodeIgniter.php(403): CodeIgniter\Filters\Filters->run('staff/setup/ema...', 'before')
#9 C:\xampp\htdocs\helpdeskz-ipa\helpdeskz-ipa\hdz\framework\CodeIgniter.php(333): CodeIgniter\CodeIgniter->handleRequest(NULL, Object(Config\Cache), false)
#10 C:\xampp\htdocs\helpdeskz-ipa\helpdeskz-ipa\index.php(44): CodeIgniter\CodeIgniter->run()
#11 {main}
ERROR - 2024-05-07 04:28:40 --> Error connecting to the database: Unknown database 'helpdeskz'
CRITICAL - 2024-05-07 04:28:40 --> Unable to connect to the database.
#0 C:\xampp\htdocs\helpdeskz-ipa\helpdeskz-ipa\hdz\framework\Database\BaseConnection.php(618): CodeIgniter\Database\BaseConnection->initialize()
#1 C:\xampp\htdocs\helpdeskz-ipa\helpdeskz-ipa\hdz\framework\Database\BaseBuilder.php(1866): CodeIgniter\Database\BaseConnection->query('SELECT *\nFROM `...', Array, false)
#2 C:\xampp\htdocs\helpdeskz-ipa\helpdeskz-ipa\hdz\framework\Model.php(836): CodeIgniter\Database\BaseBuilder->get(1)
#3 C:\xampp\htdocs\helpdeskz-ipa\helpdeskz-ipa\hdz\app\Libraries\Staff.php(327): CodeIgniter\Model->__call('get', Array)
#4 C:\xampp\htdocs\helpdeskz-ipa\helpdeskz-ipa\hdz\app\Libraries\Staff.php(40): App\Libraries\Staff->getRow(Array)
#5 C:\xampp\htdocs\helpdeskz-ipa\helpdeskz-ipa\hdz\app\Libraries\Staff.php(30): App\Libraries\Staff->validate_session('1', '$2y$10$YUbuSiJX...')
#6 C:\xampp\htdocs\helpdeskz-ipa\helpdeskz-ipa\hdz\app\Filters\StaffAuth.php(21): App\Libraries\Staff->isOnline()
#7 C:\xampp\htdocs\helpdeskz-ipa\helpdeskz-ipa\hdz\framework\Filters\Filters.php(181): App\Filters\StaffAuth->before(Object(CodeIgniter\HTTP\IncomingRequest), NULL)
#8 C:\xampp\htdocs\helpdeskz-ipa\helpdeskz-ipa\hdz\framework\CodeIgniter.php(403): CodeIgniter\Filters\Filters->run('staff', 'before')
#9 C:\xampp\htdocs\helpdeskz-ipa\helpdeskz-ipa\hdz\framework\CodeIgniter.php(333): CodeIgniter\CodeIgniter->handleRequest(NULL, Object(Config\Cache), false)
#10 C:\xampp\htdocs\helpdeskz-ipa\helpdeskz-ipa\index.php(44): CodeIgniter\CodeIgniter->run()
#11 {main}
ERROR - 2024-05-07 04:28:41 --> Error connecting to the database: Unknown database 'helpdeskz'
CRITICAL - 2024-05-07 04:28:41 --> Unable to connect to the database.
#0 C:\xampp\htdocs\helpdeskz-ipa\helpdeskz-ipa\hdz\framework\Database\BaseConnection.php(618): CodeIgniter\Database\BaseConnection->initialize()
#1 C:\xampp\htdocs\helpdeskz-ipa\helpdeskz-ipa\hdz\framework\Database\BaseBuilder.php(1866): CodeIgniter\Database\BaseConnection->query('SELECT *\nFROM `...', Array, false)
#2 C:\xampp\htdocs\helpdeskz-ipa\helpdeskz-ipa\hdz\framework\Model.php(836): CodeIgniter\Database\BaseBuilder->get(1)
#3 C:\xampp\htdocs\helpdeskz-ipa\helpdeskz-ipa\hdz\app\Libraries\Staff.php(327): CodeIgniter\Model->__call('get', Array)
#4 C:\xampp\htdocs\helpdeskz-ipa\helpdeskz-ipa\hdz\app\Libraries\Staff.php(40): App\Libraries\Staff->getRow(Array)
#5 C:\xampp\htdocs\helpdeskz-ipa\helpdeskz-ipa\hdz\app\Libraries\Staff.php(30): App\Libraries\Staff->validate_session('1', '$2y$10$YUbuSiJX...')
#6 C:\xampp\htdocs\helpdeskz-ipa\helpdeskz-ipa\hdz\app\Filters\StaffAuth.php(21): App\Libraries\Staff->isOnline()
#7 C:\xampp\htdocs\helpdeskz-ipa\helpdeskz-ipa\hdz\framework\Filters\Filters.php(181): App\Filters\StaffAuth->before(Object(CodeIgniter\HTTP\IncomingRequest), NULL)
#8 C:\xampp\htdocs\helpdeskz-ipa\helpdeskz-ipa\hdz\framework\CodeIgniter.php(403): CodeIgniter\Filters\Filters->run('staff', 'before')
#9 C:\xampp\htdocs\helpdeskz-ipa\helpdeskz-ipa\hdz\framework\CodeIgniter.php(333): CodeIgniter\CodeIgniter->handleRequest(NULL, Object(Config\Cache), false)
#10 C:\xampp\htdocs\helpdeskz-ipa\helpdeskz-ipa\index.php(44): CodeIgniter\CodeIgniter->run()
#11 {main}
ERROR - 2024-05-07 04:28:49 --> Error connecting to the database: Unknown database 'helpdeskz'
CRITICAL - 2024-05-07 04:28:49 --> Unable to connect to the database.
#0 C:\xampp\htdocs\helpdeskz-ipa\helpdeskz-ipa\hdz\framework\Database\BaseConnection.php(618): CodeIgniter\Database\BaseConnection->initialize()
#1 C:\xampp\htdocs\helpdeskz-ipa\helpdeskz-ipa\hdz\framework\Database\BaseBuilder.php(1866): CodeIgniter\Database\BaseConnection->query('SELECT *\nFROM `...', Array, false)
#2 C:\xampp\htdocs\helpdeskz-ipa\helpdeskz-ipa\hdz\app\Libraries\Settings.php(20): CodeIgniter\Database\BaseBuilder->get()
#3 C:\xampp\htdocs\helpdeskz-ipa\helpdeskz-ipa\hdz\app\Controllers\BaseController.php(71): App\Libraries\Settings->config('maintenance')
#4 C:\xampp\htdocs\helpdeskz-ipa\helpdeskz-ipa\hdz\framework\CodeIgniter.php(909): App\Controllers\BaseController->initController(Object(CodeIgniter\HTTP\IncomingRequest), Object(CodeIgniter\HTTP\Response), Object(CodeIgniter\Log\Logger))
#5 C:\xampp\htdocs\helpdeskz-ipa\helpdeskz-ipa\hdz\framework\CodeIgniter.php(969): CodeIgniter\CodeIgniter->createController()
#6 C:\xampp\htdocs\helpdeskz-ipa\helpdeskz-ipa\hdz\framework\CodeIgniter.php(349): CodeIgniter\CodeIgniter->display404errors(Object(CodeIgniter\Exceptions\PageNotFoundException))
#7 C:\xampp\htdocs\helpdeskz-ipa\helpdeskz-ipa\index.php(44): CodeIgniter\CodeIgniter->run()
#8 {main}
ERROR - 2024-05-07 04:28:49 --> Error connecting to the database: Unknown database 'helpdeskz'
CRITICAL - 2024-05-07 04:28:49 --> Unable to connect to the database.
#0 C:\xampp\htdocs\helpdeskz-ipa\helpdeskz-ipa\hdz\framework\Database\BaseConnection.php(618): CodeIgniter\Database\BaseConnection->initialize()
#1 C:\xampp\htdocs\helpdeskz-ipa\helpdeskz-ipa\hdz\framework\Database\BaseBuilder.php(1866): CodeIgniter\Database\BaseConnection->query('SELECT *\nFROM `...', Array, false)
#2 C:\xampp\htdocs\helpdeskz-ipa\helpdeskz-ipa\hdz\app\Libraries\Settings.php(20): CodeIgniter\Database\BaseBuilder->get()
#3 C:\xampp\htdocs\helpdeskz-ipa\helpdeskz-ipa\hdz\app\Controllers\BaseController.php(71): App\Libraries\Settings->config('maintenance')
#4 C:\xampp\htdocs\helpdeskz-ipa\helpdeskz-ipa\hdz\framework\CodeIgniter.php(909): App\Controllers\BaseController->initController(Object(CodeIgniter\HTTP\IncomingRequest), Object(CodeIgniter\HTTP\Response), Object(CodeIgniter\Log\Logger))
#5 C:\xampp\htdocs\helpdeskz-ipa\helpdeskz-ipa\hdz\framework\CodeIgniter.php(969): CodeIgniter\CodeIgniter->createController()
#6 C:\xampp\htdocs\helpdeskz-ipa\helpdeskz-ipa\hdz\framework\CodeIgniter.php(349): CodeIgniter\CodeIgniter->display404errors(Object(CodeIgniter\Exceptions\PageNotFoundException))
#7 C:\xampp\htdocs\helpdeskz-ipa\helpdeskz-ipa\index.php(44): CodeIgniter\CodeIgniter->run()
#8 {main}
ERROR - 2024-05-07 04:28:51 --> Error connecting to the database: Unknown database 'helpdeskz'
CRITICAL - 2024-05-07 04:28:51 --> Unable to connect to the database.
#0 C:\xampp\htdocs\helpdeskz-ipa\helpdeskz-ipa\hdz\framework\Database\BaseConnection.php(618): CodeIgniter\Database\BaseConnection->initialize()
#1 C:\xampp\htdocs\helpdeskz-ipa\helpdeskz-ipa\hdz\framework\Database\BaseBuilder.php(1866): CodeIgniter\Database\BaseConnection->query('SELECT *\nFROM `...', Array, false)
#2 C:\xampp\htdocs\helpdeskz-ipa\helpdeskz-ipa\hdz\app\Libraries\Settings.php(20): CodeIgniter\Database\BaseBuilder->get()
#3 C:\xampp\htdocs\helpdeskz-ipa\helpdeskz-ipa\hdz\app\Controllers\BaseController.php(71): App\Libraries\Settings->config('maintenance')
#4 C:\xampp\htdocs\helpdeskz-ipa\helpdeskz-ipa\hdz\framework\CodeIgniter.php(909): App\Controllers\BaseController->initController(Object(CodeIgniter\HTTP\IncomingRequest), Object(CodeIgniter\HTTP\Response), Object(CodeIgniter\Log\Logger))
#5 C:\xampp\htdocs\helpdeskz-ipa\helpdeskz-ipa\hdz\framework\CodeIgniter.php(969): CodeIgniter\CodeIgniter->createController()
#6 C:\xampp\htdocs\helpdeskz-ipa\helpdeskz-ipa\hdz\framework\CodeIgniter.php(349): CodeIgniter\CodeIgniter->display404errors(Object(CodeIgniter\Exceptions\PageNotFoundException))
#7 C:\xampp\htdocs\helpdeskz-ipa\helpdeskz-ipa\index.php(44): CodeIgniter\CodeIgniter->run()
#8 {main}
ERROR - 2024-05-07 04:28:51 --> Error connecting to the database: Unknown database 'helpdeskz'
CRITICAL - 2024-05-07 04:28:51 --> Unable to connect to the database.
#0 C:\xampp\htdocs\helpdeskz-ipa\helpdeskz-ipa\hdz\framework\Database\BaseConnection.php(618): CodeIgniter\Database\BaseConnection->initialize()
#1 C:\xampp\htdocs\helpdeskz-ipa\helpdeskz-ipa\hdz\framework\Database\BaseBuilder.php(1866): CodeIgniter\Database\BaseConnection->query('SELECT *\nFROM `...', Array, false)
#2 C:\xampp\htdocs\helpdeskz-ipa\helpdeskz-ipa\hdz\app\Libraries\Settings.php(20): CodeIgniter\Database\BaseBuilder->get()
#3 C:\xampp\htdocs\helpdeskz-ipa\helpdeskz-ipa\hdz\app\Controllers\BaseController.php(71): App\Libraries\Settings->config('maintenance')
#4 C:\xampp\htdocs\helpdeskz-ipa\helpdeskz-ipa\hdz\framework\CodeIgniter.php(909): App\Controllers\BaseController->initController(Object(CodeIgniter\HTTP\IncomingRequest), Object(CodeIgniter\HTTP\Response), Object(CodeIgniter\Log\Logger))
#5 C:\xampp\htdocs\helpdeskz-ipa\helpdeskz-ipa\hdz\framework\CodeIgniter.php(969): CodeIgniter\CodeIgniter->createController()
#6 C:\xampp\htdocs\helpdeskz-ipa\helpdeskz-ipa\hdz\framework\CodeIgniter.php(349): CodeIgniter\CodeIgniter->display404errors(Object(CodeIgniter\Exceptions\PageNotFoundException))
#7 C:\xampp\htdocs\helpdeskz-ipa\helpdeskz-ipa\index.php(44): CodeIgniter\CodeIgniter->run()
#8 {main}
ERROR - 2024-05-07 04:29:21 --> mysqli_sql_exception: Table 'helpdeskz.hdz_config' doesn't exist in C:\xampp\htdocs\helpdeskz-ipa\helpdeskz-ipa\hdz\framework\Database\MySQLi\Connection.php:314
Stack trace:
#0 C:\xampp\htdocs\helpdeskz-ipa\helpdeskz-ipa\hdz\framework\Database\MySQLi\Connection.php(314): mysqli->query('SELECT *\nFROM `...')
#1 C:\xampp\htdocs\helpdeskz-ipa\helpdeskz-ipa\hdz\framework\Database\BaseConnection.php(713): CodeIgniter\Database\MySQLi\Connection->execute('SELECT *\nFROM `...')
#2 C:\xampp\htdocs\helpdeskz-ipa\helpdeskz-ipa\hdz\framework\Database\BaseConnection.php(641): CodeIgniter\Database\BaseConnection->simpleQuery('SELECT *\nFROM `...')
#3 C:\xampp\htdocs\helpdeskz-ipa\helpdeskz-ipa\hdz\framework\Database\BaseBuilder.php(1866): CodeIgniter\Database\BaseConnection->query('SELECT *\nFROM `...', Array, false)
#4 C:\xampp\htdocs\helpdeskz-ipa\helpdeskz-ipa\hdz\app\Libraries\Settings.php(20): CodeIgniter\Database\BaseBuilder->get()
#5 C:\xampp\htdocs\helpdeskz-ipa\helpdeskz-ipa\hdz\app\Controllers\BaseController.php(71): App\Libraries\Settings->config('maintenance')
#6 C:\xampp\htdocs\helpdeskz-ipa\helpdeskz-ipa\hdz\framework\CodeIgniter.php(909): App\Controllers\BaseController->initController(Object(CodeIgniter\HTTP\IncomingRequest), Object(CodeIgniter\HTTP\Response), Object(CodeIgniter\Log\Logger))
#7 C:\xampp\htdocs\helpdeskz-ipa\helpdeskz-ipa\hdz\framework\CodeIgniter.php(969): CodeIgniter\CodeIgniter->createController()
#8 C:\xampp\htdocs\helpdeskz-ipa\helpdeskz-ipa\hdz\framework\CodeIgniter.php(349): CodeIgniter\CodeIgniter->display404errors(Object(CodeIgniter\Exceptions\PageNotFoundException))
#9 C:\xampp\htdocs\helpdeskz-ipa\helpdeskz-ipa\index.php(44): CodeIgniter\CodeIgniter->run()
#10 {main}
ERROR - 2024-05-07 04:29:21 --> mysqli_sql_exception: Table 'helpdeskz.hdz_kb_category' doesn't exist in C:\xampp\htdocs\helpdeskz-ipa\helpdeskz-ipa\hdz\framework\Database\MySQLi\Connection.php:314
Stack trace:
#0 C:\xampp\htdocs\helpdeskz-ipa\helpdeskz-ipa\hdz\framework\Database\MySQLi\Connection.php(314): mysqli->query('SELECT *\nFROM `...')
#1 C:\xampp\htdocs\helpdeskz-ipa\helpdeskz-ipa\hdz\framework\Database\BaseConnection.php(713): CodeIgniter\Database\MySQLi\Connection->execute('SELECT *\nFROM `...')
#2 C:\xampp\htdocs\helpdeskz-ipa\helpdeskz-ipa\hdz\framework\Database\BaseConnection.php(641): CodeIgniter\Database\BaseConnection->simpleQuery('SELECT *\nFROM `...')
#3 C:\xampp\htdocs\helpdeskz-ipa\helpdeskz-ipa\hdz\framework\Database\BaseBuilder.php(1866): CodeIgniter\Database\BaseConnection->query('SELECT *\nFROM `...', Array, false)
#4 C:\xampp\htdocs\helpdeskz-ipa\helpdeskz-ipa\hdz\framework\Model.php(836): CodeIgniter\Database\BaseBuilder->get()
#5 C:\xampp\htdocs\helpdeskz-ipa\helpdeskz-ipa\hdz\app\Libraries\Kb.php(73): CodeIgniter\Model->__call('get', Array)
#6 C:\xampp\htdocs\helpdeskz-ipa\helpdeskz-ipa\hdz\app\Libraries\Kb.php(28): App\Libraries\Kb->publicCatList()
#7 C:\xampp\htdocs\helpdeskz-ipa\helpdeskz-ipa\hdz\app\Config\Services.php(41): App\Libraries\Kb->__construct()
#8 C:\xampp\htdocs\helpdeskz-ipa\helpdeskz-ipa\hdz\framework\Config\BaseService.php(100): Config\Services::kb(false)
#9 C:\xampp\htdocs\helpdeskz-ipa\helpdeskz-ipa\hdz\app\Config\Services.php(39): CodeIgniter\Config\BaseService::getSharedInstance('kb')
#10 C:\xampp\htdocs\helpdeskz-ipa\helpdeskz-ipa\hdz\app\Helpers\helpdesk_helper.php(123): Config\Services::kb()
#11 C:\xampp\htdocs\helpdeskz-ipa\helpdeskz-ipa\hdz\app\Views\client\page_template.php(39): kb_popular()
#12 C:\xampp\htdocs\helpdeskz-ipa\helpdeskz-ipa\hdz\framework\View\View.php(220): include('C:\\xampp\\htdocs...')
#13 C:\xampp\htdocs\helpdeskz-ipa\helpdeskz-ipa\hdz\framework\View\View.php(222): CodeIgniter\View\View->CodeIgniter\View\{closure}()
#14 C:\xampp\htdocs\helpdeskz-ipa\helpdeskz-ipa\hdz\framework\View\View.php(236): CodeIgniter\View\View->render('client/page_tem...', Array, true)
#15 C:\xampp\htdocs\helpdeskz-ipa\helpdeskz-ipa\hdz\framework\Common.php(1217): CodeIgniter\View\View->render('client/error', Array, true)
#16 C:\xampp\htdocs\helpdeskz-ipa\helpdeskz-ipa\hdz\app\Controllers\Kb.php(10): view('client/error', Array)
#17 C:\xampp\htdocs\helpdeskz-ipa\helpdeskz-ipa\hdz\framework\CodeIgniter.php(936): App\Controllers\Kb->error404('assets', 'admin', 'plugins', 'bootstrap', 'js', 'bootstrap.min.j...')
#18 C:\xampp\htdocs\helpdeskz-ipa\helpdeskz-ipa\hdz\framework\CodeIgniter.php(970): CodeIgniter\CodeIgniter->runController(Object(App\Controllers\Kb))
#19 C:\xampp\htdocs\helpdeskz-ipa\helpdeskz-ipa\hdz\framework\CodeIgniter.php(349): CodeIgniter\CodeIgniter->display404errors(Object(CodeIgniter\Exceptions\PageNotFoundException))
#20 C:\xampp\htdocs\helpdeskz-ipa\helpdeskz-ipa\index.php(44): CodeIgniter\CodeIgniter->run()
#21 {main}
CRITICAL - 2024-05-07 04:29:21 --> Attempt to read property "num_rows" on bool
#0 C:\xampp\htdocs\helpdeskz-ipa\helpdeskz-ipa\hdz\app\Libraries\Kb.php(74): CodeIgniter\Debug\Exceptions->errorHandler(2, 'Attempt to read...', 'C:\\xampp\\htdocs...', 74)
#1 C:\xampp\htdocs\helpdeskz-ipa\helpdeskz-ipa\hdz\app\Libraries\Kb.php(28): App\Libraries\Kb->publicCatList()
#2 C:\xampp\htdocs\helpdeskz-ipa\helpdeskz-ipa\hdz\app\Config\Services.php(41): App\Libraries\Kb->__construct()
#3 C:\xampp\htdocs\helpdeskz-ipa\helpdeskz-ipa\hdz\framework\Config\BaseService.php(100): Config\Services::kb(false)
#4 C:\xampp\htdocs\helpdeskz-ipa\helpdeskz-ipa\hdz\app\Config\Services.php(39): CodeIgniter\Config\BaseService::getSharedInstance('kb')
#5 C:\xampp\htdocs\helpdeskz-ipa\helpdeskz-ipa\hdz\app\Helpers\helpdesk_helper.php(123): Config\Services::kb()
#6 C:\xampp\htdocs\helpdeskz-ipa\helpdeskz-ipa\hdz\app\Views\client\page_template.php(39): kb_popular()
#7 C:\xampp\htdocs\helpdeskz-ipa\helpdeskz-ipa\hdz\framework\View\View.php(220): include('C:\\xampp\\htdocs...')
#8 C:\xampp\htdocs\helpdeskz-ipa\helpdeskz-ipa\hdz\framework\View\View.php(222): CodeIgniter\View\View->CodeIgniter\View\{closure}()
#9 C:\xampp\htdocs\helpdeskz-ipa\helpdeskz-ipa\hdz\framework\View\View.php(236): CodeIgniter\View\View->render('client/page_tem...', Array, true)
#10 C:\xampp\htdocs\helpdeskz-ipa\helpdeskz-ipa\hdz\framework\Common.php(1217): CodeIgniter\View\View->render('client/error', Array, true)
#11 C:\xampp\htdocs\helpdeskz-ipa\helpdeskz-ipa\hdz\app\Controllers\Kb.php(10): view('client/error', Array)
#12 C:\xampp\htdocs\helpdeskz-ipa\helpdeskz-ipa\hdz\framework\CodeIgniter.php(936): App\Controllers\Kb->error404('assets', 'admin', 'plugins', 'bootstrap', 'js', 'bootstrap.min.j...')
#13 C:\xampp\htdocs\helpdeskz-ipa\helpdeskz-ipa\hdz\framework\CodeIgniter.php(970): CodeIgniter\CodeIgniter->runController(Object(App\Controllers\Kb))
#14 C:\xampp\htdocs\helpdeskz-ipa\helpdeskz-ipa\hdz\framework\CodeIgniter.php(349): CodeIgniter\CodeIgniter->display404errors(Object(CodeIgniter\Exceptions\PageNotFoundException))
#15 C:\xampp\htdocs\helpdeskz-ipa\helpdeskz-ipa\index.php(44): CodeIgniter\CodeIgniter->run()
#16 {main}
ERROR - 2024-05-07 04:29:21 --> mysqli_sql_exception: Table 'helpdeskz.hdz_config' doesn't exist in C:\xampp\htdocs\helpdeskz-ipa\helpdeskz-ipa\hdz\framework\Database\MySQLi\Connection.php:314
Stack trace:
#0 C:\xampp\htdocs\helpdeskz-ipa\helpdeskz-ipa\hdz\framework\Database\MySQLi\Connection.php(314): mysqli->query('SELECT *\nFROM `...')
#1 C:\xampp\htdocs\helpdeskz-ipa\helpdeskz-ipa\hdz\framework\Database\BaseConnection.php(713): CodeIgniter\Database\MySQLi\Connection->execute('SELECT *\nFROM `...')
#2 C:\xampp\htdocs\helpdeskz-ipa\helpdeskz-ipa\hdz\framework\Database\BaseConnection.php(641): CodeIgniter\Database\BaseConnection->simpleQuery('SELECT *\nFROM `...')
#3 C:\xampp\htdocs\helpdeskz-ipa\helpdeskz-ipa\hdz\framework\Database\BaseBuilder.php(1866): CodeIgniter\Database\BaseConnection->query('SELECT *\nFROM `...', Array, false)
#4 C:\xampp\htdocs\helpdeskz-ipa\helpdeskz-ipa\hdz\app\Libraries\Settings.php(20): CodeIgniter\Database\BaseBuilder->get()
#5 C:\xampp\htdocs\helpdeskz-ipa\helpdeskz-ipa\hdz\app\Controllers\BaseController.php(71): App\Libraries\Settings->config('maintenance')
#6 C:\xampp\htdocs\helpdeskz-ipa\helpdeskz-ipa\hdz\framework\CodeIgniter.php(909): App\Controllers\BaseController->initController(Object(CodeIgniter\HTTP\IncomingRequest), Object(CodeIgniter\HTTP\Response), Object(CodeIgniter\Log\Logger))
#7 C:\xampp\htdocs\helpdeskz-ipa\helpdeskz-ipa\hdz\framework\CodeIgniter.php(969): CodeIgniter\CodeIgniter->createController()
#8 C:\xampp\htdocs\helpdeskz-ipa\helpdeskz-ipa\hdz\framework\CodeIgniter.php(349): CodeIgniter\CodeIgniter->display404errors(Object(CodeIgniter\Exceptions\PageNotFoundException))
#9 C:\xampp\htdocs\helpdeskz-ipa\helpdeskz-ipa\index.php(44): CodeIgniter\CodeIgniter->run()
#10 {main}
ERROR - 2024-05-07 04:29:21 --> mysqli_sql_exception: Table 'helpdeskz.hdz_kb_category' doesn't exist in C:\xampp\htdocs\helpdeskz-ipa\helpdeskz-ipa\hdz\framework\Database\MySQLi\Connection.php:314
Stack trace:
#0 C:\xampp\htdocs\helpdeskz-ipa\helpdeskz-ipa\hdz\framework\Database\MySQLi\Connection.php(314): mysqli->query('SELECT *\nFROM `...')
#1 C:\xampp\htdocs\helpdeskz-ipa\helpdeskz-ipa\hdz\framework\Database\BaseConnection.php(713): CodeIgniter\Database\MySQLi\Connection->execute('SELECT *\nFROM `...')
#2 C:\xampp\htdocs\helpdeskz-ipa\helpdeskz-ipa\hdz\framework\Database\BaseConnection.php(641): CodeIgniter\Database\BaseConnection->simpleQuery('SELECT *\nFROM `...')
#3 C:\xampp\htdocs\helpdeskz-ipa\helpdeskz-ipa\hdz\framework\Database\BaseBuilder.php(1866): CodeIgniter\Database\BaseConnection->query('SELECT *\nFROM `...', Array, false)
#4 C:\xampp\htdocs\helpdeskz-ipa\helpdeskz-ipa\hdz\framework\Model.php(836): CodeIgniter\Database\BaseBuilder->get()
#5 C:\xampp\htdocs\helpdeskz-ipa\helpdeskz-ipa\hdz\app\Libraries\Kb.php(73): CodeIgniter\Model->__call('get', Array)
#6 C:\xampp\htdocs\helpdeskz-ipa\helpdeskz-ipa\hdz\app\Libraries\Kb.php(28): App\Libraries\Kb->publicCatList()
#7 C:\xampp\htdocs\helpdeskz-ipa\helpdeskz-ipa\hdz\app\Config\Services.php(41): App\Libraries\Kb->__construct()
#8 C:\xampp\htdocs\helpdeskz-ipa\helpdeskz-ipa\hdz\framework\Config\BaseService.php(100): Config\Services::kb(false)
#9 C:\xampp\htdocs\helpdeskz-ipa\helpdeskz-ipa\hdz\app\Config\Services.php(39): CodeIgniter\Config\BaseService::getSharedInstance('kb')
#10 C:\xampp\htdocs\helpdeskz-ipa\helpdeskz-ipa\hdz\app\Helpers\helpdesk_helper.php(123): Config\Services::kb()
#11 C:\xampp\htdocs\helpdeskz-ipa\helpdeskz-ipa\hdz\app\Views\client\page_template.php(39): kb_popular()
#12 C:\xampp\htdocs\helpdeskz-ipa\helpdeskz-ipa\hdz\framework\View\View.php(220): include('C:\\xampp\\htdocs...')
#13 C:\xampp\htdocs\helpdeskz-ipa\helpdeskz-ipa\hdz\framework\View\View.php(222): CodeIgniter\View\View->CodeIgniter\View\{closure}()
#14 C:\xampp\htdocs\helpdeskz-ipa\helpdeskz-ipa\hdz\framework\View\View.php(236): CodeIgniter\View\View->render('client/page_tem...', Array, true)
#15 C:\xampp\htdocs\helpdeskz-ipa\helpdeskz-ipa\hdz\framework\Common.php(1217): CodeIgniter\View\View->render('client/error', Array, true)
#16 C:\xampp\htdocs\helpdeskz-ipa\helpdeskz-ipa\hdz\app\Controllers\Kb.php(10): view('client/error', Array)
#17 C:\xampp\htdocs\helpdeskz-ipa\helpdeskz-ipa\hdz\framework\CodeIgniter.php(936): App\Controllers\Kb->error404('assets', 'admin', 'js', 'vendor-all.min....')
#18 C:\xampp\htdocs\helpdeskz-ipa\helpdeskz-ipa\hdz\framework\CodeIgniter.php(970): CodeIgniter\CodeIgniter->runController(Object(App\Controllers\Kb))
#19 C:\xampp\htdocs\helpdeskz-ipa\helpdeskz-ipa\hdz\framework\CodeIgniter.php(349): CodeIgniter\CodeIgniter->display404errors(Object(CodeIgniter\Exceptions\PageNotFoundException))
#20 C:\xampp\htdocs\helpdeskz-ipa\helpdeskz-ipa\index.php(44): CodeIgniter\CodeIgniter->run()
#21 {main}
CRITICAL - 2024-05-07 04:29:21 --> Attempt to read property "num_rows" on bool
#0 C:\xampp\htdocs\helpdeskz-ipa\helpdeskz-ipa\hdz\app\Libraries\Kb.php(74): CodeIgniter\Debug\Exceptions->errorHandler(2, 'Attempt to read...', 'C:\\xampp\\htdocs...', 74)
#1 C:\xampp\htdocs\helpdeskz-ipa\helpdeskz-ipa\hdz\app\Libraries\Kb.php(28): App\Libraries\Kb->publicCatList()
#2 C:\xampp\htdocs\helpdeskz-ipa\helpdeskz-ipa\hdz\app\Config\Services.php(41): App\Libraries\Kb->__construct()
#3 C:\xampp\htdocs\helpdeskz-ipa\helpdeskz-ipa\hdz\framework\Config\BaseService.php(100): Config\Services::kb(false)
#4 C:\xampp\htdocs\helpdeskz-ipa\helpdeskz-ipa\hdz\app\Config\Services.php(39): CodeIgniter\Config\BaseService::getSharedInstance('kb')
#5 C:\xampp\htdocs\helpdeskz-ipa\helpdeskz-ipa\hdz\app\Helpers\helpdesk_helper.php(123): Config\Services::kb()
#6 C:\xampp\htdocs\helpdeskz-ipa\helpdeskz-ipa\hdz\app\Views\client\page_template.php(39): kb_popular()
#7 C:\xampp\htdocs\helpdeskz-ipa\helpdeskz-ipa\hdz\framework\View\View.php(220): include('C:\\xampp\\htdocs...')
#8 C:\xampp\htdocs\helpdeskz-ipa\helpdeskz-ipa\hdz\framework\View\View.php(222): CodeIgniter\View\View->CodeIgniter\View\{closure}()
#9 C:\xampp\htdocs\helpdeskz-ipa\helpdeskz-ipa\hdz\framework\View\View.php(236): CodeIgniter\View\View->render('client/page_tem...', Array, true)
#10 C:\xampp\htdocs\helpdeskz-ipa\helpdeskz-ipa\hdz\framework\Common.php(1217): CodeIgniter\View\View->render('client/error', Array, true)
#11 C:\xampp\htdocs\helpdeskz-ipa\helpdeskz-ipa\hdz\app\Controllers\Kb.php(10): view('client/error', Array)
#12 C:\xampp\htdocs\helpdeskz-ipa\helpdeskz-ipa\hdz\framework\CodeIgniter.php(936): App\Controllers\Kb->error404('assets', 'admin', 'js', 'vendor-all.min....')
#13 C:\xampp\htdocs\helpdeskz-ipa\helpdeskz-ipa\hdz\framework\CodeIgniter.php(970): CodeIgniter\CodeIgniter->runController(Object(App\Controllers\Kb))
#14 C:\xampp\htdocs\helpdeskz-ipa\helpdeskz-ipa\hdz\framework\CodeIgniter.php(349): CodeIgniter\CodeIgniter->display404errors(Object(CodeIgniter\Exceptions\PageNotFoundException))
#15 C:\xampp\htdocs\helpdeskz-ipa\helpdeskz-ipa\index.php(44): CodeIgniter\CodeIgniter->run()
#16 {main}
CRITICAL - 2024-05-07 05:10:22 --> IMAP\Connection is already closed
#0 C:\xampp\htdocs\helpdeskz-ipa\helpdeskz-ipa\hdz\vendor\php-imap\php-imap\src\PhpImap\Mailbox.php(479): imap_ping(Object(IMAP\Connection))
#1 C:\xampp\htdocs\helpdeskz-ipa\helpdeskz-ipa\hdz\vendor\php-imap\php-imap\src\PhpImap\Mailbox.php(544): PhpImap\Mailbox->hasImapStream()
#2 C:\xampp\htdocs\helpdeskz-ipa\helpdeskz-ipa\hdz\vendor\php-imap\php-imap\src\PhpImap\Mailbox.php(187): PhpImap\Mailbox->disconnect()
#3 C:\xampp\htdocs\helpdeskz-ipa\helpdeskz-ipa\hdz\app\Controllers\MailFetcher.php(16): PhpImap\Mailbox->__destruct()
#4 C:\xampp\htdocs\helpdeskz-ipa\helpdeskz-ipa\hdz\framework\CodeIgniter.php(936): App\Controllers\MailFetcher->imap()
#5 C:\xampp\htdocs\helpdeskz-ipa\helpdeskz-ipa\hdz\framework\CodeIgniter.php(432): CodeIgniter\CodeIgniter->runController(Object(App\Controllers\MailFetcher))
#6 C:\xampp\htdocs\helpdeskz-ipa\helpdeskz-ipa\hdz\framework\CodeIgniter.php(333): CodeIgniter\CodeIgniter->handleRequest(NULL, Object(Config\Cache), false)
#7 C:\xampp\htdocs\helpdeskz-ipa\helpdeskz-ipa\index.php(44): CodeIgniter\CodeIgniter->run()
#8 {main}
CRITICAL - 2024-05-07 10:15:43 --> IMAP\Connection is already closed
#0 C:\xampp\htdocs\helpdeskz-ipa\helpdeskz-ipa\hdz\vendor\php-imap\php-imap\src\PhpImap\Mailbox.php(479): imap_ping(Object(IMAP\Connection))
#1 C:\xampp\htdocs\helpdeskz-ipa\helpdeskz-ipa\hdz\vendor\php-imap\php-imap\src\PhpImap\Mailbox.php(544): PhpImap\Mailbox->hasImapStream()
#2 C:\xampp\htdocs\helpdeskz-ipa\helpdeskz-ipa\hdz\vendor\php-imap\php-imap\src\PhpImap\Mailbox.php(187): PhpImap\Mailbox->disconnect()
#3 C:\xampp\htdocs\helpdeskz-ipa\helpdeskz-ipa\hdz\app\Controllers\MailFetcher.php(16): PhpImap\Mailbox->__destruct()
#4 C:\xampp\htdocs\helpdeskz-ipa\helpdeskz-ipa\hdz\framework\CodeIgniter.php(936): App\Controllers\MailFetcher->imap()
#5 C:\xampp\htdocs\helpdeskz-ipa\helpdeskz-ipa\hdz\framework\CodeIgniter.php(432): CodeIgniter\CodeIgniter->runController(Object(App\Controllers\MailFetcher))
#6 C:\xampp\htdocs\helpdeskz-ipa\helpdeskz-ipa\hdz\framework\CodeIgniter.php(333): CodeIgniter\CodeIgniter->handleRequest(NULL, Object(Config\Cache), false)
#7 C:\xampp\htdocs\helpdeskz-ipa\helpdeskz-ipa\index.php(44): CodeIgniter\CodeIgniter->run()
#8 {main}
