CRITICAL - 2024-05-03 02:10:03 --> IMAP\Connection is already closed
#0 C:\xampp\htdocs\helpdeskz-ipa\helpdeskz-ipa\hdz\vendor\php-imap\php-imap\src\PhpImap\Mailbox.php(479): imap_ping(Object(IMAP\Connection))
#1 C:\xampp\htdocs\helpdeskz-ipa\helpdeskz-ipa\hdz\vendor\php-imap\php-imap\src\PhpImap\Mailbox.php(544): PhpImap\Mailbox->hasImapStream()
#2 C:\xampp\htdocs\helpdeskz-ipa\helpdeskz-ipa\hdz\vendor\php-imap\php-imap\src\PhpImap\Mailbox.php(187): PhpImap\Mailbox->disconnect()
#3 C:\xampp\htdocs\helpdeskz-ipa\helpdeskz-ipa\hdz\app\Controllers\MailFetcher.php(16): PhpImap\Mailbox->__destruct()
#4 C:\xampp\htdocs\helpdeskz-ipa\helpdeskz-ipa\hdz\framework\CodeIgniter.php(936): App\Controllers\MailFetcher->imap()
#5 C:\xampp\htdocs\helpdeskz-ipa\helpdeskz-ipa\hdz\framework\CodeIgniter.php(432): CodeIgniter\CodeIgniter->runController(Object(App\Controllers\MailFetcher))
#6 C:\xampp\htdocs\helpdeskz-ipa\helpdeskz-ipa\hdz\framework\CodeIgniter.php(333): CodeIgniter\CodeIgniter->handleRequest(NULL, Object(Config\Cache), false)
#7 C:\xampp\htdocs\helpdeskz-ipa\helpdeskz-ipa\index.php(44): CodeIgniter\CodeIgniter->run()
#8 {main}
CRITICAL - 2024-05-03 04:28:49 --> IMAP\Connection is already closed
#0 C:\xampp\htdocs\helpdeskz-ipa\helpdeskz-ipa\hdz\vendor\php-imap\php-imap\src\PhpImap\Mailbox.php(479): imap_ping(Object(IMAP\Connection))
#1 C:\xampp\htdocs\helpdeskz-ipa\helpdeskz-ipa\hdz\vendor\php-imap\php-imap\src\PhpImap\Mailbox.php(544): PhpImap\Mailbox->hasImapStream()
#2 C:\xampp\htdocs\helpdeskz-ipa\helpdeskz-ipa\hdz\vendor\php-imap\php-imap\src\PhpImap\Mailbox.php(187): PhpImap\Mailbox->disconnect()
#3 C:\xampp\htdocs\helpdeskz-ipa\helpdeskz-ipa\hdz\app\Controllers\MailFetcher.php(16): PhpImap\Mailbox->__destruct()
#4 C:\xampp\htdocs\helpdeskz-ipa\helpdeskz-ipa\hdz\framework\CodeIgniter.php(936): App\Controllers\MailFetcher->imap()
#5 C:\xampp\htdocs\helpdeskz-ipa\helpdeskz-ipa\hdz\framework\CodeIgniter.php(432): CodeIgniter\CodeIgniter->runController(Object(App\Controllers\MailFetcher))
#6 C:\xampp\htdocs\helpdeskz-ipa\helpdeskz-ipa\hdz\framework\CodeIgniter.php(333): CodeIgniter\CodeIgniter->handleRequest(NULL, Object(Config\Cache), false)
#7 C:\xampp\htdocs\helpdeskz-ipa\helpdeskz-ipa\index.php(44): CodeIgniter\CodeIgniter->run()
#8 {main}
ERROR - 2024-05-03 09:58:53 --> Error connecting to the database: No connection could be made because the target machine actively refused it
CRITICAL - 2024-05-03 09:58:53 --> Unable to connect to the database.
#0 C:\xampp\htdocs\helpdeskz-ipa\helpdeskz-ipa\hdz\framework\Database\BaseConnection.php(618): CodeIgniter\Database\BaseConnection->initialize()
#1 C:\xampp\htdocs\helpdeskz-ipa\helpdeskz-ipa\hdz\framework\Database\BaseBuilder.php(1866): CodeIgniter\Database\BaseConnection->query('SELECT *\nFROM `...', Array, false)
#2 C:\xampp\htdocs\helpdeskz-ipa\helpdeskz-ipa\hdz\app\Libraries\Settings.php(20): CodeIgniter\Database\BaseBuilder->get()
#3 C:\xampp\htdocs\helpdeskz-ipa\helpdeskz-ipa\hdz\app\Controllers\BaseController.php(71): App\Libraries\Settings->config('maintenance')
#4 C:\xampp\htdocs\helpdeskz-ipa\helpdeskz-ipa\hdz\framework\CodeIgniter.php(909): App\Controllers\BaseController->initController(Object(CodeIgniter\HTTP\IncomingRequest), Object(CodeIgniter\HTTP\Response), Object(CodeIgniter\Log\Logger))
#5 C:\xampp\htdocs\helpdeskz-ipa\helpdeskz-ipa\hdz\framework\CodeIgniter.php(422): CodeIgniter\CodeIgniter->createController()
#6 C:\xampp\htdocs\helpdeskz-ipa\helpdeskz-ipa\hdz\framework\CodeIgniter.php(333): CodeIgniter\CodeIgniter->handleRequest(NULL, Object(Config\Cache), false)
#7 C:\xampp\htdocs\helpdeskz-ipa\helpdeskz-ipa\index.php(44): CodeIgniter\CodeIgniter->run()
#8 {main}
ERROR - 2024-05-03 09:59:53 --> Error connecting to the database: No connection could be made because the target machine actively refused it
CRITICAL - 2024-05-03 09:59:53 --> Unable to connect to the database.
#0 C:\xampp\htdocs\helpdeskz-ipa\helpdeskz-ipa\hdz\framework\Database\BaseConnection.php(618): CodeIgniter\Database\BaseConnection->initialize()
#1 C:\xampp\htdocs\helpdeskz-ipa\helpdeskz-ipa\hdz\framework\Database\BaseBuilder.php(1866): CodeIgniter\Database\BaseConnection->query('SELECT *\nFROM `...', Array, false)
#2 C:\xampp\htdocs\helpdeskz-ipa\helpdeskz-ipa\hdz\app\Libraries\Settings.php(20): CodeIgniter\Database\BaseBuilder->get()
#3 C:\xampp\htdocs\helpdeskz-ipa\helpdeskz-ipa\hdz\app\Controllers\BaseController.php(71): App\Libraries\Settings->config('maintenance')
#4 C:\xampp\htdocs\helpdeskz-ipa\helpdeskz-ipa\hdz\framework\CodeIgniter.php(909): App\Controllers\BaseController->initController(Object(CodeIgniter\HTTP\IncomingRequest), Object(CodeIgniter\HTTP\Response), Object(CodeIgniter\Log\Logger))
#5 C:\xampp\htdocs\helpdeskz-ipa\helpdeskz-ipa\hdz\framework\CodeIgniter.php(422): CodeIgniter\CodeIgniter->createController()
#6 C:\xampp\htdocs\helpdeskz-ipa\helpdeskz-ipa\hdz\framework\CodeIgniter.php(333): CodeIgniter\CodeIgniter->handleRequest(NULL, Object(Config\Cache), false)
#7 C:\xampp\htdocs\helpdeskz-ipa\helpdeskz-ipa\index.php(44): CodeIgniter\CodeIgniter->run()
#8 {main}
ERROR - 2024-05-03 10:00:53 --> Error connecting to the database: No connection could be made because the target machine actively refused it
CRITICAL - 2024-05-03 10:00:53 --> Unable to connect to the database.
#0 C:\xampp\htdocs\helpdeskz-ipa\helpdeskz-ipa\hdz\framework\Database\BaseConnection.php(618): CodeIgniter\Database\BaseConnection->initialize()
#1 C:\xampp\htdocs\helpdeskz-ipa\helpdeskz-ipa\hdz\framework\Database\BaseBuilder.php(1866): CodeIgniter\Database\BaseConnection->query('SELECT *\nFROM `...', Array, false)
#2 C:\xampp\htdocs\helpdeskz-ipa\helpdeskz-ipa\hdz\app\Libraries\Settings.php(20): CodeIgniter\Database\BaseBuilder->get()
#3 C:\xampp\htdocs\helpdeskz-ipa\helpdeskz-ipa\hdz\app\Controllers\BaseController.php(71): App\Libraries\Settings->config('maintenance')
#4 C:\xampp\htdocs\helpdeskz-ipa\helpdeskz-ipa\hdz\framework\CodeIgniter.php(909): App\Controllers\BaseController->initController(Object(CodeIgniter\HTTP\IncomingRequest), Object(CodeIgniter\HTTP\Response), Object(CodeIgniter\Log\Logger))
#5 C:\xampp\htdocs\helpdeskz-ipa\helpdeskz-ipa\hdz\framework\CodeIgniter.php(422): CodeIgniter\CodeIgniter->createController()
#6 C:\xampp\htdocs\helpdeskz-ipa\helpdeskz-ipa\hdz\framework\CodeIgniter.php(333): CodeIgniter\CodeIgniter->handleRequest(NULL, Object(Config\Cache), false)
#7 C:\xampp\htdocs\helpdeskz-ipa\helpdeskz-ipa\index.php(44): CodeIgniter\CodeIgniter->run()
#8 {main}
ERROR - 2024-05-03 10:01:53 --> Error connecting to the database: No connection could be made because the target machine actively refused it
CRITICAL - 2024-05-03 10:01:53 --> Unable to connect to the database.
#0 C:\xampp\htdocs\helpdeskz-ipa\helpdeskz-ipa\hdz\framework\Database\BaseConnection.php(618): CodeIgniter\Database\BaseConnection->initialize()
#1 C:\xampp\htdocs\helpdeskz-ipa\helpdeskz-ipa\hdz\framework\Database\BaseBuilder.php(1866): CodeIgniter\Database\BaseConnection->query('SELECT *\nFROM `...', Array, false)
#2 C:\xampp\htdocs\helpdeskz-ipa\helpdeskz-ipa\hdz\app\Libraries\Settings.php(20): CodeIgniter\Database\BaseBuilder->get()
#3 C:\xampp\htdocs\helpdeskz-ipa\helpdeskz-ipa\hdz\app\Controllers\BaseController.php(71): App\Libraries\Settings->config('maintenance')
#4 C:\xampp\htdocs\helpdeskz-ipa\helpdeskz-ipa\hdz\framework\CodeIgniter.php(909): App\Controllers\BaseController->initController(Object(CodeIgniter\HTTP\IncomingRequest), Object(CodeIgniter\HTTP\Response), Object(CodeIgniter\Log\Logger))
#5 C:\xampp\htdocs\helpdeskz-ipa\helpdeskz-ipa\hdz\framework\CodeIgniter.php(422): CodeIgniter\CodeIgniter->createController()
#6 C:\xampp\htdocs\helpdeskz-ipa\helpdeskz-ipa\hdz\framework\CodeIgniter.php(333): CodeIgniter\CodeIgniter->handleRequest(NULL, Object(Config\Cache), false)
#7 C:\xampp\htdocs\helpdeskz-ipa\helpdeskz-ipa\index.php(44): CodeIgniter\CodeIgniter->run()
#8 {main}
ERROR - 2024-05-03 10:02:53 --> Error connecting to the database: No connection could be made because the target machine actively refused it
CRITICAL - 2024-05-03 10:02:53 --> Unable to connect to the database.
#0 C:\xampp\htdocs\helpdeskz-ipa\helpdeskz-ipa\hdz\framework\Database\BaseConnection.php(618): CodeIgniter\Database\BaseConnection->initialize()
#1 C:\xampp\htdocs\helpdeskz-ipa\helpdeskz-ipa\hdz\framework\Database\BaseBuilder.php(1866): CodeIgniter\Database\BaseConnection->query('SELECT *\nFROM `...', Array, false)
#2 C:\xampp\htdocs\helpdeskz-ipa\helpdeskz-ipa\hdz\app\Libraries\Settings.php(20): CodeIgniter\Database\BaseBuilder->get()
#3 C:\xampp\htdocs\helpdeskz-ipa\helpdeskz-ipa\hdz\app\Controllers\BaseController.php(71): App\Libraries\Settings->config('maintenance')
#4 C:\xampp\htdocs\helpdeskz-ipa\helpdeskz-ipa\hdz\framework\CodeIgniter.php(909): App\Controllers\BaseController->initController(Object(CodeIgniter\HTTP\IncomingRequest), Object(CodeIgniter\HTTP\Response), Object(CodeIgniter\Log\Logger))
#5 C:\xampp\htdocs\helpdeskz-ipa\helpdeskz-ipa\hdz\framework\CodeIgniter.php(422): CodeIgniter\CodeIgniter->createController()
#6 C:\xampp\htdocs\helpdeskz-ipa\helpdeskz-ipa\hdz\framework\CodeIgniter.php(333): CodeIgniter\CodeIgniter->handleRequest(NULL, Object(Config\Cache), false)
#7 C:\xampp\htdocs\helpdeskz-ipa\helpdeskz-ipa\index.php(44): CodeIgniter\CodeIgniter->run()
#8 {main}
ERROR - 2024-05-03 10:03:53 --> Error connecting to the database: No connection could be made because the target machine actively refused it
CRITICAL - 2024-05-03 10:03:53 --> Unable to connect to the database.
#0 C:\xampp\htdocs\helpdeskz-ipa\helpdeskz-ipa\hdz\framework\Database\BaseConnection.php(618): CodeIgniter\Database\BaseConnection->initialize()
#1 C:\xampp\htdocs\helpdeskz-ipa\helpdeskz-ipa\hdz\framework\Database\BaseBuilder.php(1866): CodeIgniter\Database\BaseConnection->query('SELECT *\nFROM `...', Array, false)
#2 C:\xampp\htdocs\helpdeskz-ipa\helpdeskz-ipa\hdz\app\Libraries\Settings.php(20): CodeIgniter\Database\BaseBuilder->get()
#3 C:\xampp\htdocs\helpdeskz-ipa\helpdeskz-ipa\hdz\app\Controllers\BaseController.php(71): App\Libraries\Settings->config('maintenance')
#4 C:\xampp\htdocs\helpdeskz-ipa\helpdeskz-ipa\hdz\framework\CodeIgniter.php(909): App\Controllers\BaseController->initController(Object(CodeIgniter\HTTP\IncomingRequest), Object(CodeIgniter\HTTP\Response), Object(CodeIgniter\Log\Logger))
#5 C:\xampp\htdocs\helpdeskz-ipa\helpdeskz-ipa\hdz\framework\CodeIgniter.php(422): CodeIgniter\CodeIgniter->createController()
#6 C:\xampp\htdocs\helpdeskz-ipa\helpdeskz-ipa\hdz\framework\CodeIgniter.php(333): CodeIgniter\CodeIgniter->handleRequest(NULL, Object(Config\Cache), false)
#7 C:\xampp\htdocs\helpdeskz-ipa\helpdeskz-ipa\index.php(44): CodeIgniter\CodeIgniter->run()
#8 {main}
